2025-05-30 12:53:10,461 - INFO - Fetched 10 items. Total: 10
2025-05-30 12:53:12,044 - INFO - Fetched 10 items. Total: 20
2025-05-30 12:53:13,650 - INFO - Fetched 10 items. Total: 30
2025-05-30 12:53:15,148 - INFO - Fetched 10 items. Total: 40
2025-05-30 12:53:16,786 - INFO - Fetched 10 items. Total: 50
2025-05-30 12:53:17,995 - INFO - Fetched 10 items. Total: 60
2025-05-30 12:53:19,173 - INFO - Fetched 10 items. Total: 70
2025-05-30 12:53:20,313 - INFO - Fetched 10 items. Total: 80
2025-05-30 12:53:21,462 - INFO - Fetched 10 items. Total: 90
2025-05-30 12:53:22,648 - INFO - Fetched 10 items. Total: 100
2025-05-30 12:53:24,011 - INFO - Fetched 10 items. Total: 110
2025-05-30 12:53:25,178 - INFO - Fetched 10 items. Total: 120
2025-05-30 12:53:26,805 - INFO - Fetched 10 items. Total: 130
2025-05-30 12:53:27,996 - INFO - Fetched 10 items. Total: 140
2025-05-30 12:53:29,145 - INFO - Fetched 10 items. Total: 150
2025-05-30 12:53:30,384 - INFO - Fetched 10 items. Total: 160
2025-05-30 12:53:31,537 - INFO - Fetched 10 items. Total: 170
2025-05-30 12:53:32,950 - INFO - Fetched 10 items. Total: 180
2025-05-30 12:53:34,111 - INFO - Fetched 10 items. Total: 190
2025-05-30 12:53:35,241 - INFO - Fetched 10 items. Total: 200
2025-05-30 12:53:36,254 - INFO - Rate limit reached. Sleeping for 33.99 seconds
2025-05-30 12:54:10,386 - INFO - Fetched 10 items. Total: 210
2025-05-30 12:54:11,537 - INFO - Fetched 10 items. Total: 220
2025-05-30 12:54:12,708 - INFO - Fetched 10 items. Total: 230
2025-05-30 12:54:13,857 - INFO - Fetched 10 items. Total: 240
2025-05-30 12:54:15,283 - INFO - Fetched 10 items. Total: 250
2025-05-30 12:54:16,408 - ERROR - Error fetching items: 'NoneType' object has no attribute 'get'
2025-05-30 12:54:21,503 - ERROR - Error fetching items: 'NoneType' object has no attribute 'get'
2025-05-30 12:54:26,634 - ERROR - Error fetching items: 'NoneType' object has no attribute 'get'
2025-05-30 12:54:31,810 - ERROR - Error fetching items: 'NoneType' object has no attribute 'get'
2025-05-30 12:54:36,911 - ERROR - Error fetching items: 'NoneType' object has no attribute 'get'
2025-05-30 12:54:42,067 - ERROR - Error fetching items: 'NoneType' object has no attribute 'get'
2025-05-30 12:54:47,163 - ERROR - Error fetching items: 'NoneType' object has no attribute 'get'
2025-05-30 12:54:52,302 - ERROR - Error fetching items: 'NoneType' object has no attribute 'get'
2025-05-30 12:54:57,410 - ERROR - Error fetching items: 'NoneType' object has no attribute 'get'
2025-05-30 12:55:02,515 - ERROR - Error fetching items: 'NoneType' object has no attribute 'get'
2025-05-30 12:55:07,620 - ERROR - Error fetching items: 'NoneType' object has no attribute 'get'
2025-05-30 12:55:12,734 - ERROR - Error fetching items: 'NoneType' object has no attribute 'get'
2025-05-30 12:55:17,860 - ERROR - Error fetching items: 'NoneType' object has no attribute 'get'
2025-05-30 12:55:22,957 - ERROR - Error fetching items: 'NoneType' object has no attribute 'get'
2025-05-30 12:55:28,068 - ERROR - Error fetching items: 'NoneType' object has no attribute 'get'
2025-05-30 12:55:33,196 - ERROR - Error fetching items: 'NoneType' object has no attribute 'get'
2025-05-30 12:55:38,293 - ERROR - Error fetching items: 'NoneType' object has no attribute 'get'
2025-05-30 12:55:43,628 - ERROR - Error fetching items: 'NoneType' object has no attribute 'get'
2025-05-30 12:55:48,729 - ERROR - Error fetching items: 'NoneType' object has no attribute 'get'
2025-05-30 12:55:53,839 - ERROR - Error fetching items: 'NoneType' object has no attribute 'get'
2025-05-30 12:55:58,946 - ERROR - Error fetching items: 'NoneType' object has no attribute 'get'
2025-05-30 12:56:04,061 - ERROR - Error fetching items: 'NoneType' object has no attribute 'get'
2025-05-30 12:56:09,168 - ERROR - Error fetching items: 'NoneType' object has no attribute 'get'
2025-05-30 12:56:14,273 - ERROR - Error fetching items: 'NoneType' object has no attribute 'get'
2025-05-30 12:56:19,412 - ERROR - Error fetching items: 'NoneType' object has no attribute 'get'
2025-05-30 12:56:24,574 - ERROR - Error fetching items: 'NoneType' object has no attribute 'get'
2025-05-30 12:56:29,720 - ERROR - Error fetching items: 'NoneType' object has no attribute 'get'
2025-05-30 12:56:34,826 - ERROR - Error fetching items: 'NoneType' object has no attribute 'get'
2025-05-30 12:56:39,928 - ERROR - Error fetching items: 'NoneType' object has no attribute 'get'
2025-05-30 12:56:45,135 - ERROR - Error fetching items: 'NoneType' object has no attribute 'get'
2025-05-30 13:01:45,841 - INFO - Fetched 10 items. Total: 10
2025-05-30 13:01:56,290 - INFO - Fetched 10 items. Total: 20
2025-05-30 13:02:06,806 - INFO - Fetched 10 items. Total: 30
2025-05-30 13:02:17,010 - INFO - Fetched 10 items. Total: 40
2025-05-30 13:02:31,931 - INFO - Fetched 10 items. Total: 50
2025-05-30 13:02:42,728 - INFO - Fetched 10 items. Total: 60
2025-05-30 13:02:53,607 - INFO - Fetched 10 items. Total: 70
2025-05-30 13:03:04,257 - INFO - Fetched 10 items. Total: 80
2025-05-30 13:03:14,942 - INFO - Fetched 10 items. Total: 90
2025-05-30 13:03:25,369 - INFO - Fetched 10 items. Total: 100
2025-05-30 13:03:35,715 - INFO - Fetched 10 items. Total: 110
2025-05-30 13:03:45,975 - INFO - Fetched 10 items. Total: 120
2025-05-30 13:03:56,329 - INFO - Fetched 10 items. Total: 130
2025-05-30 13:04:07,125 - INFO - Fetched 10 items. Total: 140
2025-05-30 13:04:17,663 - INFO - Fetched 10 items. Total: 150
2025-05-30 13:04:37,791 - INFO - No more items to fetch
2025-05-30 13:04:55,722 - INFO - Rate limit reached. Sleeping for 0.26 seconds
2025-05-30 13:05:18,786 - INFO - Rate limit reached. Sleeping for 37.20 seconds
2025-05-30 13:06:18,830 - INFO - Rate limit reached. Sleeping for 37.17 seconds
2025-05-30 13:07:13,799 - WARNING - Not enough data to train model for item 41
2025-05-30 13:07:13,801 - WARNING - Not enough data to train model for item 95
2025-05-30 13:07:13,802 - WARNING - Not enough data to train model for item 8
2025-05-30 13:07:13,803 - WARNING - Not enough data to train model for item 147
2025-05-30 13:07:13,805 - WARNING - Not enough data to train model for item 133
2025-05-30 13:07:13,807 - WARNING - Not enough data to train model for item 79
2025-05-30 13:07:13,808 - WARNING - Not enough data to train model for item 149
2025-05-30 13:07:13,810 - WARNING - Not enough data to train model for item 102
2025-05-30 13:07:13,812 - WARNING - Not enough data to train model for item 92
2025-05-30 13:07:13,814 - WARNING - Not enough data to train model for item 128
2025-05-30 13:07:13,814 - WARNING - Not enough data to train model for item 42
2025-05-30 13:07:13,816 - WARNING - Not enough data to train model for item 7
2025-05-30 13:07:13,817 - WARNING - Not enough data to train model for item 132
2025-05-30 13:07:13,819 - WARNING - Not enough data to train model for item 130
2025-05-30 13:07:13,820 - WARNING - Not enough data to train model for item 91
2025-05-30 13:07:13,822 - WARNING - Not enough data to train model for item 121
2025-05-30 13:07:13,823 - WARNING - Not enough data to train model for item 125
2025-05-30 13:07:13,825 - WARNING - Not enough data to train model for item 144
2025-05-30 13:07:13,826 - WARNING - Not enough data to train model for item 107
2025-05-30 13:07:13,828 - WARNING - Not enough data to train model for item 110
2025-05-30 13:07:13,829 - WARNING - Not enough data to train model for item 126
2025-05-30 13:07:13,831 - WARNING - Not enough data to train model for item 3
2025-05-30 13:07:13,832 - WARNING - Not enough data to train model for item 137
2025-05-30 13:07:13,834 - WARNING - Not enough data to train model for item 10
2025-05-30 13:07:13,835 - WARNING - Not enough data to train model for item 105
2025-05-30 13:07:13,837 - WARNING - Not enough data to train model for item 78
2025-05-30 13:07:13,838 - WARNING - Not enough data to train model for item 76
2025-05-30 13:07:13,840 - WARNING - Not enough data to train model for item 143
2025-05-30 13:07:13,841 - WARNING - Not enough data to train model for item 106
2025-05-30 13:07:13,843 - WARNING - Not enough data to train model for item 98
2025-05-30 13:07:13,844 - WARNING - Not enough data to train model for item 9
2025-05-30 13:07:13,846 - WARNING - Not enough data to train model for item 127
2025-05-30 13:07:13,848 - WARNING - Not enough data to train model for item 131
2025-05-30 13:07:13,849 - WARNING - Not enough data to train model for item 103
2025-05-30 13:07:13,850 - WARNING - Not enough data to train model for item 94
2025-05-30 13:07:13,852 - WARNING - Not enough data to train model for item 50
2025-05-30 13:07:13,854 - WARNING - Not enough data to train model for item 135
2025-05-30 13:07:13,855 - WARNING - Not enough data to train model for item 80
2025-05-30 13:07:13,857 - WARNING - Not enough data to train model for item 122
2025-05-30 13:07:13,858 - WARNING - Not enough data to train model for item 139
2025-05-30 13:07:13,859 - WARNING - Not enough data to train model for item 109
2025-05-30 13:07:13,861 - WARNING - Not enough data to train model for item 96
2025-05-30 13:07:13,863 - WARNING - Not enough data to train model for item 129
2025-05-30 13:07:13,864 - WARNING - Not enough data to train model for item 48
2025-05-30 13:07:13,865 - WARNING - Not enough data to train model for item 148
2025-05-30 13:07:13,867 - WARNING - Not enough data to train model for item 138
2025-05-30 13:07:13,868 - WARNING - Not enough data to train model for item 1
2025-05-30 13:07:13,870 - WARNING - Not enough data to train model for item 93
2025-05-30 13:07:13,871 - WARNING - Not enough data to train model for item 140
2025-05-30 13:07:13,872 - WARNING - Not enough data to train model for item 4
2025-05-30 13:07:13,874 - WARNING - Not enough data to train model for item 145
2025-05-30 13:07:13,875 - WARNING - Not enough data to train model for item 134
2025-05-30 13:07:13,877 - WARNING - Not enough data to train model for item 100
2025-05-30 13:07:13,878 - WARNING - Not enough data to train model for item 101
2025-05-30 13:07:13,879 - WARNING - Not enough data to train model for item 97
2025-05-30 13:07:13,882 - WARNING - Not enough data to train model for item 75
2025-05-30 13:07:13,883 - WARNING - Not enough data to train model for item 104
2025-05-30 13:07:13,884 - WARNING - Not enough data to train model for item 49
2025-05-30 13:07:13,886 - WARNING - Not enough data to train model for item 99
2025-05-30 13:07:13,887 - WARNING - Not enough data to train model for item 142
2025-05-30 13:07:13,889 - WARNING - Not enough data to train model for item 136
2025-05-30 13:07:13,891 - WARNING - Not enough data to train model for item 150
2025-05-30 13:07:13,892 - WARNING - Not enough data to train model for item 108
2025-05-30 13:07:13,893 - WARNING - Not enough data to train model for item 5
2025-05-30 13:07:13,895 - WARNING - Not enough data to train model for item 123
2025-05-30 13:07:13,897 - WARNING - Not enough data to train model for item 146
2025-05-30 13:07:13,898 - WARNING - Not enough data to train model for item 47
2025-05-30 13:07:13,899 - WARNING - Not enough data to train model for item 6
2025-05-30 13:07:13,901 - WARNING - Not enough data to train model for item 124
2025-05-30 13:07:13,903 - WARNING - Not enough data to train model for item 77
2025-05-30 13:07:13,905 - WARNING - Not enough data to train model for item 141
2025-05-30 13:07:13,906 - WARNING - Not enough data to train model for item 2
2025-06-01 17:57:07,925 - INFO - [31m[1mWARNING: This is a development server. Do not use it in a production deployment. Use a production WSGI server instead.[0m
 * Running on http://127.0.0.1:5000
2025-06-01 17:57:07,926 - INFO - [33mPress CTRL+C to quit[0m
2025-06-01 17:57:07,934 - INFO -  * Restarting with stat
2025-06-01 17:57:09,298 - WARNING -  * Debugger is active!
2025-06-01 17:57:09,303 - INFO -  * Debugger PIN: 714-805-084
2025-06-01 17:58:29,278 - INFO - 127.0.0.1 - - [01/Jun/2025 17:58:29] "[33mGET /favicon.ico HTTP/1.1[0m" 404 -
2025-06-01 17:58:31,958 - INFO - 127.0.0.1 - - [01/Jun/2025 17:58:31] "POST /clear_cart HTTP/1.1" 200 -
2025-06-01 17:58:32,318 - INFO - 127.0.0.1 - - [01/Jun/2025 17:58:32] "GET /cart HTTP/1.1" 200 -
2025-06-01 17:58:32,840 - INFO - 127.0.0.1 - - [01/Jun/2025 17:58:32] "GET / HTTP/1.1" 200 -
2025-06-01 17:58:32,934 - INFO - 127.0.0.1 - - [01/Jun/2025 17:58:32] "[35m[1mGET /items?game=csgo HTTP/1.1[0m" 500 -
2025-06-01 17:58:35,048 - INFO - 127.0.0.1 - - [01/Jun/2025 17:58:35] "[35m[1mGET /items?game=maplestory HTTP/1.1[0m" 500 -
2025-06-01 17:58:36,178 - INFO - Fetched 10 items. Total: 10
2025-06-01 17:58:38,879 - INFO - 127.0.0.1 - - [01/Jun/2025 17:58:38] "[35m[1mGET /items?game=csgo HTTP/1.1[0m" 500 -
2025-06-01 17:58:40,982 - INFO - 127.0.0.1 - - [01/Jun/2025 17:58:40] "GET / HTTP/1.1" 200 -
2025-06-01 17:58:42,152 - INFO - 127.0.0.1 - - [01/Jun/2025 17:58:42] "[35m[1mGET /items?game=csgo HTTP/1.1[0m" 500 -
2025-06-01 17:58:43,038 - INFO - Fetched 10 items. Total: 10
2025-06-01 17:58:46,477 - INFO - Fetched 10 items. Total: 20
2025-06-01 17:58:51,601 - INFO - 127.0.0.1 - - [01/Jun/2025 17:58:51] "GET / HTTP/1.1" 200 -
2025-06-01 17:58:53,285 - INFO - 127.0.0.1 - - [01/Jun/2025 17:58:53] "[35m[1mGET /items?game=csgo HTTP/1.1[0m" 500 -
2025-06-01 17:58:53,806 - INFO - Fetched 10 items. Total: 20
2025-06-01 17:58:56,195 - INFO - Fetched 10 items. Total: 10
2025-06-01 17:58:56,970 - INFO - Fetched 10 items. Total: 30
2025-06-01 17:59:04,003 - INFO - Fetched 10 items. Total: 30
2025-06-01 17:59:06,322 - INFO - Fetched 10 items. Total: 20
2025-06-01 17:59:07,219 - INFO - Fetched 10 items. Total: 40
2025-06-01 17:59:12,124 - INFO - 127.0.0.1 - - [01/Jun/2025 17:59:12] "GET / HTTP/1.1" 200 -
2025-06-01 17:59:14,225 - INFO - Fetched 10 items. Total: 40
2025-06-01 17:59:14,579 - INFO - 127.0.0.1 - - [01/Jun/2025 17:59:14] "[35m[1mGET /items?game=csgo HTTP/1.1[0m" 500 -
2025-06-01 17:59:16,473 - INFO - Fetched 10 items. Total: 30
2025-06-01 17:59:17,376 - INFO - Fetched 10 items. Total: 50
2025-06-01 17:59:24,410 - INFO - Fetched 10 items. Total: 50
2025-06-01 17:59:26,633 - INFO - Fetched 10 items. Total: 40
2025-06-01 17:59:27,694 - INFO - Fetched 10 items. Total: 60
2025-06-01 17:59:34,719 - INFO - Fetched 10 items. Total: 60
2025-06-01 17:59:36,759 - INFO - Fetched 10 items. Total: 50
2025-06-01 17:59:37,994 - INFO - Fetched 10 items. Total: 70
2025-06-01 17:59:44,913 - INFO - Fetched 10 items. Total: 70
2025-06-01 17:59:47,166 - INFO - Fetched 10 items. Total: 60
2025-06-01 17:59:48,250 - INFO - Fetched 10 items. Total: 80
2025-06-01 17:59:55,433 - INFO - Fetched 10 items. Total: 80
2025-06-01 17:59:57,378 - INFO - Fetched 10 items. Total: 70
2025-06-01 17:59:58,522 - INFO - Fetched 10 items. Total: 90
2025-06-01 18:00:05,579 - INFO - Fetched 10 items. Total: 90
2025-06-01 18:00:07,472 - ERROR - API returned status code 429
2025-06-01 18:00:08,633 - ERROR - API returned status code 429
2025-06-01 18:00:12,594 - ERROR - API returned status code 429
2025-06-01 18:00:13,740 - ERROR - API returned status code 429
2025-06-01 18:00:15,688 - ERROR - API returned status code 429
2025-06-01 18:00:17,791 - ERROR - API returned status code 429
2025-06-01 18:00:18,855 - ERROR - API returned status code 429
2025-06-01 18:00:20,807 - ERROR - API returned status code 429
2025-06-01 18:00:22,961 - ERROR - API returned status code 429
2025-06-01 18:00:23,980 - ERROR - API returned status code 429
2025-06-01 18:00:25,930 - ERROR - API returned status code 429
2025-06-01 18:00:28,303 - ERROR - API returned status code 429
2025-06-01 18:00:28,303 - ERROR - Too many consecutive errors, stopping fetch
2025-06-01 18:00:28,304 - ERROR - Error storing item Operation Bravo Case: table items has no column named game_id
2025-06-01 18:00:28,305 - ERROR - Error storing item Glove Case: table items has no column named game_id
2025-06-01 18:00:28,305 - ERROR - Error storing item Danger Zone Case: table items has no column named game_id
2025-06-01 18:00:28,305 - ERROR - Error storing item Prisma Case: table items has no column named game_id
2025-06-01 18:00:28,306 - ERROR - Error storing item Fracture Case: table items has no column named game_id
2025-06-01 18:00:28,306 - ERROR - Error storing item Dreams & Nightmares Case: table items has no column named game_id
2025-06-01 18:00:28,307 - ERROR - Error storing item Recoil Case: table items has no column named game_id
2025-06-01 18:00:28,307 - ERROR - Error storing item Revolution Case: table items has no column named game_id
2025-06-01 18:00:28,308 - ERROR - Error storing item Kilowatt Case: table items has no column named game_id
2025-06-01 18:00:28,308 - ERROR - Error storing item Fever Case: table items has no column named game_id
2025-06-01 18:00:28,308 - ERROR - Error storing item XM1014 | Entombed (Factory New): table items has no column named game_id
2025-06-01 18:00:28,309 - ERROR - Error storing item XM1014 | Entombed (Minimal Wear): table items has no column named game_id
2025-06-01 18:00:28,309 - ERROR - Error storing item StatTrak™ USP-S | Guardian (Field-Tested): table items has no column named game_id
2025-06-01 18:00:28,309 - ERROR - Error storing item AK-47 | Slate (Battle-Scarred): table items has no column named game_id
2025-06-01 18:00:28,310 - ERROR - Error storing item M4A4 | Tooth Fairy (Field-Tested): table items has no column named game_id
2025-06-01 18:00:28,310 - ERROR - Error storing item AWP | Chrome Cannon (Minimal Wear): table items has no column named game_id
2025-06-01 18:00:28,310 - ERROR - Error storing item Markus Delrow | FBI HRT: table items has no column named game_id
2025-06-01 18:00:28,311 - ERROR - Error storing item Desert Eagle | Printstream (Minimal Wear): table items has no column named game_id
2025-06-01 18:00:28,311 - ERROR - Error storing item Huntsman Weapon Case: table items has no column named game_id
2025-06-01 18:00:28,311 - ERROR - Error storing item Sticker | Lefty (T): table items has no column named game_id
2025-06-01 18:00:28,312 - ERROR - Error storing item Desert Eagle | Tilted (Field-Tested): table items has no column named game_id
2025-06-01 18:00:28,312 - ERROR - Error storing item MP7 | Abyssal Apparition (Well-Worn): table items has no column named game_id
2025-06-01 18:00:28,313 - ERROR - Error storing item Desert Eagle | Heat Treated (Field-Tested): table items has no column named game_id
2025-06-01 18:00:28,313 - ERROR - Error storing item M4A4 | Etch Lord (Field-Tested): table items has no column named game_id
2025-06-01 18:00:28,313 - ERROR - Error storing item StatTrak™ M4A1-S | Night Terror (Minimal Wear): table items has no column named game_id
2025-06-01 18:00:28,314 - ERROR - Error storing item AK-47 | Crossfade (Minimal Wear): table items has no column named game_id
2025-06-01 18:00:28,314 - ERROR - Error storing item M4A1-S | Black Lotus (Factory New): table items has no column named game_id
2025-06-01 18:00:28,314 - ERROR - Error storing item USP-S | The Traitor (Minimal Wear): table items has no column named game_id
2025-06-01 18:00:28,315 - ERROR - Error storing item Music Kit | The Verkkars, EZ4ENCE: table items has no column named game_id
2025-06-01 18:00:28,315 - ERROR - Error storing item Sticker | MOUZ (Holo) | Austin 2025: table items has no column named game_id
2025-06-01 18:00:28,315 - ERROR - Error storing item AK-47 | Elite Build (Factory New): table items has no column named game_id
2025-06-01 18:00:28,315 - ERROR - Error storing item AK-47 | Olive Polycam (Factory New): table items has no column named game_id
2025-06-01 18:00:28,316 - ERROR - Error storing item Charm | Big Kev: table items has no column named game_id
2025-06-01 18:00:28,316 - ERROR - Error storing item M4A4 | Etch Lord (Minimal Wear): table items has no column named game_id
2025-06-01 18:00:28,316 - ERROR - Error storing item StatTrak™ M4A1-S | Night Terror (Factory New): table items has no column named game_id
2025-06-01 18:00:28,317 - ERROR - Error storing item M4A4 | Neo-Noir (Minimal Wear): table items has no column named game_id
2025-06-01 18:00:28,317 - ERROR - Error storing item AK-47 | VariCamo Grey (Field-Tested): table items has no column named game_id
2025-06-01 18:00:28,317 - ERROR - Error storing item Glock-18 | Glockingbird (Minimal Wear): table items has no column named game_id
2025-06-01 18:00:28,318 - ERROR - Error storing item Sticker | Scorch Loop (Reverse): table items has no column named game_id
2025-06-01 18:00:28,318 - ERROR - Error storing item Rio 2022 Contenders Sticker Capsule: table items has no column named game_id
2025-06-01 18:00:28,319 - ERROR - Error storing item MAG-7 | Metallic DDPAT (Factory New): table items has no column named game_id
2025-06-01 18:00:28,319 - ERROR - Error storing item MP7 | Sunbaked (Battle-Scarred): table items has no column named game_id
2025-06-01 18:00:28,319 - ERROR - Error storing item Glock-18 | Vogue (Minimal Wear): table items has no column named game_id
2025-06-01 18:00:28,320 - ERROR - Error storing item AWP | Phobos (Minimal Wear): table items has no column named game_id
2025-06-01 18:00:28,320 - ERROR - Error storing item B Squadron Officer | SAS: table items has no column named game_id
2025-06-01 18:00:28,321 - ERROR - Error storing item Glock-18 | Block-18 (Minimal Wear): table items has no column named game_id
2025-06-01 18:00:28,321 - ERROR - Error storing item AK-47 | Olive Polycam (Minimal Wear): table items has no column named game_id
2025-06-01 18:00:28,322 - ERROR - Error storing item Bio-Haz Specialist | SWAT: table items has no column named game_id
2025-06-01 18:00:28,322 - ERROR - Error storing item StatTrak™ M4A1-S | Night Terror (Battle-Scarred): table items has no column named game_id
2025-06-01 18:00:28,322 - ERROR - Error storing item Glock-18 | Wasteland Rebel (Minimal Wear): table items has no column named game_id
2025-06-01 18:00:28,323 - ERROR - Error storing item Desert Eagle | Heat Treated (Well-Worn): table items has no column named game_id
2025-06-01 18:00:28,323 - ERROR - Error storing item Glock-18 | Moonrise (Field-Tested): table items has no column named game_id
2025-06-01 18:00:28,365 - ERROR - Error storing item Glock-18 | Moonrise (Factory New): table items has no column named game_id
2025-06-01 18:00:28,365 - ERROR - Error storing item AK-47 | Phantom Disruptor (Battle-Scarred): table items has no column named game_id
2025-06-01 18:00:28,365 - ERROR - Error storing item SG 553 | Basket Halftone (Factory New): table items has no column named game_id
2025-06-01 18:00:28,366 - ERROR - Error storing item Zeus x27 | Electric Blue (Field-Tested): table items has no column named game_id
2025-06-01 18:00:28,366 - ERROR - Error storing item Glock-18 | Ocean Topo (Minimal Wear): table items has no column named game_id
2025-06-01 18:00:28,366 - ERROR - Error storing item SG 553 | Basket Halftone (Minimal Wear): table items has no column named game_id
2025-06-01 18:00:28,367 - ERROR - Error storing item Copenhagen 2024 Legends Autograph Capsule: table items has no column named game_id
2025-06-01 18:00:28,367 - ERROR - Error storing item P250 | Franklin (Field-Tested): table items has no column named game_id
2025-06-01 18:00:28,367 - ERROR - Error storing item Galil AR | Chromatic Aberration (Field-Tested): table items has no column named game_id
2025-06-01 18:00:28,368 - ERROR - Error storing item StatTrak™ USP-S | Torque (Factory New): table items has no column named game_id
2025-06-01 18:00:28,368 - ERROR - Error storing item P2000 | Marsh (Field-Tested): table items has no column named game_id
2025-06-01 18:00:28,369 - ERROR - Error storing item P90 | Mustard Gas (Field-Tested): table items has no column named game_id
2025-06-01 18:00:28,369 - ERROR - Error storing item FAMAS | Bad Trip (Minimal Wear): table items has no column named game_id
2025-06-01 18:00:28,369 - ERROR - Error storing item StatTrak™ Music Kit | Denzel Curry, ULTIMATE: table items has no column named game_id
2025-06-01 18:00:28,370 - ERROR - Error storing item Sticker | 9z Team | Antwerp 2022: table items has no column named game_id
2025-06-01 18:00:28,370 - ERROR - Error storing item Sticker | KOI (Glitter) | Copenhagen 2024: table items has no column named game_id
2025-06-01 18:00:28,370 - ERROR - Error storing item Sticker | ropz (Glitter) | Shanghai 2024: table items has no column named game_id
2025-06-01 18:00:29,099 - ERROR - API returned status code 429
2025-06-01 18:00:29,099 - ERROR - Too many consecutive errors, stopping fetch
2025-06-01 18:00:29,100 - ERROR - Error storing item Raging Lotus Wig: table items has no column named game_id
2025-06-01 18:00:29,100 - ERROR - Error storing item Glacial Spear: table items has no column named game_id
2025-06-01 18:00:29,101 - ERROR - Error storing item Teddy Picnic Shirt: table items has no column named game_id
2025-06-01 18:00:29,101 - ERROR - Error storing item Black Cube Outfit: table items has no column named game_id
2025-06-01 18:00:29,101 - ERROR - Error storing item Midnight Legacy: table items has no column named game_id
2025-06-01 18:00:29,102 - ERROR - Error storing item Sierra Grace Dress (F): table items has no column named game_id
2025-06-01 18:00:29,102 - ERROR - Error storing item Toddling Around Puppy Club: table items has no column named game_id
2025-06-01 18:00:29,102 - ERROR - Error storing item Alluring Rosy Suit: table items has no column named game_id
2025-06-01 18:00:29,103 - ERROR - Error storing item White Longsleeve With Star: table items has no column named game_id
2025-06-01 18:00:29,103 - ERROR - Error storing item Ignis: table items has no column named game_id
2025-06-01 18:00:29,103 - ERROR - Error storing item Yam-Yam Time: table items has no column named game_id
2025-06-01 18:00:29,104 - ERROR - Error storing item Sky Sea Polo Outfit (M): table items has no column named game_id
2025-06-01 18:00:29,104 - ERROR - Error storing item Enchanting Estelle: table items has no column named game_id
2025-06-01 18:00:29,105 - ERROR - Error storing item Noble Dignity: table items has no column named game_id
2025-06-01 18:00:29,105 - ERROR - Error storing item Sweet Tri-color Beanie: table items has no column named game_id
2025-06-01 18:00:29,105 - ERROR - Error storing item Ball Buddies: table items has no column named game_id
2025-06-01 18:00:29,106 - ERROR - Error storing item Lavender Shearling Longcoat: table items has no column named game_id
2025-06-01 18:00:29,106 - ERROR - Error storing item Barrier Shoes: table items has no column named game_id
2025-06-01 18:00:29,106 - ERROR - Error storing item Soft Steps: table items has no column named game_id
2025-06-01 18:00:29,107 - ERROR - Error storing item Strawberry Milk Dress: table items has no column named game_id
2025-06-01 18:00:29,107 - ERROR - Error storing item Frosty Frozen Face: table items has no column named game_id
2025-06-01 18:00:29,107 - ERROR - Error storing item Blue Beanie: table items has no column named game_id
2025-06-01 18:00:29,107 - ERROR - Error storing item Banana Outing Hat: table items has no column named game_id
2025-06-01 18:00:29,108 - ERROR - Error storing item Opening Star: table items has no column named game_id
2025-06-01 18:00:29,108 - ERROR - Error storing item Green Leaf Hat: table items has no column named game_id
2025-06-01 18:00:29,108 - ERROR - Error storing item Snow Deer Parka: table items has no column named game_id
2025-06-01 18:00:29,108 - ERROR - Error storing item Cutie Farmer Apron: table items has no column named game_id
2025-06-01 18:00:29,109 - ERROR - Error storing item Lemon Shoes: table items has no column named game_id
2025-06-01 18:00:29,109 - ERROR - Error storing item Icy Sweet Penguin: table items has no column named game_id
2025-06-01 18:00:29,109 - ERROR - Error storing item Mustachioed Beanie: table items has no column named game_id
2025-06-01 18:00:29,110 - ERROR - Error storing item Bunny Express Effect Cape: table items has no column named game_id
2025-06-01 18:00:29,110 - ERROR - Error storing item Hoi Poi T-shirt: table items has no column named game_id
2025-06-01 18:00:29,110 - ERROR - Error storing item Summer Pom Pom Straw Hat: table items has no column named game_id
2025-06-01 18:00:29,111 - ERROR - Error storing item Violet Winter Garden Hoodie: table items has no column named game_id
2025-06-01 18:00:29,111 - ERROR - Error storing item Butterfly Shoes: table items has no column named game_id
2025-06-01 18:00:29,111 - ERROR - Error storing item Cool Steps: table items has no column named game_id
2025-06-01 18:00:29,112 - ERROR - Error storing item Floaty Baseball: table items has no column named game_id
2025-06-01 18:00:29,112 - ERROR - Error storing item Bead Fairy Hat: table items has no column named game_id
2025-06-01 18:00:29,113 - ERROR - Error storing item Jolly Puppeteer: table items has no column named game_id
2025-06-01 18:00:29,113 - ERROR - Error storing item Blue Polka Dot Sunglasses: table items has no column named game_id
2025-06-01 18:00:29,113 - ERROR - Error storing item Bunny Express Effect Cape: table items has no column named game_id
2025-06-01 18:00:29,113 - ERROR - Error storing item Hoi Poi T-shirt: table items has no column named game_id
2025-06-01 18:00:29,114 - ERROR - Error storing item Summer Pom Pom Straw Hat: table items has no column named game_id
2025-06-01 18:00:29,114 - ERROR - Error storing item Violet Winter Garden Hoodie: table items has no column named game_id
2025-06-01 18:00:29,114 - ERROR - Error storing item Butterfly Shoes: table items has no column named game_id
2025-06-01 18:00:29,115 - ERROR - Error storing item Cool Steps: table items has no column named game_id
2025-06-01 18:00:29,115 - ERROR - Error storing item Floaty Baseball: table items has no column named game_id
2025-06-01 18:00:29,115 - ERROR - Error storing item Bead Fairy Hat: table items has no column named game_id
2025-06-01 18:00:29,115 - ERROR - Error storing item Jolly Puppeteer: table items has no column named game_id
2025-06-01 18:00:29,116 - ERROR - Error storing item Blue Polka Dot Sunglasses: table items has no column named game_id
2025-06-01 18:00:29,116 - ERROR - Error storing item Blue Retro Swimsuit: table items has no column named game_id
2025-06-01 18:00:29,116 - ERROR - Error storing item Bat's Bane: table items has no column named game_id
2025-06-01 18:00:29,117 - ERROR - Error storing item Memory Strand: table items has no column named game_id
2025-06-01 18:00:29,117 - ERROR - Error storing item Golden Laurel Crown: table items has no column named game_id
2025-06-01 18:00:29,117 - ERROR - Error storing item Alps Girl (F): table items has no column named game_id
2025-06-01 18:00:29,118 - ERROR - Error storing item Jawbreaker Ribbon: table items has no column named game_id
2025-06-01 18:00:29,118 - ERROR - Error storing item Pretty Teddy: table items has no column named game_id
2025-06-01 18:00:29,119 - ERROR - Error storing item Excavation Dog: table items has no column named game_id
2025-06-01 18:00:29,119 - ERROR - Error storing item Singing Chick Hat: table items has no column named game_id
2025-06-01 18:00:29,119 - ERROR - Error storing item Pineapple Bag: table items has no column named game_id
2025-06-01 18:00:29,120 - ERROR - Error storing item Pink Heart Shorts: table items has no column named game_id
2025-06-01 18:00:29,120 - ERROR - Error storing item Baseball Bat: table items has no column named game_id
2025-06-01 18:00:29,120 - ERROR - Error storing item Gargoyle Wings: table items has no column named game_id
2025-06-01 18:00:29,121 - ERROR - Error storing item Scout Member Brown Boots: table items has no column named game_id
2025-06-01 18:00:29,121 - ERROR - Error storing item Deep Sea's Echo Shoes: table items has no column named game_id
2025-06-01 18:00:29,121 - ERROR - Error storing item Enchanting Scent: table items has no column named game_id
2025-06-01 18:00:29,122 - ERROR - Error storing item Cheer Uniform (F): table items has no column named game_id
2025-06-01 18:00:29,122 - ERROR - Error storing item Squirrelbear Explorer Shoes: table items has no column named game_id
2025-06-01 18:00:29,122 - ERROR - Error storing item Island Travel Bag: table items has no column named game_id
2025-06-01 18:00:29,123 - ERROR - Error storing item Colorful Beach Pants: table items has no column named game_id
2025-06-01 18:00:29,123 - ERROR - Error storing item Yam-Yam Time: table items has no column named game_id
2025-06-01 18:00:29,123 - ERROR - Error storing item Sky Sea Polo Outfit (M): table items has no column named game_id
2025-06-01 18:00:29,123 - ERROR - Error storing item Enchanting Estelle: table items has no column named game_id
2025-06-01 18:00:29,124 - ERROR - Error storing item Noble Dignity: table items has no column named game_id
2025-06-01 18:00:29,124 - ERROR - Error storing item Sweet Tri-color Beanie: table items has no column named game_id
2025-06-01 18:00:29,124 - ERROR - Error storing item Ball Buddies: table items has no column named game_id
2025-06-01 18:00:29,125 - ERROR - Error storing item Lavender Shearling Longcoat: table items has no column named game_id
2025-06-01 18:00:29,125 - ERROR - Error storing item Barrier Shoes: table items has no column named game_id
2025-06-01 18:00:29,125 - ERROR - Error storing item Soft Steps: table items has no column named game_id
2025-06-01 18:00:29,126 - ERROR - Error storing item Strawberry Milk Dress: table items has no column named game_id
2025-06-01 18:00:29,126 - ERROR - Error storing item Bunny Express Effect Cape: table items has no column named game_id
2025-06-01 18:00:29,126 - ERROR - Error storing item Hoi Poi T-shirt: table items has no column named game_id
2025-06-01 18:00:29,127 - ERROR - Error storing item Summer Pom Pom Straw Hat: table items has no column named game_id
2025-06-01 18:00:29,127 - ERROR - Error storing item Violet Winter Garden Hoodie: table items has no column named game_id
2025-06-01 18:00:29,127 - ERROR - Error storing item Butterfly Shoes: table items has no column named game_id
2025-06-01 18:00:29,127 - ERROR - Error storing item Cool Steps: table items has no column named game_id
2025-06-01 18:00:29,128 - ERROR - Error storing item Floaty Baseball: table items has no column named game_id
2025-06-01 18:00:29,128 - ERROR - Error storing item Bead Fairy Hat: table items has no column named game_id
2025-06-01 18:00:29,128 - ERROR - Error storing item Jolly Puppeteer: table items has no column named game_id
2025-06-01 18:00:29,129 - ERROR - Error storing item Blue Polka Dot Sunglasses: table items has no column named game_id
2025-06-01 18:00:31,065 - ERROR - API returned status code 429
2025-06-01 18:00:36,179 - ERROR - API returned status code 429
2025-06-01 18:00:36,179 - ERROR - Too many consecutive errors, stopping fetch
2025-06-01 18:00:36,181 - ERROR - Error storing item Operation Bravo Case: table items has no column named game_id
2025-06-01 18:00:36,181 - ERROR - Error storing item Glove Case: table items has no column named game_id
2025-06-01 18:00:36,181 - ERROR - Error storing item Danger Zone Case: table items has no column named game_id
2025-06-01 18:00:36,182 - ERROR - Error storing item Prisma Case: table items has no column named game_id
2025-06-01 18:00:36,182 - ERROR - Error storing item Fracture Case: table items has no column named game_id
2025-06-01 18:00:36,183 - ERROR - Error storing item Dreams & Nightmares Case: table items has no column named game_id
2025-06-01 18:00:36,183 - ERROR - Error storing item Recoil Case: table items has no column named game_id
2025-06-01 18:00:36,183 - ERROR - Error storing item Revolution Case: table items has no column named game_id
2025-06-01 18:00:36,183 - ERROR - Error storing item Kilowatt Case: table items has no column named game_id
2025-06-01 18:00:36,184 - ERROR - Error storing item Fever Case: table items has no column named game_id
2025-06-01 18:00:36,184 - ERROR - Error storing item XM1014 | Entombed (Factory New): table items has no column named game_id
2025-06-01 18:00:36,184 - ERROR - Error storing item XM1014 | Entombed (Minimal Wear): table items has no column named game_id
2025-06-01 18:00:36,185 - ERROR - Error storing item StatTrak™ USP-S | Guardian (Field-Tested): table items has no column named game_id
2025-06-01 18:00:36,185 - ERROR - Error storing item AK-47 | Slate (Battle-Scarred): table items has no column named game_id
2025-06-01 18:00:36,185 - ERROR - Error storing item M4A4 | Tooth Fairy (Field-Tested): table items has no column named game_id
2025-06-01 18:00:36,186 - ERROR - Error storing item AWP | Chrome Cannon (Minimal Wear): table items has no column named game_id
2025-06-01 18:00:36,186 - ERROR - Error storing item Markus Delrow | FBI HRT: table items has no column named game_id
2025-06-01 18:00:36,187 - ERROR - Error storing item Desert Eagle | Printstream (Minimal Wear): table items has no column named game_id
2025-06-01 18:00:36,187 - ERROR - Error storing item Huntsman Weapon Case: table items has no column named game_id
2025-06-01 18:00:36,188 - ERROR - Error storing item Sticker | Lefty (T): table items has no column named game_id
2025-06-01 18:00:36,188 - ERROR - Error storing item Desert Eagle | Tilted (Field-Tested): table items has no column named game_id
2025-06-01 18:00:36,188 - ERROR - Error storing item MP7 | Abyssal Apparition (Well-Worn): table items has no column named game_id
2025-06-01 18:00:36,189 - ERROR - Error storing item Desert Eagle | Heat Treated (Field-Tested): table items has no column named game_id
2025-06-01 18:00:36,189 - ERROR - Error storing item M4A4 | Etch Lord (Field-Tested): table items has no column named game_id
2025-06-01 18:00:36,189 - ERROR - Error storing item StatTrak™ M4A1-S | Night Terror (Minimal Wear): table items has no column named game_id
2025-06-01 18:00:36,190 - ERROR - Error storing item AK-47 | Crossfade (Minimal Wear): table items has no column named game_id
2025-06-01 18:00:36,190 - ERROR - Error storing item M4A1-S | Black Lotus (Factory New): table items has no column named game_id
2025-06-01 18:00:36,190 - ERROR - Error storing item USP-S | The Traitor (Minimal Wear): table items has no column named game_id
2025-06-01 18:00:36,191 - ERROR - Error storing item Music Kit | The Verkkars, EZ4ENCE: table items has no column named game_id
2025-06-01 18:00:36,191 - ERROR - Error storing item Sticker | MOUZ (Holo) | Austin 2025: table items has no column named game_id
2025-06-01 18:00:36,191 - ERROR - Error storing item AK-47 | Elite Build (Factory New): table items has no column named game_id
2025-06-01 18:00:36,192 - ERROR - Error storing item AK-47 | Olive Polycam (Factory New): table items has no column named game_id
2025-06-01 18:00:36,192 - ERROR - Error storing item Charm | Big Kev: table items has no column named game_id
2025-06-01 18:00:36,192 - ERROR - Error storing item M4A4 | Etch Lord (Minimal Wear): table items has no column named game_id
2025-06-01 18:00:36,192 - ERROR - Error storing item StatTrak™ M4A1-S | Night Terror (Factory New): table items has no column named game_id
2025-06-01 18:00:36,193 - ERROR - Error storing item M4A4 | Neo-Noir (Minimal Wear): table items has no column named game_id
2025-06-01 18:00:36,193 - ERROR - Error storing item AK-47 | VariCamo Grey (Field-Tested): table items has no column named game_id
2025-06-01 18:00:36,193 - ERROR - Error storing item Glock-18 | Glockingbird (Minimal Wear): table items has no column named game_id
2025-06-01 18:00:36,194 - ERROR - Error storing item Sticker | Scorch Loop (Reverse): table items has no column named game_id
2025-06-01 18:00:36,194 - ERROR - Error storing item Rio 2022 Contenders Sticker Capsule: table items has no column named game_id
2025-06-01 18:00:36,195 - ERROR - Error storing item MAG-7 | Metallic DDPAT (Factory New): table items has no column named game_id
2025-06-01 18:00:36,195 - ERROR - Error storing item MP7 | Sunbaked (Battle-Scarred): table items has no column named game_id
2025-06-01 18:00:36,195 - ERROR - Error storing item Glock-18 | Vogue (Minimal Wear): table items has no column named game_id
2025-06-01 18:00:36,196 - ERROR - Error storing item AWP | Phobos (Minimal Wear): table items has no column named game_id
2025-06-01 18:00:36,196 - ERROR - Error storing item B Squadron Officer | SAS: table items has no column named game_id
2025-06-01 18:00:36,196 - ERROR - Error storing item Glock-18 | Block-18 (Minimal Wear): table items has no column named game_id
2025-06-01 18:00:36,197 - ERROR - Error storing item AK-47 | Olive Polycam (Minimal Wear): table items has no column named game_id
2025-06-01 18:00:36,197 - ERROR - Error storing item Bio-Haz Specialist | SWAT: table items has no column named game_id
2025-06-01 18:00:36,197 - ERROR - Error storing item StatTrak™ M4A1-S | Night Terror (Battle-Scarred): table items has no column named game_id
2025-06-01 18:00:36,198 - ERROR - Error storing item Glock-18 | Wasteland Rebel (Minimal Wear): table items has no column named game_id
2025-06-01 18:00:36,198 - ERROR - Error storing item Desert Eagle | Heat Treated (Well-Worn): table items has no column named game_id
2025-06-01 18:00:36,198 - ERROR - Error storing item Glock-18 | Moonrise (Field-Tested): table items has no column named game_id
2025-06-01 18:00:36,206 - ERROR - Error storing item Glock-18 | Moonrise (Factory New): table items has no column named game_id
2025-06-01 18:00:36,207 - ERROR - Error storing item AK-47 | Phantom Disruptor (Battle-Scarred): table items has no column named game_id
2025-06-01 18:00:36,207 - ERROR - Error storing item SG 553 | Basket Halftone (Factory New): table items has no column named game_id
2025-06-01 18:00:36,207 - ERROR - Error storing item Zeus x27 | Electric Blue (Field-Tested): table items has no column named game_id
2025-06-01 18:00:36,208 - ERROR - Error storing item Glock-18 | Ocean Topo (Minimal Wear): table items has no column named game_id
2025-06-01 18:00:36,208 - ERROR - Error storing item SG 553 | Basket Halftone (Minimal Wear): table items has no column named game_id
2025-06-01 18:00:36,208 - ERROR - Error storing item Copenhagen 2024 Legends Autograph Capsule: table items has no column named game_id
2025-06-01 18:00:36,209 - ERROR - Error storing item P250 | Franklin (Field-Tested): table items has no column named game_id
2025-06-01 18:00:36,209 - ERROR - Error storing item Galil AR | Chromatic Aberration (Field-Tested): table items has no column named game_id
2025-06-01 18:00:36,209 - ERROR - Error storing item StatTrak™ USP-S | Torque (Factory New): table items has no column named game_id
2025-06-01 18:00:36,209 - ERROR - Error storing item P2000 | Marsh (Field-Tested): table items has no column named game_id
2025-06-01 18:00:36,210 - ERROR - Error storing item P90 | Mustard Gas (Field-Tested): table items has no column named game_id
2025-06-01 18:00:36,210 - ERROR - Error storing item FAMAS | Bad Trip (Minimal Wear): table items has no column named game_id
2025-06-01 18:00:36,210 - ERROR - Error storing item StatTrak™ Music Kit | Denzel Curry, ULTIMATE: table items has no column named game_id
2025-06-01 18:00:36,211 - ERROR - Error storing item Sticker | 9z Team | Antwerp 2022: table items has no column named game_id
2025-06-01 18:00:36,211 - ERROR - Error storing item Sticker | KOI (Glitter) | Copenhagen 2024: table items has no column named game_id
2025-06-01 18:00:36,211 - ERROR - Error storing item Sticker | ropz (Glitter) | Shanghai 2024: table items has no column named game_id
2025-06-01 18:00:36,211 - ERROR - Error storing item Negev | Drop Me (Minimal Wear): table items has no column named game_id
2025-06-01 18:00:36,212 - ERROR - Error storing item MP9 | Orange Peel (Field-Tested): table items has no column named game_id
2025-06-01 18:00:36,212 - ERROR - Error storing item R8 Revolver | Crazy 8 (Minimal Wear): table items has no column named game_id
2025-06-01 18:00:36,212 - ERROR - Error storing item SSG 08 | Fever Dream (Field-Tested): table items has no column named game_id
2025-06-01 18:00:36,213 - ERROR - Error storing item Galil AR | Acid Dart (Field-Tested): table items has no column named game_id
2025-06-01 18:00:36,213 - ERROR - Error storing item Galil AR | Green Apple (Field-Tested): table items has no column named game_id
2025-06-01 18:00:36,213 - ERROR - Error storing item Glock-18 | Coral Bloom (Minimal Wear): table items has no column named game_id
2025-06-01 18:00:36,213 - ERROR - Error storing item M4A1-S | Rose Hex (Minimal Wear): table items has no column named game_id
2025-06-01 18:00:36,214 - ERROR - Error storing item Tec-9 | Fuel Injector (Field-Tested): table items has no column named game_id
2025-06-01 18:00:36,214 - ERROR - Error storing item Sticker | Imperial Esports (Glitter) | Copenhagen 2024: table items has no column named game_id
2025-06-01 18:00:36,214 - ERROR - Error storing item MAC-10 | Pipsqueak (Field-Tested): table items has no column named game_id
2025-06-01 18:00:36,215 - ERROR - Error storing item Dual Berettas | Hideout (Field-Tested): table items has no column named game_id
2025-06-01 18:00:36,215 - ERROR - Error storing item Charm | POP Art: table items has no column named game_id
2025-06-01 18:00:36,216 - ERROR - Error storing item P2000 | Wicked Sick (Well-Worn): table items has no column named game_id
2025-06-01 18:00:36,216 - ERROR - Error storing item StatTrak™ M4A1-S | Emphorosaur-S (Minimal Wear): table items has no column named game_id
2025-06-01 18:00:36,216 - ERROR - Error storing item StatTrak™ M4A1-S | Night Terror (Well-Worn): table items has no column named game_id
2025-06-01 18:00:36,217 - ERROR - Error storing item Galil AR | Green Apple (Minimal Wear): table items has no column named game_id
2025-06-01 18:00:36,217 - ERROR - Error storing item XM1014 | Gum Wall Camo (Minimal Wear): table items has no column named game_id
2025-06-01 18:00:36,217 - ERROR - Error storing item Desert Eagle | Mint Fan (Minimal Wear): table items has no column named game_id
2025-06-01 18:00:36,218 - ERROR - Error storing item Sticker | Team Liquid (Foil) | Austin 2025: table items has no column named game_id
2025-06-01 18:00:45,287 - INFO - Rate limit reached. Sleeping for 11.89 seconds
2025-06-01 18:01:00,657 - INFO - Rate limit reached. Sleeping for 37.39 seconds
2025-06-01 18:01:07,946 - INFO - Rate limit reached. Sleeping for 37.24 seconds
2025-06-01 18:01:20,982 - INFO - Rate limit reached. Sleeping for 36.20 seconds
2025-06-01 18:02:00,760 - INFO - Rate limit reached. Sleeping for 37.30 seconds
2025-06-01 18:02:07,610 - INFO - Rate limit reached. Sleeping for 37.57 seconds
2025-06-01 18:02:21,016 - INFO - Rate limit reached. Sleeping for 36.16 seconds
2025-06-01 18:03:00,500 - INFO - Rate limit reached. Sleeping for 37.57 seconds
2025-06-01 18:03:07,970 - INFO - Rate limit reached. Sleeping for 37.22 seconds
2025-06-01 18:03:18,457 - INFO - 127.0.0.1 - - [01/Jun/2025 18:03:18] "POST /update_data HTTP/1.1" 200 -
2025-06-01 18:03:42,566 - INFO - 127.0.0.1 - - [01/Jun/2025 18:03:42] "POST /update_data HTTP/1.1" 200 -
2025-06-01 18:03:49,642 - INFO - 127.0.0.1 - - [01/Jun/2025 18:03:49] "POST /update_data HTTP/1.1" 200 -
2025-06-02 22:01:05,920 - INFO - [31m[1mWARNING: This is a development server. Do not use it in a production deployment. Use a production WSGI server instead.[0m
 * Running on http://127.0.0.1:5000
2025-06-02 22:01:05,921 - INFO - [33mPress CTRL+C to quit[0m
2025-06-02 22:01:05,929 - INFO -  * Restarting with stat
2025-06-02 22:01:07,331 - WARNING -  * Debugger is active!
2025-06-02 22:01:07,336 - INFO -  * Debugger PIN: 714-805-084
2025-06-02 22:02:52,119 - INFO - 127.0.0.1 - - [02/Jun/2025 22:02:52] "[33mGET /favicon.ico HTTP/1.1[0m" 404 -
2025-06-02 22:03:40,945 - INFO - 127.0.0.1 - - [02/Jun/2025 22:03:40] "[33mPOST /update_data HTTP/1.1[0m" 404 -
2025-06-02 22:03:44,030 - INFO - 127.0.0.1 - - [02/Jun/2025 22:03:44] "[33mGET /items?game=maplestory HTTP/1.1[0m" 404 -
2025-06-02 22:03:44,668 - INFO - 127.0.0.1 - - [02/Jun/2025 22:03:44] "[33mPOST /update_data HTTP/1.1[0m" 404 -
2025-06-02 22:07:06,133 - INFO -  * Detected change in 'C:\\Users\\clagg\\Downloads\\Steam_API\\Steam_Api\\Steam_Api\\app.py', reloading
2025-06-02 22:07:06,280 - INFO -  * Restarting with stat
2025-06-02 22:07:07,696 - WARNING -  * Debugger is active!
2025-06-02 22:07:07,701 - INFO -  * Debugger PIN: 714-805-084
2025-06-02 22:08:00,026 - INFO - [31m[1mWARNING: This is a development server. Do not use it in a production deployment. Use a production WSGI server instead.[0m
 * Running on http://127.0.0.1:5000
2025-06-02 22:08:00,027 - INFO - [33mPress CTRL+C to quit[0m
2025-06-02 22:08:00,029 - INFO -  * Restarting with stat
2025-06-02 22:08:01,397 - WARNING -  * Debugger is active!
2025-06-02 22:08:01,402 - INFO -  * Debugger PIN: 714-805-084
2025-06-02 22:08:30,278 - INFO - 127.0.0.1 - - [02/Jun/2025 22:08:30] "GET / HTTP/1.1" 200 -
2025-06-02 22:08:57,083 - INFO - 127.0.0.1 - - [02/Jun/2025 22:08:57] "POST /add_to_cart HTTP/1.1" 200 -
2025-06-02 22:08:58,993 - INFO - 127.0.0.1 - - [02/Jun/2025 22:08:58] "GET /cart HTTP/1.1" 200 -
2025-06-02 22:09:01,379 - INFO - 127.0.0.1 - - [02/Jun/2025 22:09:01] "GET /api/pricehistory?appid=216150&market_hash_name=Dreams%20%26%20Nightmares%20Case HTTP/1.1" 200 -
2025-06-02 22:09:23,860 - INFO - 127.0.0.1 - - [02/Jun/2025 22:09:23] "POST /clear_cart HTTP/1.1" 200 -
2025-06-02 22:09:24,105 - INFO - 127.0.0.1 - - [02/Jun/2025 22:09:24] "GET /cart HTTP/1.1" 200 -
2025-06-02 22:09:24,499 - INFO - 127.0.0.1 - - [02/Jun/2025 22:09:24] "GET / HTTP/1.1" 200 -
2025-06-02 22:09:26,689 - INFO - 127.0.0.1 - - [02/Jun/2025 22:09:26] "GET /?game=maplestory&search= HTTP/1.1" 200 -
2025-06-02 22:09:27,988 - INFO - 127.0.0.1 - - [02/Jun/2025 22:09:27] "POST /add_to_cart HTTP/1.1" 200 -
2025-06-02 22:09:30,025 - INFO - 127.0.0.1 - - [02/Jun/2025 22:09:30] "GET /cart HTTP/1.1" 200 -
2025-06-02 22:09:32,068 - INFO - 127.0.0.1 - - [02/Jun/2025 22:09:32] "GET /api/pricehistory?appid=216150&market_hash_name=Camelia%20Tea%20Bonnet HTTP/1.1" 200 -
2025-06-02 22:11:46,549 - INFO -  * Detected change in 'C:\\Users\\clagg\\Downloads\\Steam_API\\Steam_Api\\Steam_Api\\app.py', reloading
2025-06-02 22:11:46,699 - INFO -  * Restarting with stat
2025-06-02 22:11:48,107 - WARNING -  * Debugger is active!
2025-06-02 22:11:48,112 - INFO -  * Debugger PIN: 714-805-084
2025-06-02 22:13:57,216 - INFO -  * Detected change in 'C:\\Users\\clagg\\Downloads\\Steam_API\\Steam_Api\\Steam_Api\\app.py', reloading
2025-06-02 22:13:57,367 - INFO -  * Restarting with stat
2025-06-02 22:13:58,755 - WARNING -  * Debugger is active!
2025-06-02 22:13:58,760 - INFO -  * Debugger PIN: 714-805-084
2025-06-02 22:14:37,651 - INFO - 127.0.0.1 - - [02/Jun/2025 22:14:37] "GET /api/pricehistory?appid=216150&market_hash_name=Camelia%20Tea%20Bonnet HTTP/1.1" 200 -
2025-06-02 22:15:41,285 - INFO - 127.0.0.1 - - [02/Jun/2025 22:15:41] "POST /clear_cart HTTP/1.1" 200 -
2025-06-02 22:15:41,535 - INFO - 127.0.0.1 - - [02/Jun/2025 22:15:41] "GET /cart HTTP/1.1" 200 -
2025-06-02 22:15:43,740 - INFO - 127.0.0.1 - - [02/Jun/2025 22:15:43] "GET / HTTP/1.1" 200 -
2025-06-02 22:15:46,679 - INFO - 127.0.0.1 - - [02/Jun/2025 22:15:46] "POST /add_to_cart HTTP/1.1" 200 -
2025-06-02 22:15:49,078 - INFO - 127.0.0.1 - - [02/Jun/2025 22:15:49] "POST /add_to_cart HTTP/1.1" 200 -
2025-06-02 22:15:50,908 - INFO - 127.0.0.1 - - [02/Jun/2025 22:15:50] "GET /cart HTTP/1.1" 200 -
2025-06-02 22:15:53,990 - INFO - 127.0.0.1 - - [02/Jun/2025 22:15:53] "[35m[1mGET /api/pricehistory?appid=216150&market_hash_name=Fever%20Case HTTP/1.1[0m" 500 -
2025-06-02 22:15:54,259 - INFO - 127.0.0.1 - - [02/Jun/2025 22:15:54] "[35m[1mGET /api/pricehistory?appid=216150&market_hash_name=Dreams%20%26%20Nightmares%20Case HTTP/1.1[0m" 500 -
2025-06-02 22:17:36,449 - INFO -  * Detected change in 'C:\\Users\\clagg\\Downloads\\Steam_API\\Steam_Api\\Steam_Api\\app.py', reloading
2025-06-02 22:17:36,596 - INFO -  * Restarting with stat
2025-06-02 22:17:37,980 - WARNING -  * Debugger is active!
2025-06-02 22:17:37,985 - INFO -  * Debugger PIN: 714-805-084
2025-06-02 22:17:55,855 - INFO -  * Detected change in 'C:\\Users\\clagg\\Downloads\\Steam_API\\Steam_Api\\Steam_Api\\app.py', reloading
2025-06-02 22:17:55,995 - INFO -  * Restarting with stat
2025-06-02 22:17:57,392 - WARNING -  * Debugger is active!
2025-06-02 22:17:57,397 - INFO -  * Debugger PIN: 714-805-084
2025-06-02 22:18:05,309 - INFO - 127.0.0.1 - - [02/Jun/2025 22:18:05] "GET /api/pricehistory?appid=216150&market_hash_name=Dreams%20%26%20Nightmares%20Case HTTP/1.1" 200 -
2025-06-02 22:18:06,154 - INFO - 127.0.0.1 - - [02/Jun/2025 22:18:06] "GET /api/pricehistory?appid=216150&market_hash_name=Fever%20Case HTTP/1.1" 200 -
2025-06-02 22:18:11,318 - INFO - 127.0.0.1 - - [02/Jun/2025 22:18:11] "GET /api/pricehistory?appid=216150&market_hash_name=Fever%20Case HTTP/1.1" 200 -
2025-06-02 22:18:11,632 - INFO - 127.0.0.1 - - [02/Jun/2025 22:18:11] "GET /api/pricehistory?appid=216150&market_hash_name=Dreams%20%26%20Nightmares%20Case HTTP/1.1" 200 -
2025-06-02 22:21:15,954 - INFO -  * Detected change in 'C:\\Users\\clagg\\Downloads\\Steam_API\\Steam_Api\\Steam_Api\\app.py', reloading
2025-06-02 22:21:16,093 - INFO -  * Restarting with stat
2025-06-02 22:21:17,483 - WARNING -  * Debugger is active!
2025-06-02 22:21:17,488 - INFO -  * Debugger PIN: 714-805-084
2025-06-02 22:21:52,259 - INFO -  * Detected change in 'C:\\Users\\clagg\\Downloads\\Steam_API\\Steam_Api\\Steam_Api\\app.py', reloading
2025-06-02 22:21:52,404 - INFO -  * Restarting with stat
2025-06-02 22:21:53,775 - WARNING -  * Debugger is active!
2025-06-02 22:21:53,780 - INFO -  * Debugger PIN: 714-805-084
2025-06-02 22:23:23,157 - INFO -  * Detected change in 'C:\\Users\\clagg\\Downloads\\Steam_API\\Steam_Api\\Steam_Api\\app.py', reloading
2025-06-02 22:23:23,294 - INFO -  * Restarting with stat
2025-06-02 22:23:24,652 - WARNING -  * Debugger is active!
2025-06-02 22:23:24,657 - INFO -  * Debugger PIN: 714-805-084
2025-06-02 22:23:49,439 - INFO -  * Detected change in 'C:\\Users\\clagg\\Downloads\\Steam_API\\Steam_Api\\Steam_Api\\app.py', reloading
2025-06-02 22:23:49,575 - INFO -  * Restarting with stat
2025-06-02 22:23:51,076 - WARNING -  * Debugger is active!
2025-06-02 22:23:51,081 - INFO -  * Debugger PIN: 714-805-084
2025-06-02 22:23:52,609 - INFO - 127.0.0.1 - - [02/Jun/2025 22:23:52] "GET /cart HTTP/1.1" 200 -
2025-06-02 22:23:56,438 - INFO - 127.0.0.1 - - [02/Jun/2025 22:23:56] "GET /api/pricehistory?appid=216150&market_hash_name=Dreams%20%26%20Nightmares%20Case HTTP/1.1" 200 -
2025-06-02 22:23:56,466 - INFO - 127.0.0.1 - - [02/Jun/2025 22:23:56] "GET /api/pricehistory?appid=216150&market_hash_name=Fever%20Case HTTP/1.1" 200 -
2025-06-02 22:24:23,509 - INFO - 127.0.0.1 - - [02/Jun/2025 22:24:23] "GET /api/pricehistory?appid=216150&market_hash_name=Fever%20Case HTTP/1.1" 200 -
2025-06-02 22:24:23,511 - INFO - 127.0.0.1 - - [02/Jun/2025 22:24:23] "GET /api/pricehistory?appid=216150&market_hash_name=Dreams%20%26%20Nightmares%20Case HTTP/1.1" 200 -
2025-06-02 22:25:45,066 - INFO -  * Detected change in 'C:\\Users\\clagg\\Downloads\\Steam_API\\Steam_Api\\Steam_Api\\app.py', reloading
2025-06-02 22:25:45,231 - INFO -  * Restarting with stat
2025-06-02 22:25:46,752 - WARNING -  * Debugger is active!
2025-06-02 22:25:46,757 - INFO -  * Debugger PIN: 714-805-084
2025-06-02 22:25:49,903 - INFO -  * Detected change in 'C:\\Users\\clagg\\Downloads\\Steam_API\\Steam_Api\\Steam_Api\\app.py', reloading
2025-06-02 22:25:50,067 - INFO -  * Restarting with stat
2025-06-02 22:25:51,629 - WARNING -  * Debugger is active!
2025-06-02 22:25:51,634 - INFO -  * Debugger PIN: 714-805-084
2025-06-02 22:26:28,227 - INFO - 127.0.0.1 - - [02/Jun/2025 22:26:28] "GET / HTTP/1.1" 200 -
2025-06-02 22:26:30,256 - INFO - 127.0.0.1 - - [02/Jun/2025 22:26:30] "GET /?game=maplestory&search= HTTP/1.1" 200 -
2025-06-02 22:26:31,925 - INFO - 127.0.0.1 - - [02/Jun/2025 22:26:31] "POST /add_to_cart HTTP/1.1" 200 -
2025-06-02 22:26:34,422 - INFO - 127.0.0.1 - - [02/Jun/2025 22:26:34] "GET /cart HTTP/1.1" 200 -
2025-06-02 22:26:35,604 - INFO - 127.0.0.1 - - [02/Jun/2025 22:26:35] "GET /api/pricehistory?appid=216150&market_hash_name=Fever%20Case HTTP/1.1" 200 -
2025-06-02 22:26:35,908 - INFO - 127.0.0.1 - - [02/Jun/2025 22:26:35] "GET /api/pricehistory?appid=216150&market_hash_name=Dreams%20%26%20Nightmares%20Case HTTP/1.1" 200 -
2025-06-02 22:26:37,872 - INFO - 127.0.0.1 - - [02/Jun/2025 22:26:37] "[35m[1mGET /api/pricehistory?appid=216150&market_hash_name=CAPOO%20Ranger%20Gloves HTTP/1.1[0m" 500 -
2025-06-02 22:26:42,506 - INFO - 127.0.0.1 - - [02/Jun/2025 22:26:42] "POST /clear_cart HTTP/1.1" 200 -
2025-06-02 22:26:42,751 - INFO - 127.0.0.1 - - [02/Jun/2025 22:26:42] "GET /cart HTTP/1.1" 200 -
2025-06-02 22:26:46,443 - INFO - 127.0.0.1 - - [02/Jun/2025 22:26:46] "GET / HTTP/1.1" 200 -
2025-06-02 22:26:48,929 - INFO - 127.0.0.1 - - [02/Jun/2025 22:26:48] "GET /?game=maplestory&search= HTTP/1.1" 200 -
2025-06-02 22:26:50,094 - INFO - 127.0.0.1 - - [02/Jun/2025 22:26:50] "POST /add_to_cart HTTP/1.1" 200 -
2025-06-02 22:26:52,377 - INFO - 127.0.0.1 - - [02/Jun/2025 22:26:52] "GET /cart HTTP/1.1" 200 -
2025-06-02 22:26:55,746 - INFO - 127.0.0.1 - - [02/Jun/2025 22:26:55] "[35m[1mGET /api/pricehistory?appid=216150&market_hash_name=LONG%20CAPOO%20Hat HTTP/1.1[0m" 500 -
2025-06-02 22:27:30,712 - INFO -  * Detected change in 'C:\\Users\\clagg\\Downloads\\Steam_API\\Steam_Api\\Steam_Api\\app.py', reloading
2025-06-02 22:27:30,872 - INFO -  * Restarting with stat
2025-06-02 22:27:32,328 - WARNING -  * Debugger is active!
2025-06-02 22:27:32,333 - INFO -  * Debugger PIN: 714-805-084
2025-06-02 22:30:02,287 - INFO -  * Detected change in 'C:\\Users\\clagg\\Downloads\\Steam_API\\Steam_Api\\Steam_Api\\app.py', reloading
2025-06-02 22:30:02,456 - INFO -  * Restarting with stat
2025-06-02 22:30:04,025 - WARNING -  * Debugger is active!
2025-06-02 22:30:04,031 - INFO -  * Debugger PIN: 714-805-084
2025-06-02 22:30:37,458 - INFO -  * Detected change in 'C:\\Users\\clagg\\Downloads\\Steam_API\\Steam_Api\\Steam_Api\\app.py', reloading
2025-06-02 22:30:37,687 - INFO -  * Restarting with stat
2025-06-02 22:30:39,245 - WARNING -  * Debugger is active!
2025-06-02 22:30:39,251 - INFO -  * Debugger PIN: 714-805-084
2025-06-02 22:30:44,078 - INFO - 127.0.0.1 - - [02/Jun/2025 22:30:44] "GET /api/pricehistory?appid=216150&market_hash_name=LONG%20CAPOO%20Hat HTTP/1.1" 200 -
2025-06-02 22:30:47,735 - INFO - 127.0.0.1 - - [02/Jun/2025 22:30:47] "GET / HTTP/1.1" 200 -
2025-06-02 22:30:50,117 - INFO - 127.0.0.1 - - [02/Jun/2025 22:30:50] "POST /add_to_cart HTTP/1.1" 200 -
2025-06-02 22:30:52,346 - INFO - 127.0.0.1 - - [02/Jun/2025 22:30:52] "GET /cart HTTP/1.1" 200 -
2025-06-02 22:30:53,425 - INFO - 127.0.0.1 - - [02/Jun/2025 22:30:53] "GET /api/pricehistory?appid=216150&market_hash_name=LONG%20CAPOO%20Hat HTTP/1.1" 200 -
2025-06-02 22:30:53,458 - INFO - 127.0.0.1 - - [02/Jun/2025 22:30:53] "GET /api/pricehistory?appid=216150&market_hash_name=Dreams%20%26%20Nightmares%20Case HTTP/1.1" 200 -
2025-06-02 22:30:57,996 - INFO - 127.0.0.1 - - [02/Jun/2025 22:30:57] "GET / HTTP/1.1" 200 -
2025-06-02 22:31:01,168 - INFO - 127.0.0.1 - - [02/Jun/2025 22:31:01] "POST /add_to_cart HTTP/1.1" 200 -
2025-06-02 22:31:06,368 - INFO - 127.0.0.1 - - [02/Jun/2025 22:31:06] "GET /cart HTTP/1.1" 200 -
2025-06-02 22:31:07,634 - INFO - 127.0.0.1 - - [02/Jun/2025 22:31:07] "GET /api/pricehistory?appid=216150&market_hash_name=LONG%20CAPOO%20Hat HTTP/1.1" 200 -
2025-06-02 22:31:07,654 - INFO - 127.0.0.1 - - [02/Jun/2025 22:31:07] "GET /api/pricehistory?appid=216150&market_hash_name=Dreams%20%26%20Nightmares%20Case HTTP/1.1" 200 -
2025-06-02 22:31:09,550 - INFO - 127.0.0.1 - - [02/Jun/2025 22:31:09] "[35m[1mGET /api/pricehistory?appid=216150&market_hash_name=Gallery%20Case HTTP/1.1[0m" 500 -
2025-06-02 22:31:13,826 - INFO - 127.0.0.1 - - [02/Jun/2025 22:31:13] "GET /api/pricehistory?appid=216150&market_hash_name=LONG%20CAPOO%20Hat HTTP/1.1" 200 -
2025-06-02 22:31:13,847 - INFO - 127.0.0.1 - - [02/Jun/2025 22:31:13] "GET /api/pricehistory?appid=216150&market_hash_name=Dreams%20%26%20Nightmares%20Case HTTP/1.1" 200 -
2025-06-02 22:31:16,070 - INFO - 127.0.0.1 - - [02/Jun/2025 22:31:16] "[35m[1mGET /api/pricehistory?appid=216150&market_hash_name=Gallery%20Case HTTP/1.1[0m" 500 -
2025-06-02 22:31:17,619 - INFO - 127.0.0.1 - - [02/Jun/2025 22:31:17] "POST /clear_cart HTTP/1.1" 200 -
2025-06-02 22:31:17,939 - INFO - 127.0.0.1 - - [02/Jun/2025 22:31:17] "GET /cart HTTP/1.1" 200 -
2025-06-02 22:31:18,918 - INFO - 127.0.0.1 - - [02/Jun/2025 22:31:18] "GET / HTTP/1.1" 200 -
2025-06-02 22:31:21,777 - INFO - 127.0.0.1 - - [02/Jun/2025 22:31:21] "POST /add_to_cart HTTP/1.1" 200 -
2025-06-02 22:31:25,308 - INFO - 127.0.0.1 - - [02/Jun/2025 22:31:25] "GET /cart HTTP/1.1" 200 -
2025-06-02 22:31:28,542 - INFO - 127.0.0.1 - - [02/Jun/2025 22:31:28] "[35m[1mGET /api/pricehistory?appid=216150&market_hash_name=Fracture%20Case HTTP/1.1[0m" 500 -
2025-06-02 22:32:21,638 - INFO -  * Detected change in 'C:\\Users\\clagg\\Downloads\\Steam_API\\Steam_Api\\Steam_Api\\market_data_collector.py', reloading
2025-06-02 22:32:21,777 - INFO -  * Restarting with stat
2025-06-02 22:32:23,224 - WARNING -  * Debugger is active!
2025-06-02 22:32:23,229 - INFO -  * Debugger PIN: 714-805-084
2025-06-02 22:32:39,391 - INFO -  * Detected change in 'C:\\Users\\clagg\\Downloads\\Steam_API\\Steam_Api\\Steam_Api\\app.py', reloading
2025-06-02 22:32:39,558 - INFO -  * Restarting with stat
2025-06-02 22:32:41,073 - WARNING -  * Debugger is active!
2025-06-02 22:32:41,079 - INFO -  * Debugger PIN: 714-805-084
2025-06-02 22:33:41,085 - INFO -  * Detected change in 'C:\\Users\\clagg\\Downloads\\Steam_API\\Steam_Api\\Steam_Api\\market_data_collector.py', reloading
2025-06-02 22:33:41,237 - INFO -  * Restarting with stat
2025-06-02 22:33:42,933 - WARNING -  * Debugger is active!
2025-06-02 22:33:42,938 - INFO -  * Debugger PIN: 714-805-084
2025-06-02 22:34:01,561 - INFO - 127.0.0.1 - - [02/Jun/2025 22:34:01] "[35m[1mGET /api/pricehistory?appid=216150&market_hash_name=Fracture%20Case HTTP/1.1[0m" 500 -
2025-06-02 22:34:04,078 - INFO - 127.0.0.1 - - [02/Jun/2025 22:34:04] "POST /clear_cart HTTP/1.1" 200 -
2025-06-02 22:34:04,406 - INFO - 127.0.0.1 - - [02/Jun/2025 22:34:04] "GET /cart HTTP/1.1" 200 -
2025-06-02 22:34:04,969 - INFO - 127.0.0.1 - - [02/Jun/2025 22:34:04] "GET / HTTP/1.1" 200 -
2025-06-02 22:34:07,510 - INFO - 127.0.0.1 - - [02/Jun/2025 22:34:07] "POST /add_to_cart HTTP/1.1" 200 -
2025-06-02 22:34:10,004 - INFO - 127.0.0.1 - - [02/Jun/2025 22:34:10] "GET /cart HTTP/1.1" 200 -
2025-06-02 22:34:10,999 - INFO - 127.0.0.1 - - [02/Jun/2025 22:34:10] "[35m[1mGET /api/pricehistory?appid=730&market_hash_name=Fever%20Case HTTP/1.1[0m" 500 -
2025-06-02 22:34:13,146 - INFO - 127.0.0.1 - - [02/Jun/2025 22:34:13] "GET / HTTP/1.1" 200 -
2025-06-02 22:34:34,762 - INFO - 127.0.0.1 - - [02/Jun/2025 22:34:34] "[31m[1mPOST /add_to_cart HTTP/1.1[0m" 400 -
2025-06-02 22:34:39,684 - INFO - 127.0.0.1 - - [02/Jun/2025 22:34:39] "POST /add_to_cart HTTP/1.1" 200 -
2025-06-02 22:34:43,337 - INFO - 127.0.0.1 - - [02/Jun/2025 22:34:43] "POST /add_to_cart HTTP/1.1" 200 -
2025-06-02 22:34:47,952 - INFO - 127.0.0.1 - - [02/Jun/2025 22:34:47] "POST /add_to_cart HTTP/1.1" 200 -
2025-06-02 22:35:31,759 - INFO -  * Detected change in 'C:\\Users\\clagg\\Downloads\\Steam_API\\Steam_Api\\Steam_Api\\app.py', reloading
2025-06-02 22:35:31,922 - INFO -  * Restarting with stat
2025-06-02 22:35:33,407 - WARNING -  * Debugger is active!
2025-06-02 22:35:33,412 - INFO -  * Debugger PIN: 714-805-084
2025-06-02 22:35:51,795 - INFO -  * Detected change in 'C:\\Users\\clagg\\Downloads\\Steam_API\\Steam_Api\\Steam_Api\\app.py', reloading
2025-06-02 22:35:51,936 - INFO -  * Restarting with stat
2025-06-02 22:35:53,401 - WARNING -  * Debugger is active!
2025-06-02 22:35:53,406 - INFO -  * Debugger PIN: 714-805-084
2025-06-02 22:36:03,910 - INFO -  * Detected change in 'C:\\Users\\clagg\\Downloads\\Steam_API\\Steam_Api\\Steam_Api\\app.py', reloading
2025-06-02 22:36:04,076 - INFO -  * Restarting with stat
2025-06-02 22:36:05,615 - WARNING -  * Debugger is active!
2025-06-02 22:36:05,621 - INFO -  * Debugger PIN: 714-805-084
2025-06-02 22:36:38,539 - INFO - 127.0.0.1 - - [02/Jun/2025 22:36:38] "GET / HTTP/1.1" 200 -
2025-06-02 22:36:42,696 - INFO - 127.0.0.1 - - [02/Jun/2025 22:36:42] "POST /add_to_cart HTTP/1.1" 200 -
2025-06-02 22:36:56,194 - INFO - 127.0.0.1 - - [02/Jun/2025 22:36:56] "GET /cart HTTP/1.1" 200 -
2025-06-02 22:37:00,257 - INFO - 127.0.0.1 - - [02/Jun/2025 22:37:00] "POST /clear_cart HTTP/1.1" 200 -
2025-06-02 22:37:00,589 - INFO - 127.0.0.1 - - [02/Jun/2025 22:37:00] "GET /cart HTTP/1.1" 200 -
2025-06-02 22:37:00,977 - INFO - 127.0.0.1 - - [02/Jun/2025 22:37:00] "GET / HTTP/1.1" 200 -
2025-06-02 22:37:07,085 - INFO - 127.0.0.1 - - [02/Jun/2025 22:37:07] "POST /add_to_cart HTTP/1.1" 200 -
2025-06-02 22:37:11,124 - INFO - 127.0.0.1 - - [02/Jun/2025 22:37:11] "GET /cart HTTP/1.1" 200 -
2025-06-02 22:37:13,218 - INFO - 127.0.0.1 - - [02/Jun/2025 22:37:13] "[35m[1mGET /api/pricehistory?appid=730&market_hash_name=Operation%20Breakout%20Weapon%20Case HTTP/1.1[0m" 500 -
2025-06-02 22:37:57,560 - INFO -  * Detected change in 'C:\\Users\\clagg\\Downloads\\Steam_API\\Steam_Api\\Steam_Api\\app.py', reloading
2025-06-02 22:37:57,739 - INFO -  * Restarting with stat
2025-06-02 22:37:59,233 - WARNING -  * Debugger is active!
2025-06-02 22:37:59,238 - INFO -  * Debugger PIN: 714-805-084
2025-06-02 22:38:04,689 - INFO -  * Detected change in 'C:\\Users\\clagg\\Downloads\\Steam_API\\Steam_Api\\Steam_Api\\app.py', reloading
2025-06-02 22:38:04,847 - INFO -  * Restarting with stat
2025-06-02 22:38:06,328 - WARNING -  * Debugger is active!
2025-06-02 22:38:06,333 - INFO -  * Debugger PIN: 714-805-084
2025-06-02 22:38:19,587 - INFO - [31m[1mWARNING: This is a development server. Do not use it in a production deployment. Use a production WSGI server instead.[0m
 * Running on http://127.0.0.1:5000
2025-06-02 22:38:19,588 - INFO - [33mPress CTRL+C to quit[0m
2025-06-02 22:38:19,589 - INFO -  * Restarting with stat
2025-06-02 22:38:20,941 - WARNING -  * Debugger is active!
2025-06-02 22:38:20,946 - INFO -  * Debugger PIN: 714-805-084
2025-06-02 22:38:24,037 - INFO - 127.0.0.1 - - [02/Jun/2025 22:38:24] "POST /clear_cart HTTP/1.1" 200 -
2025-06-02 22:38:24,309 - INFO - 127.0.0.1 - - [02/Jun/2025 22:38:24] "GET /cart HTTP/1.1" 200 -
2025-06-02 22:38:24,667 - INFO - 127.0.0.1 - - [02/Jun/2025 22:38:24] "GET / HTTP/1.1" 200 -
2025-06-02 22:38:29,752 - INFO - 127.0.0.1 - - [02/Jun/2025 22:38:29] "POST /add_to_cart HTTP/1.1" 200 -
2025-06-02 22:38:34,399 - INFO - 127.0.0.1 - - [02/Jun/2025 22:38:34] "GET /cart HTTP/1.1" 200 -
2025-06-02 22:38:36,246 - INFO - 127.0.0.1 - - [02/Jun/2025 22:38:36] "[35m[1mGET /api/pricehistory?appid=730&market_hash_name=Revolution%20Case HTTP/1.1[0m" 500 -
2025-06-02 22:38:53,410 - INFO -  * Detected change in 'C:\\Users\\clagg\\Downloads\\Steam_API\\Steam_Api\\Steam_Api\\migrate_db.py', reloading
2025-06-02 22:38:53,571 - INFO -  * Restarting with stat
2025-06-02 22:38:55,028 - WARNING -  * Debugger is active!
2025-06-02 22:38:55,032 - INFO -  * Debugger PIN: 714-805-084
2025-06-02 22:39:11,790 - INFO - [31m[1mWARNING: This is a development server. Do not use it in a production deployment. Use a production WSGI server instead.[0m
 * Running on http://127.0.0.1:5000
2025-06-02 22:39:11,791 - INFO - [33mPress CTRL+C to quit[0m
2025-06-02 22:39:11,794 - INFO -  * Restarting with stat
2025-06-02 22:39:13,167 - WARNING -  * Debugger is active!
2025-06-02 22:39:13,172 - INFO -  * Debugger PIN: 714-805-084
2025-06-02 22:39:16,003 - INFO - 127.0.0.1 - - [02/Jun/2025 22:39:16] "POST /clear_cart HTTP/1.1" 200 -
2025-06-02 22:39:16,279 - INFO - 127.0.0.1 - - [02/Jun/2025 22:39:16] "GET /cart HTTP/1.1" 200 -
2025-06-02 22:39:17,020 - INFO - 127.0.0.1 - - [02/Jun/2025 22:39:17] "GET / HTTP/1.1" 200 -
2025-06-02 22:39:20,322 - INFO - 127.0.0.1 - - [02/Jun/2025 22:39:20] "POST /add_to_cart HTTP/1.1" 200 -
2025-06-02 22:39:24,116 - INFO - 127.0.0.1 - - [02/Jun/2025 22:39:24] "GET /cart HTTP/1.1" 200 -
2025-06-02 22:39:25,016 - INFO - 127.0.0.1 - - [02/Jun/2025 22:39:25] "[35m[1mGET /api/pricehistory?appid=730&market_hash_name=Kilowatt%20Case HTTP/1.1[0m" 500 -
2025-06-02 22:39:57,121 - INFO -  * Detected change in 'C:\\Users\\clagg\\Downloads\\Steam_API\\Steam_Api\\Steam_Api\\app.py', reloading
2025-06-02 22:39:57,286 - INFO -  * Restarting with stat
2025-06-02 22:39:58,762 - WARNING -  * Debugger is active!
2025-06-02 22:39:58,767 - INFO -  * Debugger PIN: 714-805-084
2025-06-02 22:40:08,512 - INFO - 127.0.0.1 - - [02/Jun/2025 22:40:08] "[35m[1mGET /api/pricehistory?appid=730&market_hash_name=Kilowatt%20Case HTTP/1.1[0m" 500 -
2025-06-02 22:40:48,072 - INFO -  * Detected change in 'C:\\Users\\clagg\\Downloads\\Steam_API\\Steam_Api\\Steam_Api\\app.py', reloading
2025-06-02 22:40:48,233 - INFO -  * Restarting with stat
2025-06-02 22:40:49,688 - WARNING -  * Debugger is active!
2025-06-02 22:40:49,694 - INFO -  * Debugger PIN: 714-805-084
2025-06-02 22:41:06,876 - INFO - 127.0.0.1 - - [02/Jun/2025 22:41:06] "GET /api/pricehistory?appid=730&market_hash_name=Kilowatt%20Case HTTP/1.1" 200 -
2025-06-02 22:41:11,254 - INFO - 127.0.0.1 - - [02/Jun/2025 22:41:11] "POST /clear_cart HTTP/1.1" 200 -
2025-06-02 22:41:11,585 - INFO - 127.0.0.1 - - [02/Jun/2025 22:41:11] "GET /cart HTTP/1.1" 200 -
2025-06-02 22:41:13,544 - INFO - 127.0.0.1 - - [02/Jun/2025 22:41:13] "GET / HTTP/1.1" 200 -
2025-06-02 22:41:18,134 - INFO - 127.0.0.1 - - [02/Jun/2025 22:41:18] "POST /add_to_cart HTTP/1.1" 200 -
2025-06-02 22:41:21,478 - INFO - 127.0.0.1 - - [02/Jun/2025 22:41:21] "GET /cart HTTP/1.1" 200 -
2025-06-02 22:41:22,951 - INFO - 127.0.0.1 - - [02/Jun/2025 22:41:22] "GET /api/pricehistory?appid=730&market_hash_name=Glove%20Case HTTP/1.1" 200 -
2025-06-02 22:41:26,202 - INFO - 127.0.0.1 - - [02/Jun/2025 22:41:26] "GET / HTTP/1.1" 200 -
2025-06-02 22:41:29,114 - INFO - 127.0.0.1 - - [02/Jun/2025 22:41:29] "GET /?game=maplestory&search= HTTP/1.1" 200 -
2025-06-02 22:41:31,714 - INFO - 127.0.0.1 - - [02/Jun/2025 22:41:31] "POST /add_to_cart HTTP/1.1" 200 -
2025-06-02 22:41:33,678 - INFO - 127.0.0.1 - - [02/Jun/2025 22:41:33] "GET /cart HTTP/1.1" 200 -
2025-06-02 22:41:34,799 - INFO - 127.0.0.1 - - [02/Jun/2025 22:41:34] "GET /api/pricehistory?appid=216150&market_hash_name=Lucky%20Cherry%20Blossom%20Bracelet%20Weapon HTTP/1.1" 200 -
2025-06-02 22:41:34,999 - INFO - 127.0.0.1 - - [02/Jun/2025 22:41:34] "[35m[1mGET /api/pricehistory?appid=730&market_hash_name=Glove%20Case HTTP/1.1[0m" 500 -
2025-06-02 22:44:00,995 - INFO - 127.0.0.1 - - [02/Jun/2025 22:44:00] "POST /clear_cart HTTP/1.1" 200 -
2025-06-02 22:44:01,257 - INFO - 127.0.0.1 - - [02/Jun/2025 22:44:01] "GET /cart HTTP/1.1" 200 -
2025-06-02 22:44:02,657 - INFO - 127.0.0.1 - - [02/Jun/2025 22:44:02] "GET / HTTP/1.1" 200 -
2025-06-02 22:44:04,665 - INFO - 127.0.0.1 - - [02/Jun/2025 22:44:04] "GET /?game=maplestory&search= HTTP/1.1" 200 -
2025-06-02 22:44:07,496 - INFO - 127.0.0.1 - - [02/Jun/2025 22:44:07] "POST /add_to_cart HTTP/1.1" 200 -
2025-06-02 22:44:10,419 - INFO - 127.0.0.1 - - [02/Jun/2025 22:44:10] "GET /?game=csgo&search= HTTP/1.1" 200 -
2025-06-02 22:44:14,774 - INFO - 127.0.0.1 - - [02/Jun/2025 22:44:14] "POST /add_to_cart HTTP/1.1" 200 -
2025-06-02 22:44:18,162 - INFO - 127.0.0.1 - - [02/Jun/2025 22:44:18] "GET /cart HTTP/1.1" 200 -
2025-06-02 22:44:20,018 - INFO - 127.0.0.1 - - [02/Jun/2025 22:44:20] "GET /api/pricehistory?app_id=216150&market_hash_name=Nom%20Nom%20Oz HTTP/1.1" 200 -
2025-06-02 22:44:20,067 - INFO - 127.0.0.1 - - [02/Jun/2025 22:44:20] "GET /api/pricehistory?app_id=730&market_hash_name=Revolution%20Case HTTP/1.1" 200 -
2025-06-02 22:45:49,552 - INFO - 127.0.0.1 - - [02/Jun/2025 22:45:49] "GET /cart HTTP/1.1" 200 -
2025-06-02 22:45:50,583 - INFO - 127.0.0.1 - - [02/Jun/2025 22:45:50] "GET /api/pricehistory?app_id=216150&market_hash_name=Nom%20Nom%20Oz HTTP/1.1" 200 -
2025-06-02 22:45:50,593 - INFO - 127.0.0.1 - - [02/Jun/2025 22:45:50] "GET /api/pricehistory?app_id=730&market_hash_name=Revolution%20Case HTTP/1.1" 200 -
2025-06-02 22:46:51,938 - INFO - 127.0.0.1 - - [02/Jun/2025 22:46:51] "GET /api/pricehistory?app_id=216150&market_hash_name=Nom%20Nom%20Oz HTTP/1.1" 200 -
2025-06-02 22:46:51,938 - INFO - 127.0.0.1 - - [02/Jun/2025 22:46:51] "GET /api/pricehistory?app_id=730&market_hash_name=Revolution%20Case HTTP/1.1" 200 -
2025-06-02 22:47:32,243 - INFO - 127.0.0.1 - - [02/Jun/2025 22:47:32] "GET /api/pricehistory?app_id=216150&market_hash_name=Nom%20Nom%20Oz HTTP/1.1" 200 -
2025-06-02 22:47:32,551 - INFO - 127.0.0.1 - - [02/Jun/2025 22:47:32] "GET /api/pricehistory?app_id=730&market_hash_name=Revolution%20Case HTTP/1.1" 200 -
2025-06-02 22:47:39,488 - INFO - 127.0.0.1 - - [02/Jun/2025 22:47:39] "POST /clear_cart HTTP/1.1" 200 -
2025-06-02 22:47:39,745 - INFO - 127.0.0.1 - - [02/Jun/2025 22:47:39] "GET /cart HTTP/1.1" 200 -
2025-06-02 22:47:41,084 - INFO - 127.0.0.1 - - [02/Jun/2025 22:47:41] "GET / HTTP/1.1" 200 -
2025-06-02 22:47:42,296 - INFO - 127.0.0.1 - - [02/Jun/2025 22:47:42] "POST /add_to_cart HTTP/1.1" 200 -
2025-06-02 22:47:44,026 - INFO - 127.0.0.1 - - [02/Jun/2025 22:47:44] "GET /cart HTTP/1.1" 200 -
2025-06-02 22:47:44,982 - INFO - 127.0.0.1 - - [02/Jun/2025 22:47:44] "GET /api/pricehistory?app_id=730&market_hash_name=Dreams%20%26%20Nightmares%20Case HTTP/1.1" 200 -
2025-06-02 22:47:57,938 - INFO - 127.0.0.1 - - [02/Jun/2025 22:47:57] "GET / HTTP/1.1" 200 -
2025-06-02 22:48:42,772 - INFO -  * Detected change in 'C:\\Users\\clagg\\Downloads\\Steam_API\\Steam_Api\\Steam_Api\\migrate_db.py', reloading
2025-06-02 22:48:43,034 - INFO -  * Restarting with stat
2025-06-02 22:48:44,517 - WARNING -  * Debugger is active!
2025-06-02 22:48:44,522 - INFO -  * Debugger PIN: 714-805-084
2025-06-02 22:49:14,870 - INFO - 127.0.0.1 - - [02/Jun/2025 22:49:14] "GET /cart HTTP/1.1" 200 -
2025-06-02 22:49:15,577 - INFO - 127.0.0.1 - - [02/Jun/2025 22:49:15] "GET /api/pricehistory?app_id=730&market_hash_name=Dreams%20%26%20Nightmares%20Case HTTP/1.1" 200 -
2025-06-02 22:49:37,573 - INFO - 127.0.0.1 - - [02/Jun/2025 22:49:37] "GET /cart HTTP/1.1" 200 -
2025-06-02 22:50:15,181 - INFO -  * Detected change in 'C:\\Users\\clagg\\Downloads\\Steam_API\\Steam_Api\\Steam_Api\\migrate_db.py', reloading
2025-06-02 22:50:15,338 - INFO -  * Restarting with stat
2025-06-02 22:50:16,722 - WARNING -  * Debugger is active!
2025-06-02 22:50:16,728 - INFO -  * Debugger PIN: 714-805-084
2025-06-02 22:50:29,788 - INFO - 127.0.0.1 - - [02/Jun/2025 22:50:29] "GET /api/pricehistory?app_id=730&market_hash_name=Dreams%20%26%20Nightmares%20Case HTTP/1.1" 200 -
2025-06-02 22:50:49,725 - INFO - 127.0.0.1 - - [02/Jun/2025 22:50:49] "GET /api/pricehistory?app_id=730&market_hash_name=Dreams%20%26%20Nightmares%20Case HTTP/1.1" 200 -
2025-06-02 22:50:58,820 - INFO - 127.0.0.1 - - [02/Jun/2025 22:50:58] "POST /clear_cart HTTP/1.1" 200 -
2025-06-02 22:50:59,073 - INFO - 127.0.0.1 - - [02/Jun/2025 22:50:59] "GET /cart HTTP/1.1" 200 -
2025-06-02 22:51:17,617 - INFO -  * Detected change in 'C:\\Users\\clagg\\Downloads\\Steam_API\\Steam_Api\\Steam_Api\\migrate_db.py', reloading
2025-06-02 22:51:17,772 - INFO -  * Restarting with stat
2025-06-02 22:51:19,250 - WARNING -  * Debugger is active!
2025-06-02 22:51:19,255 - INFO -  * Debugger PIN: 714-805-084
2025-06-02 22:51:21,069 - INFO - 127.0.0.1 - - [02/Jun/2025 22:51:21] "GET / HTTP/1.1" 200 -
2025-06-02 22:51:21,083 - INFO - 127.0.0.1 - - [02/Jun/2025 22:51:21] "GET / HTTP/1.1" 200 -
2025-06-02 22:51:21,198 - INFO - 127.0.0.1 - - [02/Jun/2025 22:51:21] "GET / HTTP/1.1" 200 -
2025-06-02 22:51:22,818 - INFO - 127.0.0.1 - - [02/Jun/2025 22:51:22] "POST /add_to_cart HTTP/1.1" 200 -
2025-06-02 22:51:24,987 - INFO - 127.0.0.1 - - [02/Jun/2025 22:51:24] "GET /cart HTTP/1.1" 200 -
2025-06-02 22:51:25,837 - INFO - 127.0.0.1 - - [02/Jun/2025 22:51:25] "GET /api/pricehistory?app_id=730&market_hash_name=Fever%20Case HTTP/1.1" 200 -
2025-06-02 22:51:43,419 - INFO - 127.0.0.1 - - [02/Jun/2025 22:51:43] "GET / HTTP/1.1" 200 -
2025-06-02 22:51:46,078 - INFO - 127.0.0.1 - - [02/Jun/2025 22:51:46] "GET /?game=maplestory&search= HTTP/1.1" 200 -
2025-06-02 22:51:47,594 - INFO - 127.0.0.1 - - [02/Jun/2025 22:51:47] "POST /add_to_cart HTTP/1.1" 200 -
2025-06-02 22:51:49,769 - INFO - 127.0.0.1 - - [02/Jun/2025 22:51:49] "GET /cart HTTP/1.1" 200 -
2025-06-02 22:51:50,426 - INFO - 127.0.0.1 - - [02/Jun/2025 22:51:50] "GET /api/pricehistory?app_id=730&market_hash_name=Fever%20Case HTTP/1.1" 200 -
2025-06-02 22:51:50,661 - INFO - 127.0.0.1 - - [02/Jun/2025 22:51:50] "GET /api/pricehistory?app_id=216150&market_hash_name=Nom%20Nom%20Oz HTTP/1.1" 200 -
2025-06-02 22:51:54,728 - INFO - 127.0.0.1 - - [02/Jun/2025 22:51:54] "GET /api/pricehistory?app_id=216150&market_hash_name=Nom%20Nom%20Oz HTTP/1.1" 200 -
2025-06-02 22:51:54,728 - INFO - 127.0.0.1 - - [02/Jun/2025 22:51:54] "GET /api/pricehistory?app_id=730&market_hash_name=Fever%20Case HTTP/1.1" 200 -
2025-06-02 22:55:17,246 - INFO -  * Detected change in 'C:\\Users\\clagg\\Downloads\\Steam_API\\Steam_Api\\Steam_Api\\market_data_collector.py', reloading
2025-06-02 22:55:17,386 - INFO -  * Restarting with stat
2025-06-02 22:55:18,901 - INFO - Collecting data for Counter-Strike 2
2025-06-02 22:55:18,919 - WARNING -  * Debugger is active!
2025-06-02 22:55:18,924 - INFO -  * Debugger PIN: 714-805-084
2025-06-02 22:55:20,838 - INFO - Rate limit reached. Sleeping for 58.06 seconds
2025-06-02 22:55:21,249 - INFO - Collecting data for MapleStory
2025-06-02 22:55:21,249 - INFO - Rate limit reached. Sleeping for 57.65 seconds
2025-06-02 22:56:19,972 - INFO - Rate limit reached. Sleeping for 58.94 seconds
