2025-07-12 11:57:58.974 | INFO     | __main__:process_item:303 - ✅ SUCCESS: Fetched and stored 2574 price history entries for ★ Driver Gloves | Imperial Plaid (Field-Tested) (CS2)
2025-07-12 11:57:58.990 | INFO     | __main__:update_csv_summary:177 - 📄 CSV UPDATED: ★ Driver Gloves | Imperial Plaid (Field-Tested) - 2574 data points, $574.88
2025-07-12 11:57:58.992 | INFO     | __main__:_log_progress_summary:388 - 📊 CS2 Progress Summary:
2025-07-12 11:57:58.994 | INFO     | __main__:_log_progress_summary:389 -    Processed: 348 | Success: 348 | Failed: 0
2025-07-12 11:57:58.995 | INFO     | __main__:_log_progress_summary:390 -    Rate Limited: 0 | No Data: 0 | Success Rate: 100.0%
2025-07-12 11:57:58.996 | DEBUG    | __main__:process_item:250 - Processing price history for M4A1-S | Hyper Beast (Minimal Wear) (CS2)
2025-07-12 11:57:59.236 | INFO     | __main__:_fetch_price_history:355 - 📊 FETCHED: 4001 price history entries for M4A1-S | Hyper Beast (Minimal Wear) (CS2)
2025-07-12 11:58:25.333 | INFO     | __main__:process_item:303 - ✅ SUCCESS: Fetched and stored 4001 price history entries for M4A1-S | Hyper Beast (Minimal Wear) (CS2)
2025-07-12 11:58:25.342 | INFO     | __main__:update_csv_summary:177 - 📄 CSV UPDATED: M4A1-S | Hyper Beast (Minimal Wear) - 4001 data points, $83.19
2025-07-12 11:58:25.348 | DEBUG    | __main__:process_item:250 - Processing price history for AK-47 | Frontside Misty (Minimal Wear) (CS2)
2025-07-12 11:58:25.536 | INFO     | __main__:_fetch_price_history:355 - 📊 FETCHED: 4062 price history entries for AK-47 | Frontside Misty (Minimal Wear) (CS2)
2025-07-12 11:58:50.089 | INFO     | __main__:process_item:303 - ✅ SUCCESS: Fetched and stored 4062 price history entries for AK-47 | Frontside Misty (Minimal Wear) (CS2)
2025-07-12 11:58:50.093 | INFO     | __main__:update_csv_summary:177 - 📄 CSV UPDATED: AK-47 | Frontside Misty (Minimal Wear) - 4062 data points, $43.49
2025-07-12 11:58:50.096 | DEBUG    | __main__:process_item:250 - Processing price history for G3SG1 | Black Sand (Factory New) (CS2)
2025-07-12 11:58:50.291 | INFO     | __main__:_fetch_price_history:355 - 📊 FETCHED: 2006 price history entries for G3SG1 | Black Sand (Factory New) (CS2)
2025-07-12 11:59:03.204 | INFO     | __main__:process_item:303 - ✅ SUCCESS: Fetched and stored 2006 price history entries for G3SG1 | Black Sand (Factory New) (CS2)
2025-07-12 11:59:03.214 | INFO     | __main__:update_csv_summary:177 - 📄 CSV UPDATED: G3SG1 | Black Sand (Factory New) - 2006 data points, $2.34
2025-07-12 11:59:03.217 | INFO     | __main__:_log_progress_summary:388 - 📊 CS2 Progress Summary:
2025-07-12 11:59:03.219 | INFO     | __main__:_log_progress_summary:389 -    Processed: 351 | Success: 351 | Failed: 0
2025-07-12 11:59:03.221 | INFO     | __main__:_log_progress_summary:390 -    Rate Limited: 0 | No Data: 0 | Success Rate: 100.0%
2025-07-12 11:59:03.222 | DEBUG    | __main__:process_item:250 - Processing price history for StatTrak™ Sawed-Off | Apocalypto (Factory New) (CS2)
2025-07-12 11:59:03.388 | INFO     | __main__:_fetch_price_history:355 - 📊 FETCHED: 1921 price history entries for StatTrak™ Sawed-Off | Apocalypto (Factory New) (CS2)
2025-07-12 11:59:17.075 | INFO     | __main__:process_item:303 - ✅ SUCCESS: Fetched and stored 1921 price history entries for StatTrak™ Sawed-Off | Apocalypto (Factory New) (CS2)
2025-07-12 11:59:17.079 | INFO     | __main__:update_csv_summary:177 - 📄 CSV UPDATED: StatTrak™ Sawed-Off | Apocalypto (Factory New) - 1921 data points, $6.47
2025-07-12 11:59:17.080 | DEBUG    | __main__:process_item:250 - Processing price history for Five-SeveN | Contractor (Field-Tested) (CS2)
2025-07-12 11:59:17.370 | INFO     | __main__:_fetch_price_history:355 - 📊 FETCHED: 4220 price history entries for Five-SeveN | Contractor (Field-Tested) (CS2)
2025-07-12 11:59:44.152 | INFO     | __main__:process_item:303 - ✅ SUCCESS: Fetched and stored 4220 price history entries for Five-SeveN | Contractor (Field-Tested) (CS2)
2025-07-12 11:59:44.156 | INFO     | __main__:update_csv_summary:177 - 📄 CSV UPDATED: Five-SeveN | Contractor (Field-Tested) - 4220 data points, $3.95
2025-07-12 11:59:44.159 | DEBUG    | __main__:process_item:250 - Processing price history for MP7 | Guerrilla (Battle-Scarred) (CS2)
2025-07-12 11:59:44.337 | INFO     | __main__:_fetch_price_history:355 - 📊 FETCHED: 1431 price history entries for MP7 | Guerrilla (Battle-Scarred) (CS2)
2025-07-12 11:59:52.835 | INFO     | __main__:process_item:303 - ✅ SUCCESS: Fetched and stored 1431 price history entries for MP7 | Guerrilla (Battle-Scarred) (CS2)
2025-07-12 11:59:52.840 | INFO     | __main__:update_csv_summary:177 - 📄 CSV UPDATED: MP7 | Guerrilla (Battle-Scarred) - 1431 data points, $1.32
2025-07-12 11:59:52.842 | DEBUG    | __main__:process_item:250 - Processing price history for StatTrak™ G3SG1 | Dream Glade (Minimal Wear) (CS2)
2025-07-12 11:59:53.125 | INFO     | __main__:_fetch_price_history:355 - 📊 FETCHED: 1650 price history entries for StatTrak™ G3SG1 | Dream Glade (Minimal Wear) (CS2)
2025-07-12 12:00:04.406 | INFO     | __main__:process_item:303 - ✅ SUCCESS: Fetched and stored 1650 price history entries for StatTrak™ G3SG1 | Dream Glade (Minimal Wear) (CS2)
2025-07-12 12:00:04.410 | INFO     | __main__:update_csv_summary:177 - 📄 CSV UPDATED: StatTrak™ G3SG1 | Dream Glade (Minimal Wear) - 1650 data points, $1.23
2025-07-12 12:00:04.412 | INFO     | __main__:_log_progress_summary:388 - 📊 CS2 Progress Summary:
2025-07-12 12:00:04.413 | INFO     | __main__:_log_progress_summary:389 -    Processed: 355 | Success: 355 | Failed: 0
2025-07-12 12:00:04.413 | INFO     | __main__:_log_progress_summary:390 -    Rate Limited: 0 | No Data: 0 | Success Rate: 100.0%
2025-07-12 12:00:04.414 | DEBUG    | __main__:process_item:250 - Processing price history for MAG-7 | BI83 Spectrum (Well-Worn) (CS2)
2025-07-12 12:00:04.745 | INFO     | __main__:_fetch_price_history:355 - 📊 FETCHED: 1433 price history entries for MAG-7 | BI83 Spectrum (Well-Worn) (CS2)
2025-07-12 12:00:10.113 | INFO     | __main__:process_batch:509 - Starting new batch processing cycle
2025-07-12 12:00:10.114 | INFO     | __main__:_process_game_items:552 - Processing items for game: CS2 starting from page 124
2025-07-12 12:00:10.115 | INFO     | __main__:_process_page:579 - Processing page 125 for CS2 (items 1240-1249)
2025-07-12 12:00:12.624 | INFO     | __main__:process_item:303 - ✅ SUCCESS: Fetched and stored 1433 price history entries for MAG-7 | BI83 Spectrum (Well-Worn) (CS2)
2025-07-12 12:00:12.628 | INFO     | __main__:update_csv_summary:177 - 📄 CSV UPDATED: MAG-7 | BI83 Spectrum (Well-Worn) - 1433 data points, $1.97
2025-07-12 12:00:12.629 | DEBUG    | __main__:process_item:250 - Processing price history for AUG | Arctic Wolf (Factory New) (CS2)
2025-07-12 12:00:12.815 | INFO     | __main__:_fetch_price_history:355 - 📊 FETCHED: 2173 price history entries for AUG | Arctic Wolf (Factory New) (CS2)
2025-07-12 12:00:13.247 | DEBUG    | __main__:_make_api_request:479 - Response status: 200
2025-07-12 12:00:13.248 | DEBUG    | __main__:_make_api_request:480 - Response headers: {'Server': 'nginx', 'Content-Type': 'application/json; charset=utf-8', 'X-Frame-Options': 'DENY', 'Expires': 'Mon, 26 Jul 1997 05:00:00 GMT', 'Cache-Control': 'no-cache', 'Content-Encoding': 'gzip', 'Vary': 'Accept-Encoding', 'Content-Length': '2339', 'Date': 'Sat, 12 Jul 2025 16:00:13 GMT', 'Connection': 'keep-alive'}
2025-07-12 12:00:13.249 | DEBUG    | __main__:_make_api_request:481 - Response content (first 500 chars): {"success":true,"start":1240,"pagesize":10,"total_count":24415,"searchdata":{"query":"","search_descriptions":false,"total_count":24415,"pagesize":10,"prefix":"searchResults","class_prefix":"market"},"results":[{"name":"AK-47 | Green Laminate (Field-Tested)","hash_name":"AK-47 | Green Laminate (Field-Tested)","sell_listings":39,"sell_price":2415,"sell_price_text":"$24.15","app_icon":"https:\/\/cdn.akamai.steamstatic.com\/steamcommunity\/public\/images\/apps\/730\/8dbc71957312bbd3baea65848b545be9
2025-07-12 12:00:16.252 | DEBUG    | __main__:_process_item:637 - Queued item: MarketItem(AK-47 | Green Laminate (Field-Tested), $24.15, 39 listings)
2025-07-12 12:00:16.253 | DEBUG    | __main__:_process_item:637 - Queued item: MarketItem(Negev | dev_texture (Factory New), $1.91, 126 listings)
2025-07-12 12:00:16.253 | DEBUG    | __main__:_process_item:637 - Queued item: MarketItem(Souvenir Tec-9 | Blast From the Past (Factory New), $1.65, 34 listings)
2025-07-12 12:00:16.255 | DEBUG    | __main__:_process_item:637 - Queued item: MarketItem(AWP | Neo-Noir (Factory New), $44.59, 158 listings)
2025-07-12 12:00:16.256 | DEBUG    | __main__:_process_item:637 - Queued item: MarketItem(Negev | Lionfish (Factory New), $2.00, 121 listings)
2025-07-12 12:00:16.257 | DEBUG    | __main__:_process_item:637 - Queued item: MarketItem(Desert Eagle | Starcade (Minimal Wear), $89.48, 48 listings)
2025-07-12 12:00:16.257 | DEBUG    | __main__:_process_item:637 - Queued item: MarketItem(AUG | Lil' Pig (Minimal Wear), $59.61, 32 listings)
2025-07-12 12:00:16.258 | DEBUG    | __main__:_process_item:637 - Queued item: MarketItem(StatTrak™ SCAR-20 | Fragments (Well-Worn), $0.14, 86 listings)
2025-07-12 12:00:16.259 | DEBUG    | __main__:_process_item:637 - Queued item: MarketItem(SSG 08 | Threat Detected (Minimal Wear), $49.98, 21 listings)
2025-07-12 12:00:16.259 | DEBUG    | __main__:_process_item:637 - Queued item: MarketItem(M4A4 | Polysoup (Field-Tested), $6.60, 130 listings)
2025-07-12 12:00:16.260 | INFO     | __main__:_process_page:593 - Processed 10 items for CS2 page 125
2025-07-12 12:00:16.261 | INFO     | __main__:_process_page:579 - Processing page 126 for CS2 (items 1250-1259)
2025-07-12 12:00:19.769 | DEBUG    | __main__:_make_api_request:479 - Response status: 200
2025-07-12 12:00:19.770 | DEBUG    | __main__:_make_api_request:480 - Response headers: {'Server': 'nginx', 'Content-Type': 'application/json; charset=utf-8', 'X-Frame-Options': 'DENY', 'Expires': 'Mon, 26 Jul 1997 05:00:00 GMT', 'Cache-Control': 'no-cache', 'Content-Encoding': 'gzip', 'Vary': 'Accept-Encoding', 'Content-Length': '2098', 'Date': 'Sat, 12 Jul 2025 16:00:20 GMT', 'Connection': 'keep-alive'}
2025-07-12 12:00:19.771 | DEBUG    | __main__:_make_api_request:481 - Response content (first 500 chars): {"success":true,"start":1250,"pagesize":10,"total_count":24415,"searchdata":{"query":"","search_descriptions":false,"total_count":24415,"pagesize":10,"prefix":"searchResults","class_prefix":"market"},"results":[{"name":"StatTrak™ CZ75-Auto | Crimson Web (Field-Tested)","hash_name":"StatTrak™ CZ75-Auto | Crimson Web (Field-Tested)","sell_listings":100,"sell_price":406,"sell_price_text":"$4.06","app_icon":"https:\/\/cdn.akamai.steamstatic.com\/steamcommunity\/public\/images\/apps\/730\/8dbc7195731
2025-07-12 12:00:22.773 | DEBUG    | __main__:_process_item:637 - Queued item: MarketItem(StatTrak™ CZ75-Auto | Crimson Web (Field-Tested), $4.06, 100 listings)
2025-07-12 12:00:22.774 | DEBUG    | __main__:_process_item:637 - Queued item: MarketItem(USP-S | Royal Blue (Field-Tested), $22.42, 192 listings)
2025-07-12 12:00:22.775 | DEBUG    | __main__:_process_item:637 - Queued item: MarketItem(Five-SeveN | Capillary (Battle-Scarred), $0.36, 104 listings)
2025-07-12 12:00:22.776 | DEBUG    | __main__:_process_item:637 - Queued item: MarketItem(P2000 | Coach Class (Factory New), $21.27, 17 listings)
2025-07-12 12:00:22.776 | DEBUG    | __main__:_process_item:637 - Queued item: MarketItem(CZ75-Auto | Twist (Minimal Wear), $2.55, 126 listings)
2025-07-12 12:00:22.777 | DEBUG    | __main__:_process_item:637 - Queued item: MarketItem(Five-SeveN | Jungle (Battle-Scarred), $2.62, 36 listings)
2025-07-12 12:00:22.777 | DEBUG    | __main__:_process_item:637 - Queued item: MarketItem(PP-Bizon | Forest Leaves (Battle-Scarred), $2.95, 26 listings)
2025-07-12 12:00:22.778 | DEBUG    | __main__:_process_item:637 - Queued item: MarketItem(StatTrak™ UMP-45 | Delusion (Minimal Wear), $2.11, 126 listings)
2025-07-12 12:00:22.779 | DEBUG    | __main__:_process_item:637 - Queued item: MarketItem(SSG 08 | Lichen Dashed (Well-Worn), $2.82, 30 listings)
2025-07-12 12:00:22.780 | DEBUG    | __main__:_process_item:637 - Queued item: MarketItem(Nova | Forest Leaves (Field-Tested), $2.11, 80 listings)
2025-07-12 12:00:22.780 | INFO     | __main__:_process_page:593 - Processed 10 items for CS2 page 126
2025-07-12 12:00:22.782 | INFO     | __main__:_process_page:579 - Processing page 127 for CS2 (items 1260-1269)
2025-07-12 12:00:25.755 | DEBUG    | __main__:_make_api_request:479 - Response status: 200
2025-07-12 12:00:25.756 | DEBUG    | __main__:_make_api_request:480 - Response headers: {'Server': 'nginx', 'Content-Type': 'application/json; charset=utf-8', 'X-Frame-Options': 'DENY', 'Expires': 'Mon, 26 Jul 1997 05:00:00 GMT', 'Cache-Control': 'no-cache', 'Content-Encoding': 'gzip', 'Vary': 'Accept-Encoding', 'Content-Length': '2306', 'Date': 'Sat, 12 Jul 2025 16:00:26 GMT', 'Connection': 'keep-alive'}
2025-07-12 12:00:25.757 | DEBUG    | __main__:_make_api_request:481 - Response content (first 500 chars): {"success":true,"start":1260,"pagesize":10,"total_count":24415,"searchdata":{"query":"","search_descriptions":false,"total_count":24415,"pagesize":10,"prefix":"searchResults","class_prefix":"market"},"results":[{"name":"XM1014 | Urban Perforated (Battle-Scarred)","hash_name":"XM1014 | Urban Perforated (Battle-Scarred)","sell_listings":37,"sell_price":293,"sell_price_text":"$2.93","app_icon":"https:\/\/cdn.akamai.steamstatic.com\/steamcommunity\/public\/images\/apps\/730\/8dbc71957312bbd3baea6584
2025-07-12 12:00:26.580 | INFO     | __main__:process_item:303 - ✅ SUCCESS: Fetched and stored 2173 price history entries for AUG | Arctic Wolf (Factory New) (CS2)
2025-07-12 12:00:26.585 | INFO     | __main__:update_csv_summary:177 - 📄 CSV UPDATED: AUG | Arctic Wolf (Factory New) - 2173 data points, $7.79
2025-07-12 12:00:26.587 | DEBUG    | __main__:process_item:250 - Processing price history for Souvenir Nova | Polar Mesh (Battle-Scarred) (CS2)
2025-07-12 12:00:26.894 | INFO     | __main__:_fetch_price_history:355 - 📊 FETCHED: 3933 price history entries for Souvenir Nova | Polar Mesh (Battle-Scarred) (CS2)
2025-07-12 12:00:28.758 | DEBUG    | __main__:_process_item:637 - Queued item: MarketItem(XM1014 | Urban Perforated (Battle-Scarred), $2.93, 37 listings)
2025-07-12 12:00:28.759 | DEBUG    | __main__:_process_item:637 - Queued item: MarketItem(Glock-18 | Royal Legion (Well-Worn), $3.08, 117 listings)
2025-07-12 12:00:28.759 | DEBUG    | __main__:_process_item:637 - Queued item: MarketItem(StatTrak™ CZ75-Auto | Pole Position (Battle-Scarred), $1.39, 46 listings)
2025-07-12 12:00:28.760 | DEBUG    | __main__:_process_item:637 - Queued item: MarketItem(UMP-45 | Scaffold (Minimal Wear), $3.35, 118 listings)
2025-07-12 12:00:28.760 | DEBUG    | __main__:_process_item:637 - Queued item: MarketItem(StatTrak™ XM1014 | Slipstream (Minimal Wear), $1.05, 147 listings)
2025-07-12 12:00:28.762 | DEBUG    | __main__:_process_item:637 - Queued item: MarketItem(UMP-45 | Full Stop (Well-Worn), $1.64, 33 listings)
2025-07-12 12:00:28.763 | DEBUG    | __main__:_process_item:637 - Queued item: MarketItem(Negev | Boroque Sand (Field-Tested), $1.79, 148 listings)
2025-07-12 12:00:28.763 | DEBUG    | __main__:_process_item:637 - Queued item: MarketItem(Sawed-Off | Sage Spray (Well-Worn), $0.46, 92 listings)
2025-07-12 12:00:28.764 | DEBUG    | __main__:_process_item:637 - Queued item: MarketItem(Sir Bloody Darryl Royale | The Professionals, $66.30, 179 listings)
2025-07-12 12:00:28.765 | DEBUG    | __main__:_process_item:637 - Queued item: MarketItem(R8 Revolver | Night (Well-Worn), $0.76, 107 listings)
2025-07-12 12:00:28.766 | INFO     | __main__:_process_page:593 - Processed 10 items for CS2 page 127
2025-07-12 12:00:28.767 | INFO     | __main__:process_batch:520 - Queue statistics after batch:
2025-07-12 12:00:28.769 | INFO     | __main__:process_batch:522 -   CS2: Main queue: 289, Priority queue: 647
2025-07-12 12:00:28.771 | INFO     | __main__:process_batch:526 - Worker statistics:
2025-07-12 12:00:28.773 | INFO     | __main__:process_batch:528 -   CS2: Processed: 357, Errors: 0, Alive: True
2025-07-12 12:00:28.775 | INFO     | __main__:process_batch:531 - Price history processing summary:
2025-07-12 12:00:28.777 | INFO     | __main__:process_batch:533 -   CS2:
2025-07-12 12:00:28.779 | INFO     | __main__:process_batch:534 -     ✓ Successfully fetched: 357
2025-07-12 12:00:28.780 | INFO     | __main__:process_batch:535 -     ❌ Failed to fetch: 0
2025-07-12 12:00:28.782 | INFO     | __main__:process_batch:536 -     🔄 Rate limited: 0
2025-07-12 12:00:28.784 | INFO     | __main__:process_batch:537 -     ⚠ No data available: 0
2025-07-12 12:00:28.787 | INFO     | __main__:process_batch:540 -     📊 Success rate: 100.0%
2025-07-12 12:00:28.790 | DEBUG    | __main__:_save_pagination_state:705 - Pagination state saved
2025-07-12 12:00:28.793 | INFO     | __main__:process_batch:545 - Batch processing completed. Waiting 5 minutes before next batch.
2025-07-12 12:00:49.864 | INFO     | __main__:process_item:303 - ✅ SUCCESS: Fetched and stored 3933 price history entries for Souvenir Nova | Polar Mesh (Battle-Scarred) (CS2)
2025-07-12 12:00:49.868 | INFO     | __main__:update_csv_summary:177 - 📄 CSV UPDATED: Souvenir Nova | Polar Mesh (Battle-Scarred) - 3933 data points, $0.31
2025-07-12 12:00:49.870 | DEBUG    | __main__:process_item:250 - Processing price history for P90 | Leather (Factory New) (CS2)
2025-07-12 12:00:50.105 | INFO     | __main__:_fetch_price_history:355 - 📊 FETCHED: 2901 price history entries for P90 | Leather (Factory New) (CS2)
2025-07-12 12:01:08.526 | INFO     | __main__:process_item:303 - ✅ SUCCESS: Fetched and stored 2901 price history entries for P90 | Leather (Factory New) (CS2)
2025-07-12 12:01:08.530 | INFO     | __main__:update_csv_summary:177 - 📄 CSV UPDATED: P90 | Leather (Factory New) - 2901 data points, $26.99
2025-07-12 12:01:08.532 | INFO     | __main__:_log_progress_summary:388 - 📊 CS2 Progress Summary:
2025-07-12 12:01:08.532 | INFO     | __main__:_log_progress_summary:389 -    Processed: 359 | Success: 359 | Failed: 0
2025-07-12 12:01:08.534 | INFO     | __main__:_log_progress_summary:390 -    Rate Limited: 0 | No Data: 0 | Success Rate: 100.0%
2025-07-12 12:01:08.535 | DEBUG    | __main__:process_item:250 - Processing price history for StatTrak™ P250 | Mehndi (Field-Tested) (CS2)
2025-07-12 12:01:08.765 | INFO     | __main__:_fetch_price_history:355 - 📊 FETCHED: 3331 price history entries for StatTrak™ P250 | Mehndi (Field-Tested) (CS2)
2025-07-12 12:01:28.444 | INFO     | __main__:process_item:303 - ✅ SUCCESS: Fetched and stored 3331 price history entries for StatTrak™ P250 | Mehndi (Field-Tested) (CS2)
2025-07-12 12:01:28.448 | INFO     | __main__:update_csv_summary:177 - 📄 CSV UPDATED: StatTrak™ P250 | Mehndi (Field-Tested) - 3331 data points, $46.04
2025-07-12 12:01:28.450 | DEBUG    | __main__:process_item:250 - Processing price history for FAMAS | Teardown (Battle-Scarred) (CS2)
2025-07-12 12:01:28.658 | INFO     | __main__:_fetch_price_history:355 - 📊 FETCHED: 4725 price history entries for FAMAS | Teardown (Battle-Scarred) (CS2)
2025-07-12 12:01:58.680 | INFO     | __main__:process_item:303 - ✅ SUCCESS: Fetched and stored 4725 price history entries for FAMAS | Teardown (Battle-Scarred) (CS2)
2025-07-12 12:01:58.685 | INFO     | __main__:update_csv_summary:177 - 📄 CSV UPDATED: FAMAS | Teardown (Battle-Scarred) - 4725 data points, $0.46
2025-07-12 12:01:58.688 | DEBUG    | __main__:process_item:250 - Processing price history for Souvenir AK-47 | Safari Mesh (Battle-Scarred) (CS2)
2025-07-12 12:01:59.037 | INFO     | __main__:_fetch_price_history:355 - 📊 FETCHED: 3621 price history entries for Souvenir AK-47 | Safari Mesh (Battle-Scarred) (CS2)
2025-07-12 12:02:21.465 | INFO     | __main__:process_item:303 - ✅ SUCCESS: Fetched and stored 3621 price history entries for Souvenir AK-47 | Safari Mesh (Battle-Scarred) (CS2)
2025-07-12 12:02:21.471 | INFO     | __main__:update_csv_summary:177 - 📄 CSV UPDATED: Souvenir AK-47 | Safari Mesh (Battle-Scarred) - 3621 data points, $20.15
2025-07-12 12:02:21.474 | INFO     | __main__:_log_progress_summary:388 - 📊 CS2 Progress Summary:
2025-07-12 12:02:21.475 | INFO     | __main__:_log_progress_summary:389 -    Processed: 362 | Success: 362 | Failed: 0
2025-07-12 12:02:21.475 | INFO     | __main__:_log_progress_summary:390 -    Rate Limited: 0 | No Data: 0 | Success Rate: 100.0%
2025-07-12 12:02:21.476 | DEBUG    | __main__:process_item:250 - Processing price history for Rio 2022 Nuke Souvenir Package (CS2)
2025-07-12 12:02:21.674 | INFO     | __main__:_fetch_price_history:355 - 📊 FETCHED: 772 price history entries for Rio 2022 Nuke Souvenir Package (CS2)
2025-07-12 12:02:26.312 | INFO     | __main__:process_item:303 - ✅ SUCCESS: Fetched and stored 772 price history entries for Rio 2022 Nuke Souvenir Package (CS2)
2025-07-12 12:02:26.322 | INFO     | __main__:update_csv_summary:177 - 📄 CSV UPDATED: Rio 2022 Nuke Souvenir Package - 772 data points, $7.65
2025-07-12 12:02:26.475 | DEBUG    | __main__:process_item:250 - Processing price history for Desert Eagle | Bronze Deco (Battle-Scarred) (CS2)
2025-07-12 12:02:26.821 | INFO     | __main__:_fetch_price_history:355 - 📊 FETCHED: 3783 price history entries for Desert Eagle | Bronze Deco (Battle-Scarred) (CS2)
2025-07-12 12:02:53.536 | INFO     | __main__:process_item:303 - ✅ SUCCESS: Fetched and stored 3783 price history entries for Desert Eagle | Bronze Deco (Battle-Scarred) (CS2)
2025-07-12 12:02:53.543 | INFO     | __main__:update_csv_summary:177 - 📄 CSV UPDATED: Desert Eagle | Bronze Deco (Battle-Scarred) - 3783 data points, $0.48
2025-07-12 12:02:53.546 | DEBUG    | __main__:process_item:250 - Processing price history for StatTrak™ Sawed-Off | Yorick (Battle-Scarred) (CS2)
2025-07-12 12:02:53.839 | INFO     | __main__:_fetch_price_history:355 - 📊 FETCHED: 3582 price history entries for StatTrak™ Sawed-Off | Yorick (Battle-Scarred) (CS2)
2025-07-12 12:03:22.489 | INFO     | __main__:process_item:303 - ✅ SUCCESS: Fetched and stored 3582 price history entries for StatTrak™ Sawed-Off | Yorick (Battle-Scarred) (CS2)
2025-07-12 12:03:22.496 | INFO     | __main__:update_csv_summary:177 - 📄 CSV UPDATED: StatTrak™ Sawed-Off | Yorick (Battle-Scarred) - 3582 data points, $0.32
2025-07-12 12:03:22.499 | INFO     | __main__:_log_progress_summary:388 - 📊 CS2 Progress Summary:
2025-07-12 12:03:22.500 | INFO     | __main__:_log_progress_summary:389 -    Processed: 365 | Success: 365 | Failed: 0
2025-07-12 12:03:22.501 | INFO     | __main__:_log_progress_summary:390 -    Rate Limited: 0 | No Data: 0 | Success Rate: 100.0%
2025-07-12 12:03:22.502 | DEBUG    | __main__:process_item:250 - Processing price history for StatTrak™ Sawed-Off | Black Sand (Well-Worn) (CS2)
2025-07-12 12:03:22.687 | INFO     | __main__:_fetch_price_history:355 - 📊 FETCHED: 2491 price history entries for StatTrak™ Sawed-Off | Black Sand (Well-Worn) (CS2)
2025-07-12 12:03:40.982 | INFO     | __main__:process_item:303 - ✅ SUCCESS: Fetched and stored 2491 price history entries for StatTrak™ Sawed-Off | Black Sand (Well-Worn) (CS2)
2025-07-12 12:03:40.986 | INFO     | __main__:update_csv_summary:177 - 📄 CSV UPDATED: StatTrak™ Sawed-Off | Black Sand (Well-Worn) - 2491 data points, $0.18
2025-07-12 12:03:40.988 | DEBUG    | __main__:process_item:250 - Processing price history for Souvenir XM1014 | CaliCamo (Field-Tested) (CS2)
2025-07-12 12:03:41.307 | INFO     | __main__:_fetch_price_history:355 - 📊 FETCHED: 826 price history entries for Souvenir XM1014 | CaliCamo (Field-Tested) (CS2)
2025-07-12 12:03:47.395 | INFO     | __main__:process_item:303 - ✅ SUCCESS: Fetched and stored 826 price history entries for Souvenir XM1014 | CaliCamo (Field-Tested) (CS2)
2025-07-12 12:03:47.411 | INFO     | __main__:update_csv_summary:177 - 📄 CSV UPDATED: Souvenir XM1014 | CaliCamo (Field-Tested) - 826 data points, $87.64
2025-07-12 12:03:47.415 | DEBUG    | __main__:process_item:250 - Processing price history for P250 | Whiteout (Minimal Wear) (CS2)
2025-07-12 12:03:47.634 | INFO     | __main__:_fetch_price_history:355 - 📊 FETCHED: 3702 price history entries for P250 | Whiteout (Minimal Wear) (CS2)
2025-07-12 12:04:12.929 | INFO     | __main__:process_item:303 - ✅ SUCCESS: Fetched and stored 3702 price history entries for P250 | Whiteout (Minimal Wear) (CS2)
2025-07-12 12:04:12.938 | INFO     | __main__:update_csv_summary:177 - 📄 CSV UPDATED: P250 | Whiteout (Minimal Wear) - 3702 data points, $86.34
2025-07-12 12:04:12.941 | DEBUG    | __main__:process_item:250 - Processing price history for USP-S | Road Rash (Field-Tested) (CS2)
2025-07-12 12:04:13.190 | INFO     | __main__:_fetch_price_history:355 - 📊 FETCHED: 3783 price history entries for USP-S | Road Rash (Field-Tested) (CS2)
2025-07-12 12:04:37.671 | INFO     | __main__:process_item:303 - ✅ SUCCESS: Fetched and stored 3783 price history entries for USP-S | Road Rash (Field-Tested) (CS2)
2025-07-12 12:04:37.680 | INFO     | __main__:update_csv_summary:177 - 📄 CSV UPDATED: USP-S | Road Rash (Field-Tested) - 3783 data points, $46.51
2025-07-12 12:04:37.684 | INFO     | __main__:_log_progress_summary:388 - 📊 CS2 Progress Summary:
2025-07-12 12:04:37.686 | INFO     | __main__:_log_progress_summary:389 -    Processed: 369 | Success: 369 | Failed: 0
2025-07-12 12:04:37.687 | INFO     | __main__:_log_progress_summary:390 -    Rate Limited: 0 | No Data: 0 | Success Rate: 100.0%
2025-07-12 12:04:37.688 | DEBUG    | __main__:process_item:250 - Processing price history for MP9 | Dark Age (Field-Tested) (CS2)
2025-07-12 12:04:37.947 | INFO     | __main__:_fetch_price_history:355 - 📊 FETCHED: 1424 price history entries for MP9 | Dark Age (Field-Tested) (CS2)
2025-07-12 12:04:47.233 | INFO     | __main__:process_item:303 - ✅ SUCCESS: Fetched and stored 1424 price history entries for MP9 | Dark Age (Field-Tested) (CS2)
2025-07-12 12:04:47.238 | INFO     | __main__:update_csv_summary:177 - 📄 CSV UPDATED: MP9 | Dark Age (Field-Tested) - 1424 data points, $199.99
2025-07-12 12:04:47.240 | DEBUG    | __main__:process_item:250 - Processing price history for CZ75-Auto | Midnight Palm (Factory New) (CS2)
2025-07-12 12:04:47.601 | INFO     | __main__:_fetch_price_history:355 - 📊 FETCHED: 1390 price history entries for CZ75-Auto | Midnight Palm (Factory New) (CS2)
2025-07-12 12:04:56.957 | INFO     | __main__:process_item:303 - ✅ SUCCESS: Fetched and stored 1390 price history entries for CZ75-Auto | Midnight Palm (Factory New) (CS2)
2025-07-12 12:04:56.964 | INFO     | __main__:update_csv_summary:177 - 📄 CSV UPDATED: CZ75-Auto | Midnight Palm (Factory New) - 1390 data points, $4.23
2025-07-12 12:04:56.968 | DEBUG    | __main__:process_item:250 - Processing price history for Glock-18 | Red Tire (Factory New) (CS2)
2025-07-12 12:04:57.183 | ERROR    | __main__:_fetch_price_history:367 - ❌ HTTP ERROR: Error fetching price history for Glock-18 | Red Tire (Factory New) (CS2): 400 Client Error: Bad Request for url: https://steamcommunity.com/market/pricehistory/?appid=730&market_hash_name=Glock-18+%7C+Red+Tire+%28Factory+New%29&currency=1
2025-07-12 12:05:05.318 | ERROR    | __main__:_fetch_price_history:367 - ❌ HTTP ERROR: Error fetching price history for Glock-18 | Red Tire (Factory New) (CS2): 400 Client Error: Bad Request for url: https://steamcommunity.com/market/pricehistory/?appid=730&market_hash_name=Glock-18+%7C+Red+Tire+%28Factory+New%29&currency=1
2025-07-12 12:05:13.517 | ERROR    | __main__:_fetch_price_history:367 - ❌ HTTP ERROR: Error fetching price history for Glock-18 | Red Tire (Factory New) (CS2): 400 Client Error: Bad Request for url: https://steamcommunity.com/market/pricehistory/?appid=730&market_hash_name=Glock-18+%7C+Red+Tire+%28Factory+New%29&currency=1
2025-07-12 12:05:13.519 | ERROR    | __main__:process_item:318 - ❌ STEAM API ERROR: Failed to fetch price history for Glock-18 | Red Tire (Factory New) (CS2): HTTP error: 400 Client Error: Bad Request for url: https://steamcommunity.com/market/pricehistory/?appid=730&market_hash_name=Glock-18+%7C+Red+Tire+%28Factory+New%29&currency=1
2025-07-12 12:05:13.520 | ERROR    | __main__:run:236 - Worker error for CS2: HTTP error: 400 Client Error: Bad Request for url: https://steamcommunity.com/market/pricehistory/?appid=730&market_hash_name=Glock-18+%7C+Red+Tire+%28Factory+New%29&currency=1
2025-07-12 12:05:14.521 | DEBUG    | __main__:process_item:250 - Processing price history for AK-47 | Aquamarine Revenge (Well-Worn) (CS2)
2025-07-12 12:05:14.669 | ERROR    | __main__:_fetch_price_history:367 - ❌ HTTP ERROR: Error fetching price history for AK-47 | Aquamarine Revenge (Well-Worn) (CS2): 400 Client Error: Bad Request for url: https://steamcommunity.com/market/pricehistory/?appid=730&market_hash_name=AK-47+%7C+Aquamarine+Revenge+%28Well-Worn%29&currency=1
2025-07-12 12:05:22.819 | ERROR    | __main__:_fetch_price_history:367 - ❌ HTTP ERROR: Error fetching price history for AK-47 | Aquamarine Revenge (Well-Worn) (CS2): 400 Client Error: Bad Request for url: https://steamcommunity.com/market/pricehistory/?appid=730&market_hash_name=AK-47+%7C+Aquamarine+Revenge+%28Well-Worn%29&currency=1
2025-07-12 12:05:28.795 | INFO     | __main__:process_batch:509 - Starting new batch processing cycle
2025-07-12 12:05:28.796 | INFO     | __main__:_process_game_items:552 - Processing items for game: CS2 starting from page 127
2025-07-12 12:05:28.797 | INFO     | __main__:_process_page:579 - Processing page 128 for CS2 (items 1270-1279)
2025-07-12 12:05:30.506 | DEBUG    | __main__:_make_api_request:479 - Response status: 200
2025-07-12 12:05:30.507 | DEBUG    | __main__:_make_api_request:480 - Response headers: {'Server': 'nginx', 'Content-Type': 'application/json; charset=utf-8', 'X-Frame-Options': 'DENY', 'Expires': 'Mon, 26 Jul 1997 05:00:00 GMT', 'Cache-Control': 'no-cache', 'Content-Encoding': 'gzip', 'Vary': 'Accept-Encoding', 'Content-Length': '2248', 'Date': 'Sat, 12 Jul 2025 16:05:30 GMT', 'Connection': 'keep-alive'}
2025-07-12 12:05:30.508 | DEBUG    | __main__:_make_api_request:481 - Response content (first 500 chars): {"success":true,"start":1270,"pagesize":10,"total_count":24413,"searchdata":{"query":"","search_descriptions":false,"total_count":24413,"pagesize":10,"prefix":"searchResults","class_prefix":"market"},"results":[{"name":"AWP | Snake Camo (Field-Tested)","hash_name":"AWP | Snake Camo (Field-Tested)","sell_listings":14,"sell_price":14780,"sell_price_text":"$147.80","app_icon":"https:\/\/cdn.akamai.steamstatic.com\/steamcommunity\/public\/images\/apps\/730\/8dbc71957312bbd3baea65848b545be9eae2a355.j
2025-07-12 12:05:30.938 | ERROR    | __main__:_fetch_price_history:367 - ❌ HTTP ERROR: Error fetching price history for AK-47 | Aquamarine Revenge (Well-Worn) (CS2): 400 Client Error: Bad Request for url: https://steamcommunity.com/market/pricehistory/?appid=730&market_hash_name=AK-47+%7C+Aquamarine+Revenge+%28Well-Worn%29&currency=1
2025-07-12 12:05:30.939 | ERROR    | __main__:process_item:318 - ❌ STEAM API ERROR: Failed to fetch price history for AK-47 | Aquamarine Revenge (Well-Worn) (CS2): HTTP error: 400 Client Error: Bad Request for url: https://steamcommunity.com/market/pricehistory/?appid=730&market_hash_name=AK-47+%7C+Aquamarine+Revenge+%28Well-Worn%29&currency=1
2025-07-12 12:05:30.940 | ERROR    | __main__:run:236 - Worker error for CS2: HTTP error: 400 Client Error: Bad Request for url: https://steamcommunity.com/market/pricehistory/?appid=730&market_hash_name=AK-47+%7C+Aquamarine+Revenge+%28Well-Worn%29&currency=1
2025-07-12 12:05:31.942 | DEBUG    | __main__:process_item:250 - Processing price history for AK-47 | Leet Museo (Well-Worn) (CS2)
2025-07-12 12:05:32.066 | ERROR    | __main__:_fetch_price_history:367 - ❌ HTTP ERROR: Error fetching price history for AK-47 | Leet Museo (Well-Worn) (CS2): 400 Client Error: Bad Request for url: https://steamcommunity.com/market/pricehistory/?appid=730&market_hash_name=AK-47+%7C+Leet+Museo+%28Well-Worn%29&currency=1
2025-07-12 12:05:33.510 | DEBUG    | __main__:_process_item:637 - Queued item: MarketItem(AWP | Snake Camo (Field-Tested), $147.80, 14 listings)
2025-07-12 12:05:33.511 | DEBUG    | __main__:_process_item:637 - Queued item: MarketItem(MAC-10 | Tornado (Battle-Scarred), $3.41, 44 listings)
2025-07-12 12:05:33.512 | DEBUG    | __main__:_process_item:637 - Queued item: MarketItem(MP9 | Arctic Tri-Tone (Factory New), $15.00, 116 listings)
2025-07-12 12:05:33.512 | DEBUG    | __main__:_process_item:637 - Queued item: MarketItem(Desert Eagle | Urban Rubble (Battle-Scarred), $0.64, 161 listings)
2025-07-12 12:05:33.513 | DEBUG    | __main__:_process_item:637 - Queued item: MarketItem(StatTrak™ M249 | Magma (Minimal Wear), $2.22, 50 listings)
2025-07-12 12:05:33.513 | DEBUG    | __main__:_process_item:637 - Queued item: MarketItem(Negev | Anodized Navy (Factory New), $483.74, 5 listings)
2025-07-12 12:05:33.513 | DEBUG    | __main__:_process_item:637 - Queued item: MarketItem(MP7 | Armor Core (Well-Worn), $0.27, 115 listings)
2025-07-12 12:05:33.514 | DEBUG    | __main__:_process_item:637 - Queued item: MarketItem(Souvenir P90 | Scorched (Minimal Wear), $0.59, 197 listings)
2025-07-12 12:05:33.515 | DEBUG    | __main__:_process_item:637 - Queued item: MarketItem(AUG | Tom Cat (Well-Worn), $0.19, 93 listings)
2025-07-12 12:05:33.516 | DEBUG    | __main__:_process_item:637 - Queued item: MarketItem(StatTrak™ G3SG1 | Hunter (Field-Tested), $0.19, 104 listings)
2025-07-12 12:05:33.518 | INFO     | __main__:_process_page:593 - Processed 10 items for CS2 page 128
2025-07-12 12:05:33.518 | INFO     | __main__:_process_page:579 - Processing page 129 for CS2 (items 1280-1289)
2025-07-12 12:05:37.472 | DEBUG    | __main__:_make_api_request:479 - Response status: 200
2025-07-12 12:05:37.472 | DEBUG    | __main__:_make_api_request:480 - Response headers: {'Server': 'nginx', 'Content-Type': 'application/json; charset=utf-8', 'X-Frame-Options': 'DENY', 'Expires': 'Mon, 26 Jul 1997 05:00:00 GMT', 'Cache-Control': 'no-cache', 'Content-Encoding': 'gzip', 'Vary': 'Accept-Encoding', 'Content-Length': '2284', 'Date': 'Sat, 12 Jul 2025 16:05:37 GMT', 'Connection': 'keep-alive'}
2025-07-12 12:05:37.473 | DEBUG    | __main__:_make_api_request:481 - Response content (first 500 chars): {"success":true,"start":1280,"pagesize":10,"total_count":24413,"searchdata":{"query":"","search_descriptions":false,"total_count":24413,"pagesize":10,"prefix":"searchResults","class_prefix":"market"},"results":[{"name":"Glock-18 | Ramese's Reach (Factory New)","hash_name":"Glock-18 | Ramese's Reach (Factory New)","sell_listings":57,"sell_price":1971,"sell_price_text":"$19.71","app_icon":"https:\/\/cdn.akamai.steamstatic.com\/steamcommunity\/public\/images\/apps\/730\/8dbc71957312bbd3baea65848b54
2025-07-12 12:05:40.215 | ERROR    | __main__:_fetch_price_history:367 - ❌ HTTP ERROR: Error fetching price history for AK-47 | Leet Museo (Well-Worn) (CS2): 400 Client Error: Bad Request for url: https://steamcommunity.com/market/pricehistory/?appid=730&market_hash_name=AK-47+%7C+Leet+Museo+%28Well-Worn%29&currency=1
2025-07-12 12:05:40.475 | DEBUG    | __main__:_process_item:637 - Queued item: MarketItem(Glock-18 | Ramese's Reach (Factory New), $19.71, 57 listings)
2025-07-12 12:05:40.475 | DEBUG    | __main__:_process_item:637 - Queued item: MarketItem(StatTrak™ P250 | Iron Clad (Minimal Wear), $0.65, 173 listings)
2025-07-12 12:05:40.476 | DEBUG    | __main__:_process_item:637 - Queued item: MarketItem(StatTrak™ R8 Revolver | Reboot (Field-Tested), $2.37, 92 listings)
2025-07-12 12:05:40.476 | DEBUG    | __main__:_process_item:637 - Queued item: MarketItem(AK-47 | Aquamarine Revenge (Field-Tested), $47.91, 113 listings)
2025-07-12 12:05:40.477 | DEBUG    | __main__:_process_item:637 - Queued item: MarketItem(MP5-SD | Agent (Battle-Scarred), $0.70, 102 listings)
2025-07-12 12:05:40.477 | DEBUG    | __main__:_process_item:637 - Queued item: MarketItem(StatTrak™ MP5-SD | Desert Strike (Factory New), $1.27, 79 listings)
2025-07-12 12:05:40.477 | DEBUG    | __main__:_process_item:637 - Queued item: MarketItem(P250 | Nevermore (Well-Worn), $1.40, 72 listings)
2025-07-12 12:05:40.478 | DEBUG    | __main__:_process_item:637 - Queued item: MarketItem(P250 | Contamination (Minimal Wear), $2.58, 87 listings)
2025-07-12 12:05:40.478 | DEBUG    | __main__:_process_item:637 - Queued item: MarketItem(P2000 | Scorpion (Factory New), $7.14, 87 listings)
2025-07-12 12:05:40.478 | DEBUG    | __main__:_process_item:637 - Queued item: MarketItem(StatTrak™ Sawed-Off | Highwayman (Well-Worn), $2.82, 19 listings)
2025-07-12 12:05:40.479 | INFO     | __main__:_process_page:593 - Processed 10 items for CS2 page 129
2025-07-12 12:05:40.479 | INFO     | __main__:_process_page:579 - Processing page 130 for CS2 (items 1290-1299)
2025-07-12 12:05:43.181 | DEBUG    | __main__:_make_api_request:479 - Response status: 200
2025-07-12 12:05:43.182 | DEBUG    | __main__:_make_api_request:480 - Response headers: {'Server': 'nginx', 'Content-Type': 'application/json; charset=utf-8', 'X-Frame-Options': 'DENY', 'Expires': 'Mon, 26 Jul 1997 05:00:00 GMT', 'Cache-Control': 'no-cache', 'Content-Encoding': 'gzip', 'Vary': 'Accept-Encoding', 'Content-Length': '2278', 'Date': 'Sat, 12 Jul 2025 16:05:43 GMT', 'Connection': 'keep-alive'}
2025-07-12 12:05:43.183 | DEBUG    | __main__:_make_api_request:481 - Response content (first 500 chars): {"success":true,"start":1290,"pagesize":10,"total_count":24413,"searchdata":{"query":"","search_descriptions":false,"total_count":24413,"pagesize":10,"prefix":"searchResults","class_prefix":"market"},"results":[{"name":"StatTrak™ Sawed-Off | Highwayman (Minimal Wear)","hash_name":"StatTrak™ Sawed-Off | Highwayman (Minimal Wear)","sell_listings":13,"sell_price":590,"sell_price_text":"$5.90","app_icon":"https:\/\/cdn.akamai.steamstatic.com\/steamcommunity\/public\/images\/apps\/730\/8dbc71957312bb
2025-07-12 12:05:46.185 | DEBUG    | __main__:_process_item:637 - Queued item: MarketItem(StatTrak™ Sawed-Off | Highwayman (Minimal Wear), $5.90, 13 listings)
2025-07-12 12:05:46.185 | DEBUG    | __main__:_process_item:637 - Queued item: MarketItem(SG 553 | Cyrex (Battle-Scarred), $5.83, 62 listings)
2025-07-12 12:05:46.186 | DEBUG    | __main__:_process_item:637 - Queued item: MarketItem(USP-S | Overgrowth (Minimal Wear), $45.37, 29 listings)
2025-07-12 12:05:46.187 | DEBUG    | __main__:_process_item:637 - Queued item: MarketItem(G3SG1 | The Executioner (Battle-Scarred), $1.79, 75 listings)
2025-07-12 12:05:46.187 | DEBUG    | __main__:_process_item:637 - Queued item: MarketItem(PP-Bizon | High Roller (Factory New), $21.79, 23 listings)
2025-07-12 12:05:46.188 | DEBUG    | __main__:_process_item:637 - Queued item: MarketItem(UMP-45 | Oscillator (Well-Worn), $0.24, 104 listings)
2025-07-12 12:05:46.188 | DEBUG    | __main__:_process_item:637 - Queued item: MarketItem(Souvenir SG 553 | Integrale (Minimal Wear), $641.30, 8 listings)
2025-07-12 12:05:46.188 | DEBUG    | __main__:_process_item:637 - Queued item: MarketItem(Souvenir Galil AR | Hunting Blind (Battle-Scarred), $1.40, 103 listings)
2025-07-12 12:05:46.189 | DEBUG    | __main__:_process_item:637 - Queued item: MarketItem(SSG 08 | Lichen Dashed (Battle-Scarred), $10.95, 17 listings)
2025-07-12 12:05:46.189 | DEBUG    | __main__:_process_item:637 - Queued item: MarketItem(Sawed-Off | Copper (Battle-Scarred), $156.79, 7 listings)
2025-07-12 12:05:46.190 | INFO     | __main__:_process_page:593 - Processed 10 items for CS2 page 130
2025-07-12 12:05:46.190 | INFO     | __main__:process_batch:520 - Queue statistics after batch:
2025-07-12 12:05:46.191 | INFO     | __main__:process_batch:522 -   CS2: Main queue: 303, Priority queue: 677
2025-07-12 12:05:46.192 | INFO     | __main__:process_batch:526 - Worker statistics:
2025-07-12 12:05:46.196 | INFO     | __main__:process_batch:528 -   CS2: Processed: 371, Errors: 2, Alive: True
2025-07-12 12:05:46.197 | INFO     | __main__:process_batch:531 - Price history processing summary:
2025-07-12 12:05:46.198 | INFO     | __main__:process_batch:533 -   CS2:
2025-07-12 12:05:46.199 | INFO     | __main__:process_batch:534 -     ✓ Successfully fetched: 371
2025-07-12 12:05:46.199 | INFO     | __main__:process_batch:535 -     ❌ Failed to fetch: 2
2025-07-12 12:05:46.200 | INFO     | __main__:process_batch:536 -     🔄 Rate limited: 0
2025-07-12 12:05:46.201 | INFO     | __main__:process_batch:537 -     ⚠ No data available: 0
2025-07-12 12:05:46.203 | INFO     | __main__:process_batch:540 -     📊 Success rate: 100.0%
2025-07-12 12:05:46.207 | DEBUG    | __main__:_save_pagination_state:705 - Pagination state saved
2025-07-12 12:05:46.208 | INFO     | __main__:process_batch:545 - Batch processing completed. Waiting 5 minutes before next batch.
2025-07-12 12:05:48.376 | ERROR    | __main__:_fetch_price_history:367 - ❌ HTTP ERROR: Error fetching price history for AK-47 | Leet Museo (Well-Worn) (CS2): 400 Client Error: Bad Request for url: https://steamcommunity.com/market/pricehistory/?appid=730&market_hash_name=AK-47+%7C+Leet+Museo+%28Well-Worn%29&currency=1
2025-07-12 12:05:48.378 | ERROR    | __main__:process_item:318 - ❌ STEAM API ERROR: Failed to fetch price history for AK-47 | Leet Museo (Well-Worn) (CS2): HTTP error: 400 Client Error: Bad Request for url: https://steamcommunity.com/market/pricehistory/?appid=730&market_hash_name=AK-47+%7C+Leet+Museo+%28Well-Worn%29&currency=1
2025-07-12 12:05:48.378 | ERROR    | __main__:run:236 - Worker error for CS2: HTTP error: 400 Client Error: Bad Request for url: https://steamcommunity.com/market/pricehistory/?appid=730&market_hash_name=AK-47+%7C+Leet+Museo+%28Well-Worn%29&currency=1
2025-07-12 12:05:49.380 | DEBUG    | __main__:process_item:250 - Processing price history for Nova | Hyper Beast (Minimal Wear) (CS2)
2025-07-12 12:05:49.532 | ERROR    | __main__:_fetch_price_history:367 - ❌ HTTP ERROR: Error fetching price history for Nova | Hyper Beast (Minimal Wear) (CS2): 400 Client Error: Bad Request for url: https://steamcommunity.com/market/pricehistory/?appid=730&market_hash_name=Nova+%7C+Hyper+Beast+%28Minimal+Wear%29&currency=1
2025-07-12 12:05:57.729 | ERROR    | __main__:_fetch_price_history:367 - ❌ HTTP ERROR: Error fetching price history for Nova | Hyper Beast (Minimal Wear) (CS2): 400 Client Error: Bad Request for url: https://steamcommunity.com/market/pricehistory/?appid=730&market_hash_name=Nova+%7C+Hyper+Beast+%28Minimal+Wear%29&currency=1
2025-07-12 12:06:05.922 | ERROR    | __main__:_fetch_price_history:367 - ❌ HTTP ERROR: Error fetching price history for Nova | Hyper Beast (Minimal Wear) (CS2): 400 Client Error: Bad Request for url: https://steamcommunity.com/market/pricehistory/?appid=730&market_hash_name=Nova+%7C+Hyper+Beast+%28Minimal+Wear%29&currency=1
2025-07-12 12:06:05.924 | ERROR    | __main__:process_item:318 - ❌ STEAM API ERROR: Failed to fetch price history for Nova | Hyper Beast (Minimal Wear) (CS2): HTTP error: 400 Client Error: Bad Request for url: https://steamcommunity.com/market/pricehistory/?appid=730&market_hash_name=Nova+%7C+Hyper+Beast+%28Minimal+Wear%29&currency=1
2025-07-12 12:06:05.924 | ERROR    | __main__:run:236 - Worker error for CS2: HTTP error: 400 Client Error: Bad Request for url: https://steamcommunity.com/market/pricehistory/?appid=730&market_hash_name=Nova+%7C+Hyper+Beast+%28Minimal+Wear%29&currency=1
2025-07-12 12:06:06.926 | DEBUG    | __main__:process_item:250 - Processing price history for MAG-7 | Justice (Field-Tested) (CS2)
2025-07-12 12:06:07.083 | ERROR    | __main__:_fetch_price_history:367 - ❌ HTTP ERROR: Error fetching price history for MAG-7 | Justice (Field-Tested) (CS2): 400 Client Error: Bad Request for url: https://steamcommunity.com/market/pricehistory/?appid=730&market_hash_name=MAG-7+%7C+Justice+%28Field-Tested%29&currency=1
2025-07-12 12:06:15.201 | ERROR    | __main__:_fetch_price_history:367 - ❌ HTTP ERROR: Error fetching price history for MAG-7 | Justice (Field-Tested) (CS2): 400 Client Error: Bad Request for url: https://steamcommunity.com/market/pricehistory/?appid=730&market_hash_name=MAG-7+%7C+Justice+%28Field-Tested%29&currency=1
2025-07-12 12:06:23.406 | ERROR    | __main__:_fetch_price_history:367 - ❌ HTTP ERROR: Error fetching price history for MAG-7 | Justice (Field-Tested) (CS2): 400 Client Error: Bad Request for url: https://steamcommunity.com/market/pricehistory/?appid=730&market_hash_name=MAG-7+%7C+Justice+%28Field-Tested%29&currency=1
2025-07-12 12:06:23.408 | ERROR    | __main__:process_item:318 - ❌ STEAM API ERROR: Failed to fetch price history for MAG-7 | Justice (Field-Tested) (CS2): HTTP error: 400 Client Error: Bad Request for url: https://steamcommunity.com/market/pricehistory/?appid=730&market_hash_name=MAG-7+%7C+Justice+%28Field-Tested%29&currency=1
2025-07-12 12:06:23.409 | ERROR    | __main__:run:236 - Worker error for CS2: HTTP error: 400 Client Error: Bad Request for url: https://steamcommunity.com/market/pricehistory/?appid=730&market_hash_name=MAG-7+%7C+Justice+%28Field-Tested%29&currency=1
2025-07-12 12:06:24.410 | DEBUG    | __main__:process_item:250 - Processing price history for StatTrak™ AUG | Syd Mead (Factory New) (CS2)
2025-07-12 12:06:24.575 | ERROR    | __main__:_fetch_price_history:367 - ❌ HTTP ERROR: Error fetching price history for StatTrak™ AUG | Syd Mead (Factory New) (CS2): 400 Client Error: Bad Request for url: https://steamcommunity.com/market/pricehistory/?appid=730&market_hash_name=StatTrak%E2%84%A2+AUG+%7C+Syd+Mead+%28Factory+New%29&currency=1
2025-07-12 12:06:32.708 | ERROR    | __main__:_fetch_price_history:367 - ❌ HTTP ERROR: Error fetching price history for StatTrak™ AUG | Syd Mead (Factory New) (CS2): 400 Client Error: Bad Request for url: https://steamcommunity.com/market/pricehistory/?appid=730&market_hash_name=StatTrak%E2%84%A2+AUG+%7C+Syd+Mead+%28Factory+New%29&currency=1
2025-07-12 12:06:40.839 | ERROR    | __main__:_fetch_price_history:367 - ❌ HTTP ERROR: Error fetching price history for StatTrak™ AUG | Syd Mead (Factory New) (CS2): 400 Client Error: Bad Request for url: https://steamcommunity.com/market/pricehistory/?appid=730&market_hash_name=StatTrak%E2%84%A2+AUG+%7C+Syd+Mead+%28Factory+New%29&currency=1
2025-07-12 12:06:40.841 | ERROR    | __main__:process_item:318 - ❌ STEAM API ERROR: Failed to fetch price history for StatTrak™ AUG | Syd Mead (Factory New) (CS2): HTTP error: 400 Client Error: Bad Request for url: https://steamcommunity.com/market/pricehistory/?appid=730&market_hash_name=StatTrak%E2%84%A2+AUG+%7C+Syd+Mead+%28Factory+New%29&currency=1
2025-07-12 12:06:40.843 | ERROR    | __main__:run:236 - Worker error for CS2: HTTP error: 400 Client Error: Bad Request for url: https://steamcommunity.com/market/pricehistory/?appid=730&market_hash_name=StatTrak%E2%84%A2+AUG+%7C+Syd+Mead+%28Factory+New%29&currency=1
2025-07-12 12:06:41.844 | DEBUG    | __main__:process_item:250 - Processing price history for Souvenir FAMAS | Faulty Wiring (Well-Worn) (CS2)
2025-07-12 12:06:41.998 | ERROR    | __main__:_fetch_price_history:367 - ❌ HTTP ERROR: Error fetching price history for Souvenir FAMAS | Faulty Wiring (Well-Worn) (CS2): 400 Client Error: Bad Request for url: https://steamcommunity.com/market/pricehistory/?appid=730&market_hash_name=Souvenir+FAMAS+%7C+Faulty+Wiring+%28Well-Worn%29&currency=1
2025-07-12 12:06:50.150 | ERROR    | __main__:_fetch_price_history:367 - ❌ HTTP ERROR: Error fetching price history for Souvenir FAMAS | Faulty Wiring (Well-Worn) (CS2): 400 Client Error: Bad Request for url: https://steamcommunity.com/market/pricehistory/?appid=730&market_hash_name=Souvenir+FAMAS+%7C+Faulty+Wiring+%28Well-Worn%29&currency=1
2025-07-12 12:06:58.265 | ERROR    | __main__:_fetch_price_history:367 - ❌ HTTP ERROR: Error fetching price history for Souvenir FAMAS | Faulty Wiring (Well-Worn) (CS2): 400 Client Error: Bad Request for url: https://steamcommunity.com/market/pricehistory/?appid=730&market_hash_name=Souvenir+FAMAS+%7C+Faulty+Wiring+%28Well-Worn%29&currency=1
2025-07-12 12:06:58.266 | ERROR    | __main__:process_item:318 - ❌ STEAM API ERROR: Failed to fetch price history for Souvenir FAMAS | Faulty Wiring (Well-Worn) (CS2): HTTP error: 400 Client Error: Bad Request for url: https://steamcommunity.com/market/pricehistory/?appid=730&market_hash_name=Souvenir+FAMAS+%7C+Faulty+Wiring+%28Well-Worn%29&currency=1
2025-07-12 12:06:58.267 | ERROR    | __main__:run:236 - Worker error for CS2: HTTP error: 400 Client Error: Bad Request for url: https://steamcommunity.com/market/pricehistory/?appid=730&market_hash_name=Souvenir+FAMAS+%7C+Faulty+Wiring+%28Well-Worn%29&currency=1
2025-07-12 12:06:59.269 | DEBUG    | __main__:process_item:250 - Processing price history for SCAR-20 | Green Marine (Minimal Wear) (CS2)
2025-07-12 12:06:59.403 | ERROR    | __main__:_fetch_price_history:367 - ❌ HTTP ERROR: Error fetching price history for SCAR-20 | Green Marine (Minimal Wear) (CS2): 400 Client Error: Bad Request for url: https://steamcommunity.com/market/pricehistory/?appid=730&market_hash_name=SCAR-20+%7C+Green+Marine+%28Minimal+Wear%29&currency=1
2025-07-12 12:07:07.528 | ERROR    | __main__:_fetch_price_history:367 - ❌ HTTP ERROR: Error fetching price history for SCAR-20 | Green Marine (Minimal Wear) (CS2): 400 Client Error: Bad Request for url: https://steamcommunity.com/market/pricehistory/?appid=730&market_hash_name=SCAR-20+%7C+Green+Marine+%28Minimal+Wear%29&currency=1
2025-07-12 12:07:15.692 | ERROR    | __main__:_fetch_price_history:367 - ❌ HTTP ERROR: Error fetching price history for SCAR-20 | Green Marine (Minimal Wear) (CS2): 400 Client Error: Bad Request for url: https://steamcommunity.com/market/pricehistory/?appid=730&market_hash_name=SCAR-20+%7C+Green+Marine+%28Minimal+Wear%29&currency=1
2025-07-12 12:07:15.693 | ERROR    | __main__:process_item:318 - ❌ STEAM API ERROR: Failed to fetch price history for SCAR-20 | Green Marine (Minimal Wear) (CS2): HTTP error: 400 Client Error: Bad Request for url: https://steamcommunity.com/market/pricehistory/?appid=730&market_hash_name=SCAR-20+%7C+Green+Marine+%28Minimal+Wear%29&currency=1
2025-07-12 12:07:15.694 | ERROR    | __main__:run:236 - Worker error for CS2: HTTP error: 400 Client Error: Bad Request for url: https://steamcommunity.com/market/pricehistory/?appid=730&market_hash_name=SCAR-20+%7C+Green+Marine+%28Minimal+Wear%29&currency=1
2025-07-12 12:07:16.696 | DEBUG    | __main__:process_item:250 - Processing price history for MAC-10 | Nuclear Garden (Factory New) (CS2)
2025-07-12 12:07:16.812 | ERROR    | __main__:_fetch_price_history:367 - ❌ HTTP ERROR: Error fetching price history for MAC-10 | Nuclear Garden (Factory New) (CS2): 400 Client Error: Bad Request for url: https://steamcommunity.com/market/pricehistory/?appid=730&market_hash_name=MAC-10+%7C+Nuclear+Garden+%28Factory+New%29&currency=1
2025-07-12 12:07:24.990 | ERROR    | __main__:_fetch_price_history:367 - ❌ HTTP ERROR: Error fetching price history for MAC-10 | Nuclear Garden (Factory New) (CS2): 400 Client Error: Bad Request for url: https://steamcommunity.com/market/pricehistory/?appid=730&market_hash_name=MAC-10+%7C+Nuclear+Garden+%28Factory+New%29&currency=1
2025-07-12 12:07:33.109 | ERROR    | __main__:_fetch_price_history:367 - ❌ HTTP ERROR: Error fetching price history for MAC-10 | Nuclear Garden (Factory New) (CS2): 400 Client Error: Bad Request for url: https://steamcommunity.com/market/pricehistory/?appid=730&market_hash_name=MAC-10+%7C+Nuclear+Garden+%28Factory+New%29&currency=1
2025-07-12 12:07:33.110 | ERROR    | __main__:process_item:318 - ❌ STEAM API ERROR: Failed to fetch price history for MAC-10 | Nuclear Garden (Factory New) (CS2): HTTP error: 400 Client Error: Bad Request for url: https://steamcommunity.com/market/pricehistory/?appid=730&market_hash_name=MAC-10+%7C+Nuclear+Garden+%28Factory+New%29&currency=1
2025-07-12 12:07:33.112 | ERROR    | __main__:run:236 - Worker error for CS2: HTTP error: 400 Client Error: Bad Request for url: https://steamcommunity.com/market/pricehistory/?appid=730&market_hash_name=MAC-10+%7C+Nuclear+Garden+%28Factory+New%29&currency=1
2025-07-12 12:07:34.113 | DEBUG    | __main__:process_item:250 - Processing price history for Glock-18 | Ramese's Reach (Factory New) (CS2)
2025-07-12 12:07:34.276 | ERROR    | __main__:_fetch_price_history:367 - ❌ HTTP ERROR: Error fetching price history for Glock-18 | Ramese's Reach (Factory New) (CS2): 400 Client Error: Bad Request for url: https://steamcommunity.com/market/pricehistory/?appid=730&market_hash_name=Glock-18+%7C+Ramese%27s+Reach+%28Factory+New%29&currency=1
2025-07-12 12:07:42.439 | ERROR    | __main__:_fetch_price_history:367 - ❌ HTTP ERROR: Error fetching price history for Glock-18 | Ramese's Reach (Factory New) (CS2): 400 Client Error: Bad Request for url: https://steamcommunity.com/market/pricehistory/?appid=730&market_hash_name=Glock-18+%7C+Ramese%27s+Reach+%28Factory+New%29&currency=1
2025-07-12 12:07:50.616 | ERROR    | __main__:_fetch_price_history:367 - ❌ HTTP ERROR: Error fetching price history for Glock-18 | Ramese's Reach (Factory New) (CS2): 400 Client Error: Bad Request for url: https://steamcommunity.com/market/pricehistory/?appid=730&market_hash_name=Glock-18+%7C+Ramese%27s+Reach+%28Factory+New%29&currency=1
2025-07-12 12:07:50.618 | ERROR    | __main__:process_item:318 - ❌ STEAM API ERROR: Failed to fetch price history for Glock-18 | Ramese's Reach (Factory New) (CS2): HTTP error: 400 Client Error: Bad Request for url: https://steamcommunity.com/market/pricehistory/?appid=730&market_hash_name=Glock-18+%7C+Ramese%27s+Reach+%28Factory+New%29&currency=1
2025-07-12 12:07:50.618 | ERROR    | __main__:run:236 - Worker error for CS2: HTTP error: 400 Client Error: Bad Request for url: https://steamcommunity.com/market/pricehistory/?appid=730&market_hash_name=Glock-18+%7C+Ramese%27s+Reach+%28Factory+New%29&currency=1
2025-07-12 12:07:51.619 | DEBUG    | __main__:process_item:250 - Processing price history for Glock-18 | Ramese's Reach (Minimal Wear) (CS2)
2025-07-12 12:07:51.760 | ERROR    | __main__:_fetch_price_history:367 - ❌ HTTP ERROR: Error fetching price history for Glock-18 | Ramese's Reach (Minimal Wear) (CS2): 400 Client Error: Bad Request for url: https://steamcommunity.com/market/pricehistory/?appid=730&market_hash_name=Glock-18+%7C+Ramese%27s+Reach+%28Minimal+Wear%29&currency=1
2025-07-12 12:07:59.920 | WARNING  | __main__:_fetch_price_history:363 - 🔄 HTTP RATE LIMITED: Glock-18 | Ramese's Reach (Minimal Wear) (CS2) - will retry with backoff
2025-07-12 12:08:18.097 | WARNING  | __main__:_fetch_price_history:363 - 🔄 HTTP RATE LIMITED: Glock-18 | Ramese's Reach (Minimal Wear) (CS2) - will retry with backoff
2025-07-12 12:08:28.102 | WARNING  | __main__:process_item:315 - 🔄 RATE LIMITED: Glock-18 | Ramese's Reach (Minimal Wear) (CS2) - will retry
2025-07-12 12:08:28.103 | ERROR    | __main__:run:236 - Worker error for CS2: Rate limited: 429 Client Error: Too Many Requests for url: https://steamcommunity.com/market/pricehistory/?appid=730&market_hash_name=Glock-18+%7C+Ramese%27s+Reach+%28Minimal+Wear%29&currency=1
2025-07-12 12:08:29.104 | DEBUG    | __main__:process_item:250 - Processing price history for Glock-18 | Gold Toof (Field-Tested) (CS2)
2025-07-12 12:08:29.271 | WARNING  | __main__:_fetch_price_history:363 - 🔄 HTTP RATE LIMITED: Glock-18 | Gold Toof (Field-Tested) (CS2) - will retry with backoff
2025-07-12 12:08:47.390 | WARNING  | __main__:_fetch_price_history:363 - 🔄 HTTP RATE LIMITED: Glock-18 | Gold Toof (Field-Tested) (CS2) - will retry with backoff
2025-07-12 12:09:05.560 | WARNING  | __main__:_fetch_price_history:363 - 🔄 HTTP RATE LIMITED: Glock-18 | Gold Toof (Field-Tested) (CS2) - will retry with backoff
2025-07-12 12:09:15.562 | WARNING  | __main__:process_item:315 - 🔄 RATE LIMITED: Glock-18 | Gold Toof (Field-Tested) (CS2) - will retry
2025-07-12 12:09:15.563 | ERROR    | __main__:run:236 - Worker error for CS2: Rate limited: 429 Client Error: Too Many Requests for url: https://steamcommunity.com/market/pricehistory/?appid=730&market_hash_name=Glock-18+%7C+Gold+Toof+%28Field-Tested%29&currency=1
2025-07-12 12:09:16.565 | DEBUG    | __main__:process_item:250 - Processing price history for StatTrak™ AUG | Torque (Minimal Wear) (CS2)
2025-07-12 12:09:16.949 | WARNING  | __main__:_fetch_price_history:363 - 🔄 HTTP RATE LIMITED: StatTrak™ AUG | Torque (Minimal Wear) (CS2) - will retry with backoff
2025-07-12 12:09:33.318 | INFO     | __main__:main:808 - Batch processing stopped by user
2025-07-12 12:09:33.319 | INFO     | __main__:demonstrate_queue_usage:677 - Demonstrating queue usage:
2025-07-12 12:09:33.322 | INFO     | __main__:demonstrate_queue_usage:682 -   CS2: 293 items in main queue
2025-07-12 12:09:33.324 | INFO     | __main__:demonstrate_queue_usage:688 - Sample items from CS2 queue:
2025-07-12 12:09:33.326 | INFO     | __main__:demonstrate_queue_usage:690 -   - MarketItem(StatTrak™ SCAR-20 | Enforcer (Battle-Scarred), $0.77, 59 listings)
2025-07-12 12:09:33.328 | INFO     | __main__:demonstrate_queue_usage:690 -   - MarketItem(StatTrak™ Nova | Ranger (Minimal Wear), $0.93, 39 listings)
2025-07-12 12:09:33.329 | INFO     | __main__:demonstrate_queue_usage:690 -   - MarketItem(Tec-9 | Remote Control (Battle-Scarred), $1.45, 153 listings)
2025-07-12 12:09:33.331 | INFO     | __main__:demonstrate_queue_usage:690 -   - MarketItem(G3SG1 | Flux (Field-Tested), $12.43, 55 listings)
2025-07-12 12:09:33.332 | INFO     | __main__:demonstrate_queue_usage:690 -   - MarketItem(Souvenir MAC-10 | Calf Skin (Factory New), $5.78, 50 listings)
2025-07-12 12:09:33.333 | INFO     | __main__:main:815 - Final worker statistics:
2025-07-12 12:09:33.334 | INFO     | __main__:main:817 -   CS2: Processed: 371, Errors: 12
2025-07-12 12:09:33.335 | INFO     | __main__:main:818 -     Price Data - Success: 371, Failed: 10
2025-07-12 12:09:33.336 | INFO     | __main__:main:819 -     Rate Limited: 2, No Data: 0
2025-07-12 12:09:33.338 | INFO     | __main__:main:822 -     Success Rate: 100.0%
2025-07-12 12:09:33.339 | INFO     | __main__:stop_workers:747 - Stopping all workers...
2025-07-12 12:09:35.263 | WARNING  | __main__:_fetch_price_history:363 - 🔄 HTTP RATE LIMITED: StatTrak™ AUG | Torque (Minimal Wear) (CS2) - will retry with backoff
2025-07-12 12:09:43.354 | WARNING  | __main__:stop_workers:753 - Worker for CS2 did not stop gracefully
2025-07-12 12:09:43.356 | INFO     | __main__:stop_workers:755 - All workers stopped
2025-07-12 12:09:53.380 | WARNING  | __main__:_fetch_price_history:363 - 🔄 HTTP RATE LIMITED: StatTrak™ AUG | Torque (Minimal Wear) (CS2) - will retry with backoff
2025-07-12 12:10:03.382 | WARNING  | __main__:process_item:315 - 🔄 RATE LIMITED: StatTrak™ AUG | Torque (Minimal Wear) (CS2) - will retry
2025-07-12 12:10:03.383 | ERROR    | __main__:run:236 - Worker error for CS2: Rate limited: 429 Client Error: Too Many Requests for url: https://steamcommunity.com/market/pricehistory/?appid=730&market_hash_name=StatTrak%E2%84%A2+AUG+%7C+Torque+%28Minimal+Wear%29&currency=1
2025-07-12 12:10:04.385 | INFO     | __main__:run:240 - Worker stopped for CS2. Processed: 371, Errors: 13
2025-07-12 12:10:04.386 | INFO     | __main__:run:241 - Price history summary for CS2:
2025-07-12 12:10:04.386 | INFO     | __main__:run:242 -   - Successfully fetched price data: 371
2025-07-12 12:10:04.387 | INFO     | __main__:run:243 -   - Failed to fetch price data: 10
2025-07-12 12:10:04.387 | INFO     | __main__:run:244 -   - Rate limited requests: 3
2025-07-12 12:10:04.388 | INFO     | __main__:run:245 -   - No price data available: 0
2025-07-12 17:33:12.628 | INFO     | __main__:_load_pagination_state:827 - Pagination state loaded from file
2025-07-12 17:33:12.654 | INFO     | __main__:mark_all_existing_items_recently_processed:222 - 📝 MARKED 1637 EXISTING ITEMS as recently processed
2025-07-12 17:33:12.656 | INFO     | __main__:run:296 - Worker started for CS2
2025-07-12 17:33:12.658 | INFO     | __main__:process_batch:604 - Starting new batch processing cycle
2025-07-12 17:33:12.658 | INFO     | __main__:_process_game_items:647 - Processing items for game: CS2 starting from page 130
2025-07-12 17:33:12.658 | INFO     | __main__:_process_page:674 - Processing page 131 for CS2 (items 1300-1309)
2025-07-12 17:33:14.745 | DEBUG    | __main__:_make_api_request:574 - Response status: 200
2025-07-12 17:33:14.745 | DEBUG    | __main__:_make_api_request:575 - Response headers: {'Server': 'nginx', 'Content-Type': 'application/json; charset=utf-8', 'X-Frame-Options': 'DENY', 'Expires': 'Mon, 26 Jul 1997 05:00:00 GMT', 'Cache-Control': 'no-cache', 'Content-Encoding': 'gzip', 'Vary': 'Accept-Encoding', 'Content-Length': '2404', 'Date': 'Sat, 12 Jul 2025 21:33:14 GMT', 'Connection': 'keep-alive', 'Set-Cookie': 'steamCountry=US%7C6f0f5460af2ff22bf4eb456484cd5dec; path=/; secure; HttpOnly; SameSite=None'}
2025-07-12 17:33:14.751 | DEBUG    | __main__:_make_api_request:576 - Response content (first 500 chars): {"success":true,"start":1300,"pagesize":10,"total_count":24403,"searchdata":{"query":"","search_descriptions":false,"total_count":24403,"pagesize":10,"prefix":"searchResults","class_prefix":"market"},"results":[{"name":"Souvenir AK-47 | Green Laminate (Well-Worn)","hash_name":"Souvenir AK-47 | Green Laminate (Well-Worn)","sell_listings":6,"sell_price":4922,"sell_price_text":"$49.22","app_icon":"https:\/\/cdn.akamai.steamstatic.com\/steamcommunity\/public\/images\/apps\/730\/8dbc71957312bbd3baea6
2025-07-12 17:33:17.754 | DEBUG    | __main__:_process_item:732 - Queued item: MarketItem(Souvenir AK-47 | Green Laminate (Well-Worn), $49.22, 6 listings)
2025-07-12 17:33:17.754 | DEBUG    | __main__:process_item:334 - Processing price history for Souvenir AK-47 | Green Laminate (Well-Worn) (CS2)
2025-07-12 17:33:17.754 | DEBUG    | __main__:_process_item:732 - Queued item: MarketItem(StatTrak™ Desert Eagle | Naga (Well-Worn), $7.01, 70 listings)
2025-07-12 17:33:17.754 | DEBUG    | __main__:_process_item:732 - Queued item: MarketItem(StatTrak™ Tec-9 | Cut Out (Field-Tested), $7.61, 11 listings)
2025-07-12 17:33:17.754 | DEBUG    | __main__:_process_item:732 - Queued item: MarketItem(M249 | O.S.I.P.R. (Well-Worn), $0.27, 72 listings)
2025-07-12 17:33:17.754 | DEBUG    | __main__:_process_item:732 - Queued item: MarketItem(DreamHack 2014 Dust II Souvenir Package, $1149.63, 6 listings)
2025-07-12 17:33:17.754 | DEBUG    | __main__:_process_item:732 - Queued item: MarketItem(PP-Bizon | Death Rattle (Minimal Wear), $0.84, 87 listings)
2025-07-12 17:33:17.754 | DEBUG    | __main__:_process_item:732 - Queued item: MarketItem(StatTrak™ XM1014 | Oxide Blaze (Factory New), $0.99, 105 listings)
2025-07-12 17:33:17.761 | DEBUG    | __main__:_process_item:732 - Queued item: MarketItem(Sir Bloody Darryl Royale | The Professionals, $66.70, 176 listings)
2025-07-12 17:33:17.761 | DEBUG    | __main__:_process_item:732 - Queued item: MarketItem(XM1014 | Ancient Lore (Factory New), $105.16, 3 listings)
2025-07-12 17:33:17.769 | DEBUG    | __main__:_process_item:732 - Queued item: MarketItem(Nova | Polar Mesh (Factory New), $0.29, 99 listings)
2025-07-12 17:33:17.769 | INFO     | __main__:_process_page:688 - Processed 10 items for CS2 page 131
2025-07-12 17:33:17.761 | INFO     | __main__:should_fetch_price_history:161 - 🆕 NEW ITEM: Souvenir AK-47 | Green Laminate (Well-Worn) (730) - will fetch
2025-07-12 17:33:17.774 | INFO     | __main__:_process_page:674 - Processing page 132 for CS2 (items 1310-1319)
2025-07-12 17:33:18.018 | ERROR    | __main__:_fetch_price_history:459 - ❌ HTTP ERROR: Error fetching price history for Souvenir AK-47 | Green Laminate (Well-Worn) (CS2): 400 Client Error: Bad Request for url: https://steamcommunity.com/market/pricehistory/?appid=730&market_hash_name=Souvenir+AK-47+%7C+Green+Laminate+%28Well-Worn%29&currency=1
2025-07-12 17:33:20.456 | DEBUG    | __main__:_make_api_request:574 - Response status: 200
2025-07-12 17:33:20.456 | DEBUG    | __main__:_make_api_request:575 - Response headers: {'Server': 'nginx', 'Content-Type': 'application/json; charset=utf-8', 'X-Frame-Options': 'DENY', 'Expires': 'Mon, 26 Jul 1997 05:00:00 GMT', 'Cache-Control': 'no-cache', 'Content-Encoding': 'gzip', 'Vary': 'Accept-Encoding', 'Content-Length': '2291', 'Date': 'Sat, 12 Jul 2025 21:33:20 GMT', 'Connection': 'keep-alive'}
2025-07-12 17:33:20.456 | DEBUG    | __main__:_make_api_request:576 - Response content (first 500 chars): {"success":true,"start":1310,"pagesize":10,"total_count":24403,"searchdata":{"query":"","search_descriptions":false,"total_count":24403,"pagesize":10,"prefix":"searchResults","class_prefix":"market"},"results":[{"name":"StatTrak™ UMP-45 | Scaffold (Well-Worn)","hash_name":"StatTrak™ UMP-45 | Scaffold (Well-Worn)","sell_listings":64,"sell_price":391,"sell_price_text":"$3.91","app_icon":"https:\/\/cdn.akamai.steamstatic.com\/steamcommunity\/public\/images\/apps\/730\/8dbc71957312bbd3baea65848b545b
2025-07-12 17:33:23.462 | DEBUG    | __main__:_process_item:732 - Queued item: MarketItem(StatTrak™ UMP-45 | Scaffold (Well-Worn), $3.91, 64 listings)
2025-07-12 17:33:23.462 | DEBUG    | __main__:_process_item:732 - Queued item: MarketItem(StatTrak™ AUG | Bengal Tiger (Field-Tested), $21.66, 11 listings)
2025-07-12 17:33:23.462 | DEBUG    | __main__:_process_item:732 - Queued item: MarketItem(Souvenir Galil AR | CAUTION! (Minimal Wear), $42.94, 8 listings)
2025-07-12 17:33:23.467 | DEBUG    | __main__:_process_item:732 - Queued item: MarketItem(StatTrak™ Galil AR | Signal (Minimal Wear), $2.90, 119 listings)
2025-07-12 17:33:23.468 | DEBUG    | __main__:_process_item:732 - Queued item: MarketItem(StatTrak™ Tec-9 | Avalanche (Minimal Wear), $11.68, 19 listings)
2025-07-12 17:33:23.470 | DEBUG    | __main__:_process_item:732 - Queued item: MarketItem(StatTrak™ SSG 08 | Fever Dream (Minimal Wear), $6.00, 69 listings)
2025-07-12 17:33:23.472 | DEBUG    | __main__:_process_item:732 - Queued item: MarketItem(StatTrak™ M4A4 | Tooth Fairy (Minimal Wear), $12.38, 106 listings)
2025-07-12 17:33:23.479 | DEBUG    | __main__:_process_item:732 - Queued item: MarketItem(StatTrak™ XM1014 | Incinegator (Field-Tested), $5.34, 34 listings)
2025-07-12 17:33:23.481 | DEBUG    | __main__:_process_item:732 - Queued item: MarketItem(StatTrak™ AWP | Mortis (Minimal Wear), $11.35, 110 listings)
2025-07-12 17:33:23.483 | DEBUG    | __main__:_process_item:732 - Queued item: MarketItem(StatTrak™ P2000 | Imperial Dragon (Field-Tested), $8.78, 47 listings)
2025-07-12 17:33:23.487 | INFO     | __main__:_process_page:688 - Processed 10 items for CS2 page 132
2025-07-12 17:33:23.493 | INFO     | __main__:_process_page:674 - Processing page 133 for CS2 (items 1320-1329)
2025-07-12 17:33:25.940 | DEBUG    | __main__:_make_api_request:574 - Response status: 200
2025-07-12 17:33:25.942 | DEBUG    | __main__:_make_api_request:575 - Response headers: {'Server': 'nginx', 'Content-Type': 'application/json; charset=utf-8', 'X-Frame-Options': 'DENY', 'Expires': 'Mon, 26 Jul 1997 05:00:00 GMT', 'Cache-Control': 'no-cache', 'Content-Encoding': 'gzip', 'Vary': 'Accept-Encoding', 'Content-Length': '2333', 'Date': 'Sat, 12 Jul 2025 21:33:25 GMT', 'Connection': 'keep-alive'}
2025-07-12 17:33:25.943 | DEBUG    | __main__:_make_api_request:576 - Response content (first 500 chars): {"success":true,"start":1320,"pagesize":10,"total_count":24403,"searchdata":{"query":"","search_descriptions":false,"total_count":24403,"pagesize":10,"prefix":"searchResults","class_prefix":"market"},"results":[{"name":"Desert Eagle | Urban Rubble (Battle-Scarred)","hash_name":"Desert Eagle | Urban Rubble (Battle-Scarred)","sell_listings":163,"sell_price":64,"sell_price_text":"$0.64","app_icon":"https:\/\/cdn.akamai.steamstatic.com\/steamcommunity\/public\/images\/apps\/730\/8dbc71957312bbd3baea
2025-07-12 17:33:26.172 | ERROR    | __main__:_fetch_price_history:459 - ❌ HTTP ERROR: Error fetching price history for Souvenir AK-47 | Green Laminate (Well-Worn) (CS2): 400 Client Error: Bad Request for url: https://steamcommunity.com/market/pricehistory/?appid=730&market_hash_name=Souvenir+AK-47+%7C+Green+Laminate+%28Well-Worn%29&currency=1
2025-07-12 17:33:28.944 | DEBUG    | __main__:_process_item:732 - Queued item: MarketItem(Desert Eagle | Urban Rubble (Battle-Scarred), $0.64, 163 listings)
2025-07-12 17:33:28.944 | DEBUG    | __main__:_process_item:732 - Queued item: MarketItem(StatTrak™ MP7 | Guerrilla (Battle-Scarred), $1.28, 41 listings)
2025-07-12 17:33:28.944 | DEBUG    | __main__:_process_item:732 - Queued item: MarketItem(StatTrak™ Tec-9 | Re-Entry (Well-Worn), $1.75, 25 listings)
2025-07-12 17:33:28.944 | DEBUG    | __main__:_process_item:732 - Queued item: MarketItem(Sir Bloody Loudmouth Darryl | The Professionals, $104.02, 153 listings)
2025-07-12 17:33:28.949 | DEBUG    | __main__:_process_item:732 - Queued item: MarketItem(Souvenir Five-SeveN | Hot Shot (Minimal Wear), $12.07, 77 listings)
2025-07-12 17:33:28.951 | DEBUG    | __main__:_process_item:732 - Queued item: MarketItem(StatTrak™ P2000 | Acid Etched (Battle-Scarred), $0.89, 159 listings)
2025-07-12 17:33:28.951 | DEBUG    | __main__:_process_item:732 - Queued item: MarketItem(Rio 2022 Ancient Souvenir Package, $4.91, 127 listings)
2025-07-12 17:33:28.953 | DEBUG    | __main__:_process_item:732 - Queued item: MarketItem(Antwerp 2022 Nuke Souvenir Package, $3.70, 76 listings)
2025-07-12 17:33:28.954 | DEBUG    | __main__:_process_item:732 - Queued item: MarketItem(Antwerp 2022 Inferno Souvenir Package, $4.25, 57 listings)
2025-07-12 17:33:28.954 | DEBUG    | __main__:_process_item:732 - Queued item: MarketItem(Stockholm 2021 Nuke Souvenir Package, $4.20, 126 listings)
2025-07-12 17:33:28.954 | INFO     | __main__:_process_page:688 - Processed 10 items for CS2 page 133
2025-07-12 17:33:28.959 | INFO     | __main__:process_batch:615 - Queue statistics after batch:
2025-07-12 17:33:28.961 | INFO     | __main__:process_batch:617 -   CS2: Main queue: 29, Priority queue: 30
2025-07-12 17:33:28.961 | INFO     | __main__:process_batch:621 - Worker statistics:
2025-07-12 17:33:28.961 | INFO     | __main__:process_batch:623 -   CS2: Processed: 0, Errors: 0, Alive: True
2025-07-12 17:33:28.961 | INFO     | __main__:process_batch:626 - Price history processing summary:
2025-07-12 17:33:28.967 | INFO     | __main__:process_batch:628 -   CS2:
2025-07-12 17:33:28.967 | INFO     | __main__:process_batch:629 -     ✓ Successfully fetched: 0
2025-07-12 17:33:28.967 | INFO     | __main__:process_batch:630 -     ❌ Failed to fetch: 0
2025-07-12 17:33:28.976 | INFO     | __main__:process_batch:631 -     🔄 Rate limited: 0
2025-07-12 17:33:28.976 | INFO     | __main__:process_batch:632 -     ⚠ No data available: 0
2025-07-12 17:33:28.982 | DEBUG    | __main__:_save_pagination_state:800 - Pagination state saved
2025-07-12 17:33:28.987 | INFO     | __main__:process_batch:640 - Batch processing completed. Waiting 5 minutes before next batch.
2025-07-12 17:33:34.324 | ERROR    | __main__:_fetch_price_history:459 - ❌ HTTP ERROR: Error fetching price history for Souvenir AK-47 | Green Laminate (Well-Worn) (CS2): 400 Client Error: Bad Request for url: https://steamcommunity.com/market/pricehistory/?appid=730&market_hash_name=Souvenir+AK-47+%7C+Green+Laminate+%28Well-Worn%29&currency=1
2025-07-12 17:33:34.324 | ERROR    | __main__:process_item:410 - ❌ STEAM API ERROR: Failed to fetch price history for Souvenir AK-47 | Green Laminate (Well-Worn) (CS2): HTTP error: 400 Client Error: Bad Request for url: https://steamcommunity.com/market/pricehistory/?appid=730&market_hash_name=Souvenir+AK-47+%7C+Green+Laminate+%28Well-Worn%29&currency=1
2025-07-12 17:33:34.324 | ERROR    | __main__:run:320 - Worker error for CS2: HTTP error: 400 Client Error: Bad Request for url: https://steamcommunity.com/market/pricehistory/?appid=730&market_hash_name=Souvenir+AK-47+%7C+Green+Laminate+%28Well-Worn%29&currency=1
2025-07-12 17:33:35.330 | DEBUG    | __main__:process_item:334 - Processing price history for StatTrak™ Desert Eagle | Naga (Well-Worn) (CS2)
2025-07-12 17:33:35.335 | INFO     | __main__:should_fetch_price_history:161 - 🆕 NEW ITEM: StatTrak™ Desert Eagle | Naga (Well-Worn) (730) - will fetch
2025-07-12 17:33:35.500 | ERROR    | __main__:_fetch_price_history:459 - ❌ HTTP ERROR: Error fetching price history for StatTrak™ Desert Eagle | Naga (Well-Worn) (CS2): 400 Client Error: Bad Request for url: https://steamcommunity.com/market/pricehistory/?appid=730&market_hash_name=StatTrak%E2%84%A2+Desert+Eagle+%7C+Naga+%28Well-Worn%29&currency=1
2025-07-12 17:33:43.659 | ERROR    | __main__:_fetch_price_history:459 - ❌ HTTP ERROR: Error fetching price history for StatTrak™ Desert Eagle | Naga (Well-Worn) (CS2): 400 Client Error: Bad Request for url: https://steamcommunity.com/market/pricehistory/?appid=730&market_hash_name=StatTrak%E2%84%A2+Desert+Eagle+%7C+Naga+%28Well-Worn%29&currency=1
2025-07-12 17:33:51.822 | ERROR    | __main__:_fetch_price_history:459 - ❌ HTTP ERROR: Error fetching price history for StatTrak™ Desert Eagle | Naga (Well-Worn) (CS2): 400 Client Error: Bad Request for url: https://steamcommunity.com/market/pricehistory/?appid=730&market_hash_name=StatTrak%E2%84%A2+Desert+Eagle+%7C+Naga+%28Well-Worn%29&currency=1
2025-07-12 17:33:51.822 | ERROR    | __main__:process_item:410 - ❌ STEAM API ERROR: Failed to fetch price history for StatTrak™ Desert Eagle | Naga (Well-Worn) (CS2): HTTP error: 400 Client Error: Bad Request for url: https://steamcommunity.com/market/pricehistory/?appid=730&market_hash_name=StatTrak%E2%84%A2+Desert+Eagle+%7C+Naga+%28Well-Worn%29&currency=1
2025-07-12 17:33:51.822 | ERROR    | __main__:run:320 - Worker error for CS2: HTTP error: 400 Client Error: Bad Request for url: https://steamcommunity.com/market/pricehistory/?appid=730&market_hash_name=StatTrak%E2%84%A2+Desert+Eagle+%7C+Naga+%28Well-Worn%29&currency=1
2025-07-12 17:33:52.827 | DEBUG    | __main__:process_item:334 - Processing price history for StatTrak™ Tec-9 | Cut Out (Field-Tested) (CS2)
2025-07-12 17:33:52.827 | INFO     | __main__:should_fetch_price_history:161 - 🆕 NEW ITEM: StatTrak™ Tec-9 | Cut Out (Field-Tested) (730) - will fetch
2025-07-12 17:33:52.976 | ERROR    | __main__:_fetch_price_history:459 - ❌ HTTP ERROR: Error fetching price history for StatTrak™ Tec-9 | Cut Out (Field-Tested) (CS2): 400 Client Error: Bad Request for url: https://steamcommunity.com/market/pricehistory/?appid=730&market_hash_name=StatTrak%E2%84%A2+Tec-9+%7C+Cut+Out+%28Field-Tested%29&currency=1
2025-07-12 17:34:01.212 | ERROR    | __main__:_fetch_price_history:459 - ❌ HTTP ERROR: Error fetching price history for StatTrak™ Tec-9 | Cut Out (Field-Tested) (CS2): 400 Client Error: Bad Request for url: https://steamcommunity.com/market/pricehistory/?appid=730&market_hash_name=StatTrak%E2%84%A2+Tec-9+%7C+Cut+Out+%28Field-Tested%29&currency=1
2025-07-12 17:34:09.434 | ERROR    | __main__:_fetch_price_history:459 - ❌ HTTP ERROR: Error fetching price history for StatTrak™ Tec-9 | Cut Out (Field-Tested) (CS2): 400 Client Error: Bad Request for url: https://steamcommunity.com/market/pricehistory/?appid=730&market_hash_name=StatTrak%E2%84%A2+Tec-9+%7C+Cut+Out+%28Field-Tested%29&currency=1
2025-07-12 17:34:09.435 | ERROR    | __main__:process_item:410 - ❌ STEAM API ERROR: Failed to fetch price history for StatTrak™ Tec-9 | Cut Out (Field-Tested) (CS2): HTTP error: 400 Client Error: Bad Request for url: https://steamcommunity.com/market/pricehistory/?appid=730&market_hash_name=StatTrak%E2%84%A2+Tec-9+%7C+Cut+Out+%28Field-Tested%29&currency=1
2025-07-12 17:34:09.436 | ERROR    | __main__:run:320 - Worker error for CS2: HTTP error: 400 Client Error: Bad Request for url: https://steamcommunity.com/market/pricehistory/?appid=730&market_hash_name=StatTrak%E2%84%A2+Tec-9+%7C+Cut+Out+%28Field-Tested%29&currency=1
2025-07-12 17:34:10.438 | DEBUG    | __main__:process_item:334 - Processing price history for M249 | O.S.I.P.R. (Well-Worn) (CS2)
2025-07-12 17:34:10.761 | INFO     | __main__:should_fetch_price_history:173 - ⏭️ SKIPPED: M249 | O.S.I.P.R. (Well-Worn) (730) - updated 2025-07-12 21:33 (1652 data points)
2025-07-12 17:34:10.761 | DEBUG    | __main__:process_item:334 - Processing price history for DreamHack 2014 Dust II Souvenir Package (CS2)
2025-07-12 17:34:10.776 | INFO     | __main__:should_fetch_price_history:161 - 🆕 NEW ITEM: DreamHack 2014 Dust II Souvenir Package (730) - will fetch
2025-07-12 17:34:10.918 | ERROR    | __main__:_fetch_price_history:459 - ❌ HTTP ERROR: Error fetching price history for DreamHack 2014 Dust II Souvenir Package (CS2): 400 Client Error: Bad Request for url: https://steamcommunity.com/market/pricehistory/?appid=730&market_hash_name=DreamHack+2014+Dust+II+Souvenir+Package&currency=1
2025-07-12 17:34:17.231 | INFO     | __main__:main:903 - Batch processing stopped by user
2025-07-12 17:34:17.231 | INFO     | __main__:demonstrate_queue_usage:772 - Demonstrating queue usage:
2025-07-12 17:34:17.231 | INFO     | __main__:demonstrate_queue_usage:777 -   CS2: 25 items in main queue
2025-07-12 17:34:17.231 | INFO     | __main__:demonstrate_queue_usage:783 - Sample items from CS2 queue:
2025-07-12 17:34:17.231 | INFO     | __main__:demonstrate_queue_usage:785 -   - MarketItem(PP-Bizon | Death Rattle (Minimal Wear), $0.84, 87 listings)
2025-07-12 17:34:17.231 | INFO     | __main__:demonstrate_queue_usage:785 -   - MarketItem(StatTrak™ XM1014 | Oxide Blaze (Factory New), $0.99, 105 listings)
2025-07-12 17:34:17.231 | INFO     | __main__:demonstrate_queue_usage:785 -   - MarketItem(Sir Bloody Darryl Royale | The Professionals, $66.70, 176 listings)
2025-07-12 17:34:17.231 | INFO     | __main__:demonstrate_queue_usage:785 -   - MarketItem(XM1014 | Ancient Lore (Factory New), $105.16, 3 listings)
2025-07-12 17:34:17.239 | INFO     | __main__:demonstrate_queue_usage:785 -   - MarketItem(Nova | Polar Mesh (Factory New), $0.29, 99 listings)
2025-07-12 17:34:17.241 | INFO     | __main__:main:910 - Final worker statistics:
2025-07-12 17:34:17.241 | INFO     | __main__:main:912 -   CS2: Processed: 1, Errors: 3
2025-07-12 17:34:17.246 | INFO     | __main__:main:913 -     Price Data - Success: 0, Failed: 3
2025-07-12 17:34:17.248 | INFO     | __main__:main:914 -     Rate Limited: 0, No Data: 0
2025-07-12 17:34:17.248 | INFO     | __main__:main:917 -     Success Rate: 0.0%
2025-07-12 17:34:17.248 | INFO     | __main__:stop_workers:842 - Stopping all workers...
2025-07-12 17:34:19.143 | ERROR    | __main__:_fetch_price_history:459 - ❌ HTTP ERROR: Error fetching price history for DreamHack 2014 Dust II Souvenir Package (CS2): 400 Client Error: Bad Request for url: https://steamcommunity.com/market/pricehistory/?appid=730&market_hash_name=DreamHack+2014+Dust+II+Souvenir+Package&currency=1
2025-07-12 17:34:27.252 | WARNING  | __main__:stop_workers:848 - Worker for CS2 did not stop gracefully
2025-07-12 17:34:27.252 | INFO     | __main__:stop_workers:850 - All workers stopped
2025-07-12 17:34:27.335 | ERROR    | __main__:_fetch_price_history:459 - ❌ HTTP ERROR: Error fetching price history for DreamHack 2014 Dust II Souvenir Package (CS2): 400 Client Error: Bad Request for url: https://steamcommunity.com/market/pricehistory/?appid=730&market_hash_name=DreamHack+2014+Dust+II+Souvenir+Package&currency=1
2025-07-12 17:34:27.335 | ERROR    | __main__:process_item:410 - ❌ STEAM API ERROR: Failed to fetch price history for DreamHack 2014 Dust II Souvenir Package (CS2): HTTP error: 400 Client Error: Bad Request for url: https://steamcommunity.com/market/pricehistory/?appid=730&market_hash_name=DreamHack+2014+Dust+II+Souvenir+Package&currency=1
2025-07-12 17:34:27.335 | ERROR    | __main__:run:320 - Worker error for CS2: HTTP error: 400 Client Error: Bad Request for url: https://steamcommunity.com/market/pricehistory/?appid=730&market_hash_name=DreamHack+2014+Dust+II+Souvenir+Package&currency=1
2025-07-12 17:34:28.338 | INFO     | __main__:run:324 - Worker stopped for CS2. Processed: 1, Errors: 4
2025-07-12 17:34:28.340 | INFO     | __main__:run:325 - Price history summary for CS2:
2025-07-12 17:34:28.340 | INFO     | __main__:run:326 -   - Successfully fetched price data: 0
2025-07-12 17:34:28.340 | INFO     | __main__:run:327 -   - Failed to fetch price data: 4
2025-07-12 17:34:28.340 | INFO     | __main__:run:328 -   - Rate limited requests: 0
2025-07-12 17:34:28.340 | INFO     | __main__:run:329 -   - No price data available: 0
2025-07-12 17:51:18.118 | INFO     | __main__:_load_pagination_state:838 - Pagination state loaded from file
2025-07-12 17:51:18.141 | INFO     | __main__:mark_all_existing_items_recently_processed:222 - 📝 MARKED 1637 EXISTING ITEMS as recently processed
2025-07-12 17:51:18.143 | INFO     | __main__:run:296 - Worker started for CS2
2025-07-12 17:51:18.144 | INFO     | __main__:process_batch:615 - Starting new batch processing cycle
2025-07-12 17:51:18.146 | INFO     | __main__:_process_game_items:658 - Processing items for game: CS2 starting from page 133
2025-07-12 17:51:18.147 | INFO     | __main__:_process_page:685 - Processing page 134 for CS2 (items 1330-1339)
2025-07-12 17:51:20.449 | DEBUG    | __main__:_make_api_request:585 - Response status: 200
2025-07-12 17:51:20.450 | DEBUG    | __main__:_make_api_request:586 - Response headers: {'Server': 'nginx', 'Content-Type': 'application/json; charset=utf-8', 'X-Frame-Options': 'DENY', 'Expires': 'Mon, 26 Jul 1997 05:00:00 GMT', 'Cache-Control': 'no-cache', 'Content-Encoding': 'gzip', 'Vary': 'Accept-Encoding', 'Content-Length': '2347', 'Date': 'Sat, 12 Jul 2025 21:51:20 GMT', 'Connection': 'keep-alive', 'Set-Cookie': 'steamCountry=US%7C6f0f5460af2ff22bf4eb456484cd5dec; path=/; secure; HttpOnly; SameSite=None'}
2025-07-12 17:51:20.451 | DEBUG    | __main__:_make_api_request:587 - Response content (first 500 chars): {"success":true,"start":1330,"pagesize":10,"total_count":24405,"searchdata":{"query":"","search_descriptions":false,"total_count":24405,"pagesize":10,"prefix":"searchResults","class_prefix":"market"},"results":[{"name":"Souvenir MAG-7 | Sand Dune (Minimal Wear)","hash_name":"Souvenir MAG-7 | Sand Dune (Minimal Wear)","sell_listings":193,"sell_price":162,"sell_price_text":"$1.62","app_icon":"https:\/\/cdn.akamai.steamstatic.com\/steamcommunity\/public\/images\/apps\/730\/8dbc71957312bbd3baea65848
2025-07-12 17:51:23.455 | DEBUG    | __main__:_process_item:743 - Queued item: MarketItem(Souvenir MAG-7 | Sand Dune (Minimal Wear), $1.62, 193 listings)
2025-07-12 17:51:23.455 | DEBUG    | __main__:process_item:334 - Processing price history for Souvenir MAG-7 | Sand Dune (Minimal Wear) (CS2)
2025-07-12 17:51:23.456 | DEBUG    | __main__:_process_item:743 - Queued item: MarketItem(StatTrak™ AUG | Amber Slipstream (Factory New), $1.77, 123 listings)
2025-07-12 17:51:23.457 | DEBUG    | __main__:_process_item:743 - Queued item: MarketItem(StatTrak™ Galil AR | Kami (Field-Tested), $2.92, 182 listings)
2025-07-12 17:51:23.457 | DEBUG    | __main__:_process_item:743 - Queued item: MarketItem(Nova | Exo (Well-Worn), $0.36, 60 listings)
2025-07-12 17:51:23.457 | DEBUG    | __main__:_process_item:743 - Queued item: MarketItem(Sir Bloody Darryl Royale | The Professionals, $65.00, 177 listings)
2025-07-12 17:51:23.459 | DEBUG    | __main__:_process_item:743 - Queued item: MarketItem(StatTrak™ Glock-18 | Water Elemental (Field-Tested), $26.74, 41 listings)
2025-07-12 17:51:23.462 | DEBUG    | __main__:_process_item:743 - Queued item: MarketItem(StatTrak™ G3SG1 | Digital Mesh (Factory New), $4.61, 20 listings)
2025-07-12 17:51:23.459 | INFO     | __main__:should_fetch_price_history:161 - 🆕 NEW ITEM: Souvenir MAG-7 | Sand Dune (Minimal Wear) (730) - will fetch
2025-07-12 17:51:23.462 | DEBUG    | __main__:_process_item:743 - Queued item: MarketItem(StatTrak™ Dual Berettas | Elite 1.6 (Factory New), $1.76, 69 listings)
2025-07-12 17:51:23.467 | DEBUG    | __main__:_process_item:743 - Queued item: MarketItem(StatTrak™ SCAR-20 | Bloodsport (Factory New), $26.86, 16 listings)
2025-07-12 17:51:23.469 | DEBUG    | __main__:_process_item:743 - Queued item: MarketItem(Souvenir SSG 08 | Hand Brake (Minimal Wear), $4.69, 43 listings)
2025-07-12 17:51:23.470 | INFO     | __main__:_process_page:699 - Processed 10 items for CS2 page 134
2025-07-12 17:51:23.472 | INFO     | __main__:_process_page:685 - Processing page 135 for CS2 (items 1340-1349)
2025-07-12 17:51:23.629 | ERROR    | __main__:_fetch_price_history:470 - ❌ HTTP ERROR: Error fetching price history for Souvenir MAG-7 | Sand Dune (Minimal Wear) (CS2): 400 Client Error: Bad Request for url: https://steamcommunity.com/market/pricehistory/?appid=730&market_hash_name=Souvenir%20MAG-7%20%7C%20Sand%20Dune%20%28Minimal%20Wear%29&currency=1
2025-07-12 17:51:25.919 | INFO     | __main__:main:914 - Batch processing stopped by user
2025-07-12 17:51:25.920 | INFO     | __main__:demonstrate_queue_usage:783 - Demonstrating queue usage:
2025-07-12 17:51:25.920 | INFO     | __main__:demonstrate_queue_usage:788 -   CS2: 9 items in main queue
2025-07-12 17:51:25.921 | INFO     | __main__:demonstrate_queue_usage:794 - Sample items from CS2 queue:
2025-07-12 17:51:25.921 | INFO     | __main__:demonstrate_queue_usage:796 -   - MarketItem(StatTrak™ AUG | Amber Slipstream (Factory New), $1.77, 123 listings)
2025-07-12 17:51:25.922 | INFO     | __main__:demonstrate_queue_usage:796 -   - MarketItem(StatTrak™ Galil AR | Kami (Field-Tested), $2.92, 182 listings)
2025-07-12 17:51:25.923 | INFO     | __main__:demonstrate_queue_usage:796 -   - MarketItem(Nova | Exo (Well-Worn), $0.36, 60 listings)
2025-07-12 17:51:25.924 | INFO     | __main__:demonstrate_queue_usage:796 -   - MarketItem(Sir Bloody Darryl Royale | The Professionals, $65.00, 177 listings)
2025-07-12 17:51:25.924 | INFO     | __main__:demonstrate_queue_usage:796 -   - MarketItem(StatTrak™ Glock-18 | Water Elemental (Field-Tested), $26.74, 41 listings)
2025-07-12 17:51:25.925 | INFO     | __main__:main:921 - Final worker statistics:
2025-07-12 17:51:25.926 | INFO     | __main__:main:923 -   CS2: Processed: 0, Errors: 0
2025-07-12 17:51:25.927 | INFO     | __main__:main:924 -     Price Data - Success: 0, Failed: 0
2025-07-12 17:51:25.928 | INFO     | __main__:main:925 -     Rate Limited: 0, No Data: 0
2025-07-12 17:51:25.930 | INFO     | __main__:stop_workers:853 - Stopping all workers...
2025-07-12 17:51:32.389 | ERROR    | __main__:_fetch_price_history:470 - ❌ HTTP ERROR: Error fetching price history for Souvenir MAG-7 | Sand Dune (Minimal Wear) (CS2): 400 Client Error: Bad Request for url: https://steamcommunity.com/market/pricehistory/?appid=730&market_hash_name=Souvenir%20MAG-7%20%7C%20Sand%20Dune%20%28Minimal%20Wear%29&currency=1
2025-07-12 17:51:35.932 | WARNING  | __main__:stop_workers:859 - Worker for CS2 did not stop gracefully
2025-07-12 17:51:35.933 | INFO     | __main__:stop_workers:861 - All workers stopped
2025-07-12 17:51:40.672 | ERROR    | __main__:_fetch_price_history:470 - ❌ HTTP ERROR: Error fetching price history for Souvenir MAG-7 | Sand Dune (Minimal Wear) (CS2): 400 Client Error: Bad Request for url: https://steamcommunity.com/market/pricehistory/?appid=730&market_hash_name=Souvenir%20MAG-7%20%7C%20Sand%20Dune%20%28Minimal%20Wear%29&currency=1
2025-07-12 17:51:40.674 | ERROR    | __main__:process_item:410 - ❌ STEAM API ERROR: Failed to fetch price history for Souvenir MAG-7 | Sand Dune (Minimal Wear) (CS2): HTTP error: 400 Client Error: Bad Request for url: https://steamcommunity.com/market/pricehistory/?appid=730&market_hash_name=Souvenir%20MAG-7%20%7C%20Sand%20Dune%20%28Minimal%20Wear%29&currency=1
2025-07-12 17:51:40.675 | ERROR    | __main__:run:320 - Worker error for CS2: HTTP error: 400 Client Error: Bad Request for url: https://steamcommunity.com/market/pricehistory/?appid=730&market_hash_name=Souvenir%20MAG-7%20%7C%20Sand%20Dune%20%28Minimal%20Wear%29&currency=1
2025-07-12 17:51:41.676 | INFO     | __main__:run:324 - Worker stopped for CS2. Processed: 0, Errors: 1
2025-07-12 17:51:41.677 | INFO     | __main__:run:325 - Price history summary for CS2:
2025-07-12 17:51:41.678 | INFO     | __main__:run:326 -   - Successfully fetched price data: 0
2025-07-12 17:51:41.680 | INFO     | __main__:run:327 -   - Failed to fetch price data: 1
2025-07-12 17:51:41.682 | INFO     | __main__:run:328 -   - Rate limited requests: 0
2025-07-12 17:51:41.684 | INFO     | __main__:run:329 -   - No price data available: 0
